DEBUG - 2017-10-18 00:51:35 --> UTF-8 Support Enabled
DEBUG - 2017-10-18 00:51:35 --> No URI present. Default controller set.
DEBUG - 2017-10-18 00:51:35 --> Global POST, GET and COOKIE data sanitized
DEBUG - 2017-10-18 00:51:35 --> Config file loaded: /home/data/wwwroot/My_CodeIgniter/application/config/twig.php
DEBUG - 2017-10-18 00:51:35 --> Total execution time: 0.0540
DEBUG - 2017-10-18 04:02:18 --> UTF-8 Support Enabled
DEBUG - 2017-10-18 04:02:18 --> Global POST, GET and COOKIE data sanitized
ERROR - 2017-10-18 04:02:18 --> 404 Page Not Found: Robotstxt/index
DEBUG - 2017-10-18 06:45:56 --> UTF-8 Support Enabled
DEBUG - 2017-10-18 06:45:56 --> No URI present. Default controller set.
DEBUG - 2017-10-18 06:45:56 --> Global POST, GET and COOKIE data sanitized
DEBUG - 2017-10-18 06:45:56 --> Config file loaded: /home/data/wwwroot/My_CodeIgniter/application/config/twig.php
DEBUG - 2017-10-18 06:45:56 --> Total execution time: 0.0286
DEBUG - 2017-10-18 10:46:57 --> UTF-8 Support Enabled
DEBUG - 2017-10-18 10:46:57 --> No URI present. Default controller set.
DEBUG - 2017-10-18 10:46:57 --> Global POST, GET and COOKIE data sanitized
DEBUG - 2017-10-18 10:46:57 --> Config file loaded: /home/data/wwwroot/My_CodeIgniter/application/config/twig.php
DEBUG - 2017-10-18 10:46:57 --> Total execution time: 0.0381
DEBUG - 2017-10-18 10:46:58 --> UTF-8 Support Enabled
DEBUG - 2017-10-18 10:46:58 --> No URI present. Default controller set.
DEBUG - 2017-10-18 10:46:58 --> Global POST, GET and COOKIE data sanitized
DEBUG - 2017-10-18 10:46:58 --> Config file loaded: /home/data/wwwroot/My_CodeIgniter/application/config/twig.php
DEBUG - 2017-10-18 10:46:58 --> Total execution time: 0.0346
DEBUG - 2017-10-18 12:12:42 --> UTF-8 Support Enabled
DEBUG - 2017-10-18 12:12:42 --> Global POST, GET and COOKIE data sanitized
ERROR - 2017-10-18 12:12:42 --> 404 Page Not Found: Robotstxt/index
DEBUG - 2017-10-18 12:12:43 --> UTF-8 Support Enabled
DEBUG - 2017-10-18 12:12:43 --> No URI present. Default controller set.
DEBUG - 2017-10-18 12:12:43 --> Global POST, GET and COOKIE data sanitized
DEBUG - 2017-10-18 12:12:43 --> Config file loaded: /home/data/wwwroot/My_CodeIgniter/application/config/twig.php
DEBUG - 2017-10-18 12:12:43 --> Total execution time: 0.0288
DEBUG - 2017-10-18 20:13:34 --> UTF-8 Support Enabled
DEBUG - 2017-10-18 20:13:34 --> Global POST, GET and COOKIE data sanitized
ERROR - 2017-10-18 20:13:34 --> 404 Page Not Found: Robotstxt/index
DEBUG - 2017-10-18 20:13:38 --> UTF-8 Support Enabled
DEBUG - 2017-10-18 20:13:38 --> No URI present. Default controller set.
DEBUG - 2017-10-18 20:13:38 --> Global POST, GET and COOKIE data sanitized
DEBUG - 2017-10-18 20:13:38 --> Config file loaded: /home/data/wwwroot/My_CodeIgniter/application/config/twig.php
DEBUG - 2017-10-18 20:13:38 --> Total execution time: 0.0275
