DEBUG - 2017-10-23 01:51:39 --> UTF-8 Support Enabled
DEBUG - 2017-10-23 01:51:39 --> Global POST, GET and COOKIE data sanitized
ERROR - 2017-10-23 01:51:39 --> 404 Page Not Found: Robotstxt/index
DEBUG - 2017-10-23 04:39:59 --> UTF-8 Support Enabled
DEBUG - 2017-10-23 04:39:59 --> No URI present. Default controller set.
DEBUG - 2017-10-23 04:39:59 --> Global POST, GET and COOKIE data sanitized
DEBUG - 2017-10-23 04:39:59 --> Config file loaded: /home/data/wwwroot/My_CodeIgniter/application/config/twig.php
DEBUG - 2017-10-23 04:39:59 --> Total execution time: 0.0286
DEBUG - 2017-10-23 08:40:51 --> UTF-8 Support Enabled
DEBUG - 2017-10-23 08:40:51 --> Global POST, GET and COOKIE data sanitized
ERROR - 2017-10-23 08:40:51 --> 404 Page Not Found: Robotstxt/index
DEBUG - 2017-10-23 08:43:47 --> UTF-8 Support Enabled
DEBUG - 2017-10-23 08:43:47 --> No URI present. Default controller set.
DEBUG - 2017-10-23 08:43:47 --> Global POST, GET and COOKIE data sanitized
DEBUG - 2017-10-23 08:43:47 --> Config file loaded: /home/data/wwwroot/My_CodeIgniter/application/config/twig.php
DEBUG - 2017-10-23 08:43:47 --> Total execution time: 0.0336
DEBUG - 2017-10-23 16:15:00 --> UTF-8 Support Enabled
DEBUG - 2017-10-23 16:15:00 --> No URI present. Default controller set.
DEBUG - 2017-10-23 16:15:00 --> Global POST, GET and COOKIE data sanitized
DEBUG - 2017-10-23 16:15:00 --> Config file loaded: /home/data/wwwroot/My_CodeIgniter/application/config/twig.php
DEBUG - 2017-10-23 16:15:00 --> Total execution time: 0.0264
