DEBUG - 2017-10-06 06:55:23 --> UTF-8 Support Enabled
DEBUG - 2017-10-06 06:55:23 --> Global POST, GET and COOKIE data sanitized
ERROR - 2017-10-06 06:55:23 --> 404 Page Not Found: Robotstxt/index
DEBUG - 2017-10-06 09:01:10 --> UTF-8 Support Enabled
DEBUG - 2017-10-06 09:01:10 --> No URI present. Default controller set.
DEBUG - 2017-10-06 09:01:10 --> Global POST, GET and COOKIE data sanitized
DEBUG - 2017-10-06 09:01:10 --> Config file loaded: /home/data/wwwroot/My_CodeIgniter/application/config/twig.php
DEBUG - 2017-10-06 09:01:10 --> Total execution time: 0.2555
DEBUG - 2017-10-06 15:09:49 --> UTF-8 Support Enabled
DEBUG - 2017-10-06 15:09:49 --> No URI present. Default controller set.
DEBUG - 2017-10-06 15:09:49 --> Global POST, GET and COOKIE data sanitized
DEBUG - 2017-10-06 15:09:49 --> Config file loaded: /home/data/wwwroot/My_CodeIgniter/application/config/twig.php
DEBUG - 2017-10-06 15:09:49 --> Total execution time: 0.0274
DEBUG - 2017-10-06 19:04:07 --> UTF-8 Support Enabled
DEBUG - 2017-10-06 19:04:07 --> No URI present. Default controller set.
DEBUG - 2017-10-06 19:04:07 --> Global POST, GET and COOKIE data sanitized
DEBUG - 2017-10-06 19:04:07 --> Config file loaded: /home/data/wwwroot/My_CodeIgniter/application/config/twig.php
DEBUG - 2017-10-06 19:04:07 --> Total execution time: 0.0275
DEBUG - 2017-10-06 20:39:09 --> UTF-8 Support Enabled
DEBUG - 2017-10-06 20:39:09 --> No URI present. Default controller set.
DEBUG - 2017-10-06 20:39:09 --> Global POST, GET and COOKIE data sanitized
DEBUG - 2017-10-06 20:39:09 --> Config file loaded: /home/data/wwwroot/My_CodeIgniter/application/config/twig.php
DEBUG - 2017-10-06 20:39:09 --> Total execution time: 0.0556
