DEBUG - 2017-10-05 08:05:10 --> UTF-8 Support Enabled
DEBUG - 2017-10-05 08:05:10 --> Global POST, GET and COOKIE data sanitized
ERROR - 2017-10-05 08:05:10 --> 404 Page Not Found: Robotstxt/index
DEBUG - 2017-10-05 19:29:25 --> UTF-8 Support Enabled
DEBUG - 2017-10-05 19:29:25 --> Global POST, GET and COOKIE data sanitized
ERROR - 2017-10-05 19:29:25 --> 404 Page Not Found: Robotstxt/index
DEBUG - 2017-10-05 19:29:25 --> UTF-8 Support Enabled
DEBUG - 2017-10-05 19:29:25 --> No URI present. Default controller set.
DEBUG - 2017-10-05 19:29:25 --> Global POST, GET and COOKIE data sanitized
DEBUG - 2017-10-05 19:29:25 --> Config file loaded: /home/data/wwwroot/My_CodeIgniter/application/config/twig.php
DEBUG - 2017-10-05 19:29:25 --> Total execution time: 0.3172
DEBUG - 2017-10-05 20:08:10 --> UTF-8 Support Enabled
DEBUG - 2017-10-05 20:08:10 --> No URI present. Default controller set.
DEBUG - 2017-10-05 20:08:10 --> Global POST, GET and COOKIE data sanitized
DEBUG - 2017-10-05 20:08:10 --> Config file loaded: /home/data/wwwroot/My_CodeIgniter/application/config/twig.php
DEBUG - 2017-10-05 20:08:10 --> Total execution time: 0.0294
DEBUG - 2017-10-05 20:47:34 --> UTF-8 Support Enabled
DEBUG - 2017-10-05 20:47:34 --> No URI present. Default controller set.
DEBUG - 2017-10-05 20:47:34 --> Global POST, GET and COOKIE data sanitized
DEBUG - 2017-10-05 20:47:34 --> Config file loaded: /home/data/wwwroot/My_CodeIgniter/application/config/twig.php
DEBUG - 2017-10-05 20:47:34 --> Total execution time: 0.0292
DEBUG - 2017-10-05 21:27:11 --> UTF-8 Support Enabled
DEBUG - 2017-10-05 21:27:11 --> No URI present. Default controller set.
DEBUG - 2017-10-05 21:27:11 --> Global POST, GET and COOKIE data sanitized
DEBUG - 2017-10-05 21:27:11 --> Config file loaded: /home/data/wwwroot/My_CodeIgniter/application/config/twig.php
DEBUG - 2017-10-05 21:27:11 --> Total execution time: 0.0295
