DEBUG - 2017-09-25 00:42:29 --> UTF-8 Support Enabled
DEBUG - 2017-09-25 00:42:29 --> No URI present. Default controller set.
DEBUG - 2017-09-25 00:42:29 --> Global POST, GET and COOKIE data sanitized
DEBUG - 2017-09-25 00:42:29 --> Config file loaded: /home/data/wwwroot/My_CodeIgniter/application/config/twig.php
DEBUG - 2017-09-25 00:42:29 --> Total execution time: 0.0323
DEBUG - 2017-09-25 19:55:20 --> UTF-8 Support Enabled
DEBUG - 2017-09-25 19:55:20 --> No URI present. Default controller set.
DEBUG - 2017-09-25 19:55:20 --> Global POST, GET and COOKIE data sanitized
DEBUG - 2017-09-25 19:55:20 --> Config file loaded: /home/data/wwwroot/My_CodeIgniter/application/config/twig.php
DEBUG - 2017-09-25 19:55:20 --> Total execution time: 0.2206
DEBUG - 2017-09-25 22:31:37 --> UTF-8 Support Enabled
DEBUG - 2017-09-25 22:31:37 --> No URI present. Default controller set.
DEBUG - 2017-09-25 22:31:37 --> Global POST, GET and COOKIE data sanitized
DEBUG - 2017-09-25 22:31:37 --> Config file loaded: /home/data/wwwroot/My_CodeIgniter/application/config/twig.php
DEBUG - 2017-09-25 22:31:37 --> Total execution time: 0.0327
DEBUG - 2017-09-25 22:54:00 --> UTF-8 Support Enabled
DEBUG - 2017-09-25 22:54:00 --> No URI present. Default controller set.
DEBUG - 2017-09-25 22:54:00 --> Global POST, GET and COOKIE data sanitized
DEBUG - 2017-09-25 22:54:00 --> Config file loaded: /home/data/wwwroot/My_CodeIgniter/application/config/twig.php
DEBUG - 2017-09-25 22:54:00 --> Total execution time: 0.0289
