DEBUG - 2018-06-16 01:46:06 --> UTF-8 Support Enabled
DEBUG - 2018-06-16 01:46:06 --> No URI present. Default controller set.
DEBUG - 2018-06-16 01:46:06 --> Global POST, GET and COOKIE data sanitized
DEBUG - 2018-06-16 01:46:06 --> Config file loaded: /www/wwwroot/ci.yeedev.xyz/application/config/twig.php
DEBUG - 2018-06-16 01:46:06 --> Total execution time: 0.0472
DEBUG - 2018-06-16 04:29:44 --> UTF-8 Support Enabled
DEBUG - 2018-06-16 04:29:44 --> No URI present. Default controller set.
DEBUG - 2018-06-16 04:29:44 --> Global POST, GET and COOKIE data sanitized
DEBUG - 2018-06-16 04:29:45 --> Config file loaded: /www/wwwroot/ci.yeedev.xyz/application/config/twig.php
DEBUG - 2018-06-16 04:29:45 --> Total execution time: 0.0603
DEBUG - 2018-06-16 06:44:15 --> UTF-8 Support Enabled
DEBUG - 2018-06-16 06:44:15 --> No URI present. Default controller set.
DEBUG - 2018-06-16 06:44:15 --> Global POST, GET and COOKIE data sanitized
DEBUG - 2018-06-16 06:44:15 --> Config file loaded: /www/wwwroot/ci.yeedev.xyz/application/config/twig.php
DEBUG - 2018-06-16 06:44:15 --> Total execution time: 0.0480
DEBUG - 2018-06-16 09:55:55 --> UTF-8 Support Enabled
DEBUG - 2018-06-16 09:55:55 --> No URI present. Default controller set.
DEBUG - 2018-06-16 09:55:55 --> Global POST, GET and COOKIE data sanitized
DEBUG - 2018-06-16 09:55:55 --> Config file loaded: /www/wwwroot/ci.yeedev.xyz/application/config/twig.php
DEBUG - 2018-06-16 09:55:55 --> Total execution time: 0.0563
DEBUG - 2018-06-16 12:06:49 --> UTF-8 Support Enabled
DEBUG - 2018-06-16 12:06:49 --> No URI present. Default controller set.
DEBUG - 2018-06-16 12:06:49 --> Global POST, GET and COOKIE data sanitized
DEBUG - 2018-06-16 12:06:49 --> Config file loaded: /www/wwwroot/ci.yeedev.xyz/application/config/twig.php
DEBUG - 2018-06-16 12:06:49 --> Total execution time: 0.0588
