DEBUG - 2017-08-31 12:20:44 --> UTF-8 Support Enabled
DEBUG - 2017-08-31 12:20:44 --> Global POST, GET and COOKIE data sanitized
ERROR - 2017-08-31 12:20:44 --> 404 Page Not Found: Robotstxt/index
DEBUG - 2017-08-31 12:20:46 --> UTF-8 Support Enabled
DEBUG - 2017-08-31 12:20:46 --> No URI present. Default controller set.
DEBUG - 2017-08-31 12:20:46 --> Global POST, GET and COOKIE data sanitized
DEBUG - 2017-08-31 12:20:46 --> Config file loaded: /home/data/wwwroot/My_CodeIgniter/application/config/twig.php
DEBUG - 2017-08-31 12:20:46 --> Total execution time: 0.3424
DEBUG - 2017-08-31 13:16:28 --> UTF-8 Support Enabled
DEBUG - 2017-08-31 13:16:28 --> No URI present. Default controller set.
DEBUG - 2017-08-31 13:16:28 --> Global POST, GET and COOKIE data sanitized
DEBUG - 2017-08-31 13:16:28 --> Config file loaded: /home/data/wwwroot/My_CodeIgniter/application/config/twig.php
DEBUG - 2017-08-31 13:16:29 --> Total execution time: 0.0463
DEBUG - 2017-08-31 13:56:49 --> UTF-8 Support Enabled
DEBUG - 2017-08-31 13:56:49 --> Global POST, GET and COOKIE data sanitized
ERROR - 2017-08-31 13:56:49 --> 404 Page Not Found: Robotstxt/index
DEBUG - 2017-08-31 21:20:48 --> UTF-8 Support Enabled
DEBUG - 2017-08-31 21:20:48 --> Global POST, GET and COOKIE data sanitized
ERROR - 2017-08-31 21:20:48 --> 404 Page Not Found: Robotstxt/index
DEBUG - 2017-08-31 21:20:51 --> UTF-8 Support Enabled
DEBUG - 2017-08-31 21:20:51 --> No URI present. Default controller set.
DEBUG - 2017-08-31 21:20:51 --> Global POST, GET and COOKIE data sanitized
DEBUG - 2017-08-31 21:20:52 --> Config file loaded: /home/data/wwwroot/My_CodeIgniter/application/config/twig.php
DEBUG - 2017-08-31 21:20:52 --> Total execution time: 0.2223
