DEBUG - 2018-03-04 06:47:05 --> UTF-8 Support Enabled
DEBUG - 2018-03-04 06:47:05 --> No URI present. Default controller set.
DEBUG - 2018-03-04 06:47:05 --> Global POST, GET and COOKIE data sanitized
DEBUG - 2018-03-04 06:47:05 --> Config file loaded: /www/wwwroot/ci.yeedev.xyz/application/config/twig.php
DEBUG - 2018-03-04 06:47:05 --> Total execution time: 0.0442
DEBUG - 2018-03-04 12:53:59 --> UTF-8 Support Enabled
DEBUG - 2018-03-04 12:53:59 --> No URI present. Default controller set.
DEBUG - 2018-03-04 12:53:59 --> Global POST, GET and COOKIE data sanitized
DEBUG - 2018-03-04 12:53:59 --> Config file loaded: /www/wwwroot/ci.yeedev.xyz/application/config/twig.php
DEBUG - 2018-03-04 12:53:59 --> Total execution time: 0.0406
DEBUG - 2018-03-04 15:38:07 --> UTF-8 Support Enabled
DEBUG - 2018-03-04 15:38:07 --> No URI present. Default controller set.
DEBUG - 2018-03-04 15:38:07 --> Global POST, GET and COOKIE data sanitized
DEBUG - 2018-03-04 15:38:07 --> Config file loaded: /www/wwwroot/ci.yeedev.xyz/application/config/twig.php
DEBUG - 2018-03-04 15:38:07 --> Total execution time: 0.0406
DEBUG - 2018-03-04 21:58:11 --> UTF-8 Support Enabled
DEBUG - 2018-03-04 21:58:11 --> No URI present. Default controller set.
DEBUG - 2018-03-04 21:58:11 --> Global POST, GET and COOKIE data sanitized
DEBUG - 2018-03-04 21:58:11 --> Config file loaded: /www/wwwroot/ci.yeedev.xyz/application/config/twig.php
DEBUG - 2018-03-04 21:58:11 --> Total execution time: 0.0786
