DEBUG - 2017-10-08 02:05:32 --> UTF-8 Support Enabled
DEBUG - 2017-10-08 02:05:32 --> Global POST, GET and COOKIE data sanitized
ERROR - 2017-10-08 02:05:32 --> 404 Page Not Found: Robotstxt/index
DEBUG - 2017-10-08 04:18:14 --> UTF-8 Support Enabled
DEBUG - 2017-10-08 04:18:14 --> No URI present. Default controller set.
DEBUG - 2017-10-08 04:18:14 --> Global POST, GET and COOKIE data sanitized
DEBUG - 2017-10-08 04:18:14 --> Config file loaded: /home/data/wwwroot/My_CodeIgniter/application/config/twig.php
DEBUG - 2017-10-08 04:18:14 --> Total execution time: 0.0350
DEBUG - 2017-10-08 16:35:25 --> UTF-8 Support Enabled
DEBUG - 2017-10-08 16:35:25 --> No URI present. Default controller set.
DEBUG - 2017-10-08 16:35:25 --> Global POST, GET and COOKIE data sanitized
DEBUG - 2017-10-08 16:35:25 --> Config file loaded: /home/data/wwwroot/My_CodeIgniter/application/config/twig.php
DEBUG - 2017-10-08 16:35:25 --> Total execution time: 0.0292
DEBUG - 2017-10-08 17:57:12 --> UTF-8 Support Enabled
DEBUG - 2017-10-08 17:57:12 --> No URI present. Default controller set.
DEBUG - 2017-10-08 17:57:12 --> Global POST, GET and COOKIE data sanitized
DEBUG - 2017-10-08 17:57:12 --> Config file loaded: /home/data/wwwroot/My_CodeIgniter/application/config/twig.php
DEBUG - 2017-10-08 17:57:12 --> Total execution time: 0.0265
DEBUG - 2017-10-08 19:29:27 --> UTF-8 Support Enabled
DEBUG - 2017-10-08 19:29:27 --> Global POST, GET and COOKIE data sanitized
ERROR - 2017-10-08 19:29:27 --> 404 Page Not Found: Robotstxt/index
DEBUG - 2017-10-08 19:29:27 --> UTF-8 Support Enabled
DEBUG - 2017-10-08 19:29:27 --> No URI present. Default controller set.
DEBUG - 2017-10-08 19:29:27 --> Global POST, GET and COOKIE data sanitized
DEBUG - 2017-10-08 19:29:27 --> Config file loaded: /home/data/wwwroot/My_CodeIgniter/application/config/twig.php
DEBUG - 2017-10-08 19:29:27 --> Total execution time: 0.0267
DEBUG - 2017-10-08 21:51:17 --> UTF-8 Support Enabled
DEBUG - 2017-10-08 21:51:17 --> No URI present. Default controller set.
DEBUG - 2017-10-08 21:51:17 --> Global POST, GET and COOKIE data sanitized
DEBUG - 2017-10-08 21:51:17 --> Config file loaded: /home/data/wwwroot/My_CodeIgniter/application/config/twig.php
DEBUG - 2017-10-08 21:51:17 --> Total execution time: 0.0276
