DEBUG - 2017-09-20 02:17:29 --> UTF-8 Support Enabled
DEBUG - 2017-09-20 02:17:29 --> No URI present. Default controller set.
DEBUG - 2017-09-20 02:17:29 --> Global POST, GET and COOKIE data sanitized
DEBUG - 2017-09-20 02:17:29 --> Config file loaded: /home/data/wwwroot/My_CodeIgniter/application/config/twig.php
DEBUG - 2017-09-20 02:17:29 --> Total execution time: 0.0290
DEBUG - 2017-09-20 09:36:04 --> UTF-8 Support Enabled
DEBUG - 2017-09-20 09:36:04 --> No URI present. Default controller set.
DEBUG - 2017-09-20 09:36:04 --> Global POST, GET and COOKIE data sanitized
DEBUG - 2017-09-20 09:36:04 --> Config file loaded: /home/data/wwwroot/My_CodeIgniter/application/config/twig.php
DEBUG - 2017-09-20 09:36:04 --> Total execution time: 0.0341
DEBUG - 2017-09-20 09:36:04 --> UTF-8 Support Enabled
DEBUG - 2017-09-20 09:36:04 --> Global POST, GET and COOKIE data sanitized
ERROR - 2017-09-20 09:36:04 --> 404 Page Not Found: Faviconico/index
DEBUG - 2017-09-20 17:15:10 --> UTF-8 Support Enabled
DEBUG - 2017-09-20 17:15:10 --> No URI present. Default controller set.
DEBUG - 2017-09-20 17:15:10 --> Global POST, GET and COOKIE data sanitized
DEBUG - 2017-09-20 17:15:10 --> Config file loaded: /home/data/wwwroot/My_CodeIgniter/application/config/twig.php
DEBUG - 2017-09-20 17:15:10 --> Total execution time: 0.0302
DEBUG - 2017-09-20 19:55:03 --> UTF-8 Support Enabled
DEBUG - 2017-09-20 19:55:03 --> No URI present. Default controller set.
DEBUG - 2017-09-20 19:55:03 --> Global POST, GET and COOKIE data sanitized
DEBUG - 2017-09-20 19:55:03 --> Config file loaded: /home/data/wwwroot/My_CodeIgniter/application/config/twig.php
DEBUG - 2017-09-20 19:55:03 --> Total execution time: 0.0294
