ERROR - 2019-11-10 22:40:56 --> Severity: Error --> Class 'MY_Model' not found /www/wwwroot/ci.yeedev.xyz/application/models/Postsm.php 12
ERROR - 2019-11-10 22:41:54 --> Severity: error --> Exception: Call to undefined method Postsm::_fetch_table() /www/wwwroot/ci.yeedev.xyz/application/core/My_Model.php 19
ERROR - 2019-11-10 22:42:39 --> Severity: error --> Exception: Call to undefined method Postsm::_fetch_table() /www/wwwroot/ci.yeedev.xyz/application/core/My_Model.php 19
ERROR - 2019-11-10 22:44:57 --> Severity: Notice --> Undefined property: Welcome::$table /www/wwwroot/ci.yeedev.xyz/system/core/Model.php 73
ERROR - 2019-11-10 22:44:57 --> Query error: You have an error in your SQL syntax; check the manual that corresponds to your MySQL server version for the right syntax to use near 'WHERE `ID` = 2' at line 2 - Invalid query: SELECT *
WHERE `ID` = 2
ERROR - 2019-11-10 22:53:51 --> Query error: You have an error in your SQL syntax; check the manual that corresponds to your MySQL server version for the right syntax to use near 'WHERE `id` = 2' at line 2 - Invalid query: SELECT *
WHERE `id` = 2
ERROR - 2019-11-10 22:56:35 --> Severity: Notice --> Undefined property: Welcome::$_table /www/wwwroot/ci.yeedev.xyz/system/core/Model.php 73
ERROR - 2019-11-10 22:56:35 --> Query error: Incorrect table name '' - Invalid query: SHOW KEYS FROM `` WHERE Key_name = 'PRIMARY'
ERROR - 2019-11-10 22:57:00 --> Severity: Notice --> Undefined property: Welcome::$_table /www/wwwroot/ci.yeedev.xyz/system/core/Model.php 73
ERROR - 2019-11-10 22:57:00 --> Query error: Incorrect table name '' - Invalid query: SHOW KEYS FROM `` WHERE Key_name = 'PRIMARY'
ERROR - 2019-11-10 22:57:02 --> Severity: Notice --> Undefined property: Welcome::$_table /www/wwwroot/ci.yeedev.xyz/system/core/Model.php 73
ERROR - 2019-11-10 22:57:02 --> Query error: Incorrect table name '' - Invalid query: SHOW KEYS FROM `` WHERE Key_name = 'PRIMARY'
ERROR - 2019-11-10 22:57:18 --> Query error: Incorrect table name '' - Invalid query: SHOW KEYS FROM `` WHERE Key_name = 'PRIMARY'
ERROR - 2019-11-10 22:57:44 --> Query error: Incorrect table name '' - Invalid query: SHOW KEYS FROM `` WHERE Key_name = 'PRIMARY'
ERROR - 2019-11-10 22:57:46 --> Query error: Incorrect table name '' - Invalid query: SHOW KEYS FROM `` WHERE Key_name = 'PRIMARY'
ERROR - 2019-11-10 23:02:52 --> Severity: error --> Exception: Call to undefined method Postsm::_return_type() /www/wwwroot/ci.yeedev.xyz/application/core/My_Model.php 33
ERROR - 2019-11-10 23:02:55 --> Severity: error --> Exception: Call to undefined method Postsm::_return_type() /www/wwwroot/ci.yeedev.xyz/application/core/My_Model.php 33
ERROR - 2019-11-10 23:08:56 --> Severity: error --> Exception: Call to undefined method Postsm::get_all() /www/wwwroot/ci.yeedev.xyz/application/core/My_Model.php 40
