DEBUG - 2017-08-24 02:07:32 --> UTF-8 Support Enabled
DEBUG - 2017-08-24 02:07:32 --> Global POST, GET and COOKIE data sanitized
ERROR - 2017-08-24 02:07:32 --> 404 Page Not Found: Backupsql/index
DEBUG - 2017-08-24 02:35:58 --> UTF-8 Support Enabled
DEBUG - 2017-08-24 02:35:58 --> No URI present. Default controller set.
DEBUG - 2017-08-24 02:35:58 --> Global POST, GET and COOKIE data sanitized
DEBUG - 2017-08-24 02:35:58 --> Config file loaded: /home/data/wwwroot/My_CodeIgniter/application/config/twig.php
DEBUG - 2017-08-24 02:35:58 --> Total execution time: 0.0279
DEBUG - 2017-08-24 06:55:43 --> UTF-8 Support Enabled
DEBUG - 2017-08-24 06:55:44 --> Global POST, GET and COOKIE data sanitized
ERROR - 2017-08-24 06:55:44 --> 404 Page Not Found: Sqltar/index
DEBUG - 2017-08-24 08:59:37 --> UTF-8 Support Enabled
DEBUG - 2017-08-24 08:59:37 --> Global POST, GET and COOKIE data sanitized
ERROR - 2017-08-24 08:59:37 --> 404 Page Not Found: Robotstxt/index
DEBUG - 2017-08-24 08:59:40 --> UTF-8 Support Enabled
DEBUG - 2017-08-24 08:59:40 --> No URI present. Default controller set.
DEBUG - 2017-08-24 08:59:40 --> Global POST, GET and COOKIE data sanitized
DEBUG - 2017-08-24 08:59:40 --> Config file loaded: /home/data/wwwroot/My_CodeIgniter/application/config/twig.php
DEBUG - 2017-08-24 08:59:40 --> Total execution time: 0.0265
DEBUG - 2017-08-24 09:34:42 --> UTF-8 Support Enabled
DEBUG - 2017-08-24 09:34:42 --> Global POST, GET and COOKIE data sanitized
ERROR - 2017-08-24 09:34:42 --> 404 Page Not Found: Dumpsqlzip/index
DEBUG - 2017-08-24 09:38:27 --> UTF-8 Support Enabled
DEBUG - 2017-08-24 09:38:27 --> Global POST, GET and COOKIE data sanitized
ERROR - 2017-08-24 09:38:27 --> 404 Page Not Found: Dumpsqlzip/index
DEBUG - 2017-08-24 10:03:34 --> UTF-8 Support Enabled
DEBUG - 2017-08-24 10:03:34 --> No URI present. Default controller set.
DEBUG - 2017-08-24 10:03:34 --> Global POST, GET and COOKIE data sanitized
DEBUG - 2017-08-24 10:03:34 --> Config file loaded: /home/data/wwwroot/My_CodeIgniter/application/config/twig.php
DEBUG - 2017-08-24 10:03:34 --> Total execution time: 0.0278
DEBUG - 2017-08-24 11:58:35 --> UTF-8 Support Enabled
DEBUG - 2017-08-24 11:58:35 --> Global POST, GET and COOKIE data sanitized
ERROR - 2017-08-24 11:58:35 --> 404 Page Not Found: Dbsqlbz2/index
DEBUG - 2017-08-24 16:29:57 --> UTF-8 Support Enabled
DEBUG - 2017-08-24 16:29:57 --> Global POST, GET and COOKIE data sanitized
ERROR - 2017-08-24 16:29:57 --> 404 Page Not Found: Mysqlzip/index
DEBUG - 2017-08-24 18:38:18 --> UTF-8 Support Enabled
DEBUG - 2017-08-24 18:38:18 --> No URI present. Default controller set.
DEBUG - 2017-08-24 18:38:19 --> Global POST, GET and COOKIE data sanitized
DEBUG - 2017-08-24 18:38:19 --> Config file loaded: /home/data/wwwroot/My_CodeIgniter/application/config/twig.php
DEBUG - 2017-08-24 18:38:19 --> Total execution time: 0.0298
DEBUG - 2017-08-24 19:02:36 --> UTF-8 Support Enabled
DEBUG - 2017-08-24 19:02:36 --> Global POST, GET and COOKIE data sanitized
ERROR - 2017-08-24 19:02:36 --> 404 Page Not Found: Backupsqlbz2/index
DEBUG - 2017-08-24 20:29:31 --> UTF-8 Support Enabled
DEBUG - 2017-08-24 20:29:31 --> No URI present. Default controller set.
DEBUG - 2017-08-24 20:29:31 --> Global POST, GET and COOKIE data sanitized
DEBUG - 2017-08-24 20:29:31 --> Config file loaded: /home/data/wwwroot/My_CodeIgniter/application/config/twig.php
DEBUG - 2017-08-24 20:29:31 --> Total execution time: 0.0284
DEBUG - 2017-08-24 21:17:40 --> UTF-8 Support Enabled
DEBUG - 2017-08-24 21:17:40 --> Global POST, GET and COOKIE data sanitized
ERROR - 2017-08-24 21:17:40 --> 404 Page Not Found: Dumpsqltgz/index
DEBUG - 2017-08-24 23:21:43 --> UTF-8 Support Enabled
DEBUG - 2017-08-24 23:21:43 --> No URI present. Default controller set.
DEBUG - 2017-08-24 23:21:43 --> Global POST, GET and COOKIE data sanitized
DEBUG - 2017-08-24 23:21:43 --> Config file loaded: /home/data/wwwroot/My_CodeIgniter/application/config/twig.php
DEBUG - 2017-08-24 23:21:43 --> Total execution time: 0.0281
DEBUG - 2017-08-24 23:28:28 --> UTF-8 Support Enabled
DEBUG - 2017-08-24 23:28:28 --> Global POST, GET and COOKIE data sanitized
ERROR - 2017-08-24 23:28:28 --> 404 Page Not Found: Dbdumpsqlgz/index
DEBUG - 2017-08-24 23:31:11 --> UTF-8 Support Enabled
DEBUG - 2017-08-24 23:31:11 --> No URI present. Default controller set.
DEBUG - 2017-08-24 23:31:11 --> Global POST, GET and COOKIE data sanitized
DEBUG - 2017-08-24 23:31:11 --> Config file loaded: /home/data/wwwroot/My_CodeIgniter/application/config/twig.php
DEBUG - 2017-08-24 23:31:11 --> Total execution time: 0.0291
