DEBUG - 2018-07-10 05:30:39 --> UTF-8 Support Enabled
DEBUG - 2018-07-10 05:30:39 --> No URI present. Default controller set.
DEBUG - 2018-07-10 05:30:40 --> Global POST, GET and COOKIE data sanitized
DEBUG - 2018-07-10 05:30:40 --> Config file loaded: /www/wwwroot/ci.yeedev.xyz/application/config/twig.php
DEBUG - 2018-07-10 05:30:40 --> Total execution time: 0.0475
DEBUG - 2018-07-10 08:33:54 --> UTF-8 Support Enabled
DEBUG - 2018-07-10 08:33:54 --> No URI present. Default controller set.
DEBUG - 2018-07-10 08:33:54 --> Global POST, GET and COOKIE data sanitized
DEBUG - 2018-07-10 08:33:54 --> Config file loaded: /www/wwwroot/ci.yeedev.xyz/application/config/twig.php
DEBUG - 2018-07-10 08:33:54 --> Total execution time: 0.0522
DEBUG - 2018-07-10 12:37:12 --> UTF-8 Support Enabled
DEBUG - 2018-07-10 12:37:12 --> No URI present. Default controller set.
DEBUG - 2018-07-10 12:37:12 --> Global POST, GET and COOKIE data sanitized
DEBUG - 2018-07-10 12:37:12 --> Config file loaded: /www/wwwroot/ci.yeedev.xyz/application/config/twig.php
DEBUG - 2018-07-10 12:37:12 --> Total execution time: 0.0513
DEBUG - 2018-07-10 16:42:10 --> UTF-8 Support Enabled
DEBUG - 2018-07-10 16:42:10 --> No URI present. Default controller set.
DEBUG - 2018-07-10 16:42:10 --> Global POST, GET and COOKIE data sanitized
DEBUG - 2018-07-10 16:42:10 --> Config file loaded: /www/wwwroot/ci.yeedev.xyz/application/config/twig.php
DEBUG - 2018-07-10 16:42:10 --> Total execution time: 0.0462
DEBUG - 2018-07-10 20:21:16 --> UTF-8 Support Enabled
DEBUG - 2018-07-10 20:21:16 --> No URI present. Default controller set.
DEBUG - 2018-07-10 20:21:16 --> Global POST, GET and COOKIE data sanitized
DEBUG - 2018-07-10 20:21:16 --> Config file loaded: /www/wwwroot/ci.yeedev.xyz/application/config/twig.php
DEBUG - 2018-07-10 20:21:16 --> Total execution time: 0.0489
