DEBUG - 2017-08-23 03:51:33 --> UTF-8 Support Enabled
DEBUG - 2017-08-23 03:51:33 --> No URI present. Default controller set.
DEBUG - 2017-08-23 03:51:33 --> Global POST, GET and COOKIE data sanitized
DEBUG - 2017-08-23 03:51:33 --> Config file loaded: /home/data/wwwroot/My_CodeIgniter/application/config/twig.php
DEBUG - 2017-08-23 03:51:33 --> Total execution time: 0.0270
DEBUG - 2017-08-23 09:41:39 --> UTF-8 Support Enabled
DEBUG - 2017-08-23 09:41:39 --> No URI present. Default controller set.
DEBUG - 2017-08-23 09:41:39 --> Global POST, GET and COOKIE data sanitized
DEBUG - 2017-08-23 09:41:39 --> Config file loaded: /home/data/wwwroot/My_CodeIgniter/application/config/twig.php
DEBUG - 2017-08-23 09:41:39 --> Total execution time: 0.3408
DEBUG - 2017-08-23 17:23:28 --> UTF-8 Support Enabled
DEBUG - 2017-08-23 17:23:28 --> Global POST, GET and COOKIE data sanitized
ERROR - 2017-08-23 17:23:28 --> 404 Page Not Found: Dbsql/index
DEBUG - 2017-08-23 18:44:30 --> UTF-8 Support Enabled
DEBUG - 2017-08-23 18:44:30 --> No URI present. Default controller set.
DEBUG - 2017-08-23 18:44:30 --> Global POST, GET and COOKIE data sanitized
DEBUG - 2017-08-23 18:44:30 --> Config file loaded: /home/data/wwwroot/My_CodeIgniter/application/config/twig.php
DEBUG - 2017-08-23 18:44:30 --> Total execution time: 0.0285
DEBUG - 2017-08-23 19:23:07 --> UTF-8 Support Enabled
DEBUG - 2017-08-23 19:23:07 --> Global POST, GET and COOKIE data sanitized
ERROR - 2017-08-23 19:23:07 --> 404 Page Not Found: Robotstxt/index
DEBUG - 2017-08-23 19:23:07 --> UTF-8 Support Enabled
DEBUG - 2017-08-23 19:23:07 --> No URI present. Default controller set.
DEBUG - 2017-08-23 19:23:07 --> Global POST, GET and COOKIE data sanitized
DEBUG - 2017-08-23 19:23:07 --> Config file loaded: /home/data/wwwroot/My_CodeIgniter/application/config/twig.php
DEBUG - 2017-08-23 19:23:07 --> Total execution time: 0.0286
DEBUG - 2017-08-23 19:23:08 --> UTF-8 Support Enabled
DEBUG - 2017-08-23 19:23:08 --> Global POST, GET and COOKIE data sanitized
ERROR - 2017-08-23 19:23:08 --> 404 Page Not Found: Blog/robots.txt
DEBUG - 2017-08-23 19:23:08 --> UTF-8 Support Enabled
DEBUG - 2017-08-23 19:23:08 --> Global POST, GET and COOKIE data sanitized
ERROR - 2017-08-23 19:23:08 --> 404 Page Not Found: Blog/index
DEBUG - 2017-08-23 19:23:08 --> UTF-8 Support Enabled
DEBUG - 2017-08-23 19:23:08 --> Global POST, GET and COOKIE data sanitized
ERROR - 2017-08-23 19:23:08 --> 404 Page Not Found: Wordpress/index
DEBUG - 2017-08-23 19:23:08 --> UTF-8 Support Enabled
DEBUG - 2017-08-23 19:23:08 --> Global POST, GET and COOKIE data sanitized
ERROR - 2017-08-23 19:23:08 --> 404 Page Not Found: Wp/index
