DEBUG - 2017-08-28 02:18:32 --> UTF-8 Support Enabled
DEBUG - 2017-08-28 02:18:32 --> Global POST, GET and COOKIE data sanitized
ERROR - 2017-08-28 02:18:32 --> 404 Page Not Found: Robotstxt/index
DEBUG - 2017-08-28 02:18:36 --> UTF-8 Support Enabled
DEBUG - 2017-08-28 02:18:36 --> No URI present. Default controller set.
DEBUG - 2017-08-28 02:18:36 --> Global POST, GET and COOKIE data sanitized
DEBUG - 2017-08-28 02:18:36 --> Config file loaded: /home/data/wwwroot/My_CodeIgniter/application/config/twig.php
DEBUG - 2017-08-28 02:18:36 --> Total execution time: 0.0282
DEBUG - 2017-08-28 11:38:15 --> UTF-8 Support Enabled
DEBUG - 2017-08-28 11:38:15 --> No URI present. Default controller set.
DEBUG - 2017-08-28 11:38:15 --> Global POST, GET and COOKIE data sanitized
DEBUG - 2017-08-28 11:38:15 --> Config file loaded: /home/data/wwwroot/My_CodeIgniter/application/config/twig.php
DEBUG - 2017-08-28 11:38:15 --> Total execution time: 0.0276
DEBUG - 2017-08-28 19:06:00 --> UTF-8 Support Enabled
DEBUG - 2017-08-28 19:06:00 --> Global POST, GET and COOKIE data sanitized
ERROR - 2017-08-28 19:06:00 --> 404 Page Not Found: Robotstxt/index
DEBUG - 2017-08-28 19:06:03 --> UTF-8 Support Enabled
DEBUG - 2017-08-28 19:06:03 --> No URI present. Default controller set.
DEBUG - 2017-08-28 19:06:03 --> Global POST, GET and COOKIE data sanitized
DEBUG - 2017-08-28 19:06:03 --> Config file loaded: /home/data/wwwroot/My_CodeIgniter/application/config/twig.php
DEBUG - 2017-08-28 19:06:03 --> Total execution time: 0.0302
DEBUG - 2017-08-28 22:15:07 --> UTF-8 Support Enabled
DEBUG - 2017-08-28 22:15:07 --> Global POST, GET and COOKIE data sanitized
ERROR - 2017-08-28 22:15:07 --> 404 Page Not Found: Robotstxt/index
DEBUG - 2017-08-28 22:15:13 --> UTF-8 Support Enabled
DEBUG - 2017-08-28 22:15:13 --> No URI present. Default controller set.
DEBUG - 2017-08-28 22:15:13 --> Global POST, GET and COOKIE data sanitized
DEBUG - 2017-08-28 22:15:13 --> Config file loaded: /home/data/wwwroot/My_CodeIgniter/application/config/twig.php
DEBUG - 2017-08-28 22:15:13 --> Total execution time: 0.0320
DEBUG - 2017-08-28 22:15:18 --> UTF-8 Support Enabled
DEBUG - 2017-08-28 22:15:18 --> Global POST, GET and COOKIE data sanitized
ERROR - 2017-08-28 22:15:18 --> 404 Page Not Found: Robotstxt/index
