DEBUG - 2017-09-26 08:10:22 --> UTF-8 Support Enabled
DEBUG - 2017-09-26 08:10:22 --> No URI present. Default controller set.
DEBUG - 2017-09-26 08:10:22 --> Global POST, GET and COOKIE data sanitized
DEBUG - 2017-09-26 08:10:22 --> Config file loaded: /home/data/wwwroot/My_CodeIgniter/application/config/twig.php
DEBUG - 2017-09-26 08:10:22 --> Total execution time: 0.0505
DEBUG - 2017-09-26 10:18:22 --> UTF-8 Support Enabled
DEBUG - 2017-09-26 10:18:22 --> No URI present. Default controller set.
DEBUG - 2017-09-26 10:18:22 --> Global POST, GET and COOKIE data sanitized
DEBUG - 2017-09-26 10:18:22 --> Config file loaded: /home/data/wwwroot/My_CodeIgniter/application/config/twig.php
DEBUG - 2017-09-26 10:18:22 --> Total execution time: 0.0304
DEBUG - 2017-09-26 11:53:55 --> UTF-8 Support Enabled
DEBUG - 2017-09-26 11:53:55 --> Global POST, GET and COOKIE data sanitized
ERROR - 2017-09-26 11:53:55 --> 404 Page Not Found: Robotstxt/index
DEBUG - 2017-09-26 11:53:58 --> UTF-8 Support Enabled
DEBUG - 2017-09-26 11:53:58 --> No URI present. Default controller set.
DEBUG - 2017-09-26 11:53:58 --> Global POST, GET and COOKIE data sanitized
DEBUG - 2017-09-26 11:53:59 --> Config file loaded: /home/data/wwwroot/My_CodeIgniter/application/config/twig.php
DEBUG - 2017-09-26 11:53:59 --> Total execution time: 0.0310
DEBUG - 2017-09-26 16:05:56 --> UTF-8 Support Enabled
DEBUG - 2017-09-26 16:05:56 --> No URI present. Default controller set.
DEBUG - 2017-09-26 16:05:56 --> Global POST, GET and COOKIE data sanitized
DEBUG - 2017-09-26 16:05:56 --> Config file loaded: /home/data/wwwroot/My_CodeIgniter/application/config/twig.php
DEBUG - 2017-09-26 16:05:56 --> Total execution time: 0.0336
DEBUG - 2017-09-26 18:53:01 --> UTF-8 Support Enabled
DEBUG - 2017-09-26 18:53:01 --> No URI present. Default controller set.
DEBUG - 2017-09-26 18:53:01 --> Global POST, GET and COOKIE data sanitized
DEBUG - 2017-09-26 18:53:01 --> Config file loaded: /home/data/wwwroot/My_CodeIgniter/application/config/twig.php
DEBUG - 2017-09-26 18:53:01 --> Total execution time: 0.0305
DEBUG - 2017-09-26 20:12:21 --> UTF-8 Support Enabled
DEBUG - 2017-09-26 20:12:21 --> No URI present. Default controller set.
DEBUG - 2017-09-26 20:12:21 --> Global POST, GET and COOKIE data sanitized
DEBUG - 2017-09-26 20:12:22 --> Config file loaded: /home/data/wwwroot/My_CodeIgniter/application/config/twig.php
DEBUG - 2017-09-26 20:12:22 --> Total execution time: 0.0293
DEBUG - 2017-09-26 21:18:47 --> UTF-8 Support Enabled
DEBUG - 2017-09-26 21:18:47 --> No URI present. Default controller set.
DEBUG - 2017-09-26 21:18:47 --> Global POST, GET and COOKIE data sanitized
DEBUG - 2017-09-26 21:18:47 --> Config file loaded: /home/data/wwwroot/My_CodeIgniter/application/config/twig.php
DEBUG - 2017-09-26 21:18:47 --> Total execution time: 0.0332
