DEBUG - 2017-10-03 13:13:09 --> UTF-8 Support Enabled
DEBUG - 2017-10-03 13:13:09 --> No URI present. Default controller set.
DEBUG - 2017-10-03 13:13:09 --> Global POST, GET and COOKIE data sanitized
DEBUG - 2017-10-03 13:13:09 --> Config file loaded: /home/data/wwwroot/My_CodeIgniter/application/config/twig.php
DEBUG - 2017-10-03 13:13:09 --> Total execution time: 0.0275
DEBUG - 2017-10-03 17:09:35 --> UTF-8 Support Enabled
DEBUG - 2017-10-03 17:09:35 --> No URI present. Default controller set.
DEBUG - 2017-10-03 17:09:35 --> Global POST, GET and COOKIE data sanitized
DEBUG - 2017-10-03 17:09:35 --> Config file loaded: /home/data/wwwroot/My_CodeIgniter/application/config/twig.php
DEBUG - 2017-10-03 17:09:35 --> Total execution time: 0.0285
DEBUG - 2017-10-03 19:08:04 --> UTF-8 Support Enabled
DEBUG - 2017-10-03 19:08:04 --> Global POST, GET and COOKIE data sanitized
ERROR - 2017-10-03 19:08:04 --> 404 Page Not Found: Robotstxt/index
DEBUG - 2017-10-03 19:08:07 --> UTF-8 Support Enabled
DEBUG - 2017-10-03 19:08:07 --> No URI present. Default controller set.
DEBUG - 2017-10-03 19:08:07 --> Global POST, GET and COOKIE data sanitized
DEBUG - 2017-10-03 19:08:07 --> Config file loaded: /home/data/wwwroot/My_CodeIgniter/application/config/twig.php
DEBUG - 2017-10-03 19:08:07 --> Total execution time: 0.0398
DEBUG - 2017-10-03 19:21:37 --> UTF-8 Support Enabled
DEBUG - 2017-10-03 19:21:37 --> No URI present. Default controller set.
DEBUG - 2017-10-03 19:21:37 --> Global POST, GET and COOKIE data sanitized
DEBUG - 2017-10-03 19:21:37 --> Config file loaded: /home/data/wwwroot/My_CodeIgniter/application/config/twig.php
DEBUG - 2017-10-03 19:21:37 --> Total execution time: 0.0274
