DEBUG - 2017-07-30 06:23:03 --> UTF-8 Support Enabled
DEBUG - 2017-07-30 06:23:03 --> No URI present. Default controller set.
DEBUG - 2017-07-30 06:23:03 --> Global POST, GET and COOKIE data sanitized
DEBUG - 2017-07-30 06:23:03 --> Total execution time: 0.0381
DEBUG - 2017-07-30 06:23:04 --> UTF-8 Support Enabled
DEBUG - 2017-07-30 06:23:04 --> No URI present. Default controller set.
DEBUG - 2017-07-30 06:23:04 --> Global POST, GET and COOKIE data sanitized
DEBUG - 2017-07-30 06:23:04 --> Total execution time: 0.0399
DEBUG - 2017-07-30 06:23:06 --> UTF-8 Support Enabled
DEBUG - 2017-07-30 06:23:07 --> Global POST, GET and COOKIE data sanitized
ERROR - 2017-07-30 06:23:07 --> 404 Page Not Found: Admin/index
DEBUG - 2017-07-30 06:23:10 --> UTF-8 Support Enabled
DEBUG - 2017-07-30 06:23:10 --> Global POST, GET and COOKIE data sanitized
ERROR - 2017-07-30 06:23:10 --> 404 Page Not Found: Manager/index
DEBUG - 2017-07-30 06:23:13 --> UTF-8 Support Enabled
DEBUG - 2017-07-30 06:23:13 --> Global POST, GET and COOKIE data sanitized
ERROR - 2017-07-30 06:23:13 --> 404 Page Not Found: Admin/content
DEBUG - 2017-07-30 06:23:15 --> UTF-8 Support Enabled
DEBUG - 2017-07-30 06:23:15 --> Global POST, GET and COOKIE data sanitized
ERROR - 2017-07-30 06:23:15 --> 404 Page Not Found: Simpla/index
DEBUG - 2017-07-30 11:26:11 --> UTF-8 Support Enabled
DEBUG - 2017-07-30 11:26:11 --> No URI present. Default controller set.
DEBUG - 2017-07-30 11:26:11 --> Global POST, GET and COOKIE data sanitized
DEBUG - 2017-07-30 11:26:11 --> Total execution time: 0.0418
DEBUG - 2017-07-30 20:29:12 --> UTF-8 Support Enabled
DEBUG - 2017-07-30 20:29:12 --> No URI present. Default controller set.
DEBUG - 2017-07-30 20:29:12 --> Global POST, GET and COOKIE data sanitized
DEBUG - 2017-07-30 20:29:12 --> Total execution time: 0.0383
DEBUG - 2017-07-30 21:18:22 --> UTF-8 Support Enabled
DEBUG - 2017-07-30 21:18:22 --> Global POST, GET and COOKIE data sanitized
ERROR - 2017-07-30 21:18:22 --> 404 Page Not Found: Robotstxt/index
DEBUG - 2017-07-30 21:18:26 --> UTF-8 Support Enabled
DEBUG - 2017-07-30 21:18:26 --> No URI present. Default controller set.
DEBUG - 2017-07-30 21:18:26 --> Global POST, GET and COOKIE data sanitized
DEBUG - 2017-07-30 21:18:26 --> Total execution time: 0.0384
