DEBUG - 2017-09-24 09:37:38 --> UTF-8 Support Enabled
DEBUG - 2017-09-24 09:37:38 --> Global POST, GET and COOKIE data sanitized
ERROR - 2017-09-24 09:37:38 --> 404 Page Not Found: Robotstxt/index
DEBUG - 2017-09-24 09:37:42 --> UTF-8 Support Enabled
DEBUG - 2017-09-24 09:37:42 --> No URI present. Default controller set.
DEBUG - 2017-09-24 09:37:42 --> Global POST, GET and COOKIE data sanitized
DEBUG - 2017-09-24 09:37:42 --> Config file loaded: /home/data/wwwroot/My_CodeIgniter/application/config/twig.php
DEBUG - 2017-09-24 09:37:42 --> Total execution time: 0.0306
DEBUG - 2017-09-24 14:13:40 --> UTF-8 Support Enabled
DEBUG - 2017-09-24 14:13:40 --> No URI present. Default controller set.
DEBUG - 2017-09-24 14:13:40 --> Global POST, GET and COOKIE data sanitized
DEBUG - 2017-09-24 14:13:40 --> Config file loaded: /home/data/wwwroot/My_CodeIgniter/application/config/twig.php
DEBUG - 2017-09-24 14:13:40 --> Total execution time: 0.0286
DEBUG - 2017-09-24 15:43:17 --> UTF-8 Support Enabled
DEBUG - 2017-09-24 15:43:17 --> No URI present. Default controller set.
DEBUG - 2017-09-24 15:43:17 --> Global POST, GET and COOKIE data sanitized
DEBUG - 2017-09-24 15:43:17 --> Config file loaded: /home/data/wwwroot/My_CodeIgniter/application/config/twig.php
DEBUG - 2017-09-24 15:43:18 --> Total execution time: 0.0296
DEBUG - 2017-09-24 19:58:47 --> UTF-8 Support Enabled
DEBUG - 2017-09-24 19:58:47 --> No URI present. Default controller set.
DEBUG - 2017-09-24 19:58:47 --> Global POST, GET and COOKIE data sanitized
DEBUG - 2017-09-24 19:58:47 --> Config file loaded: /home/data/wwwroot/My_CodeIgniter/application/config/twig.php
DEBUG - 2017-09-24 19:58:47 --> Total execution time: 0.0314
DEBUG - 2017-09-24 22:44:53 --> UTF-8 Support Enabled
DEBUG - 2017-09-24 22:44:53 --> No URI present. Default controller set.
DEBUG - 2017-09-24 22:44:53 --> Global POST, GET and COOKIE data sanitized
DEBUG - 2017-09-24 22:44:53 --> Config file loaded: /home/data/wwwroot/My_CodeIgniter/application/config/twig.php
DEBUG - 2017-09-24 22:44:53 --> Total execution time: 0.0321
