DEBUG - 2017-10-02 00:08:40 --> UTF-8 Support Enabled
DEBUG - 2017-10-02 00:08:40 --> No URI present. Default controller set.
DEBUG - 2017-10-02 00:08:40 --> Global POST, GET and COOKIE data sanitized
DEBUG - 2017-10-02 00:08:40 --> Config file loaded: /home/data/wwwroot/My_CodeIgniter/application/config/twig.php
DEBUG - 2017-10-02 00:08:40 --> Total execution time: 0.0299
DEBUG - 2017-10-02 05:21:23 --> UTF-8 Support Enabled
DEBUG - 2017-10-02 05:21:23 --> Global POST, GET and COOKIE data sanitized
ERROR - 2017-10-02 05:21:23 --> 404 Page Not Found: Robotstxt/index
DEBUG - 2017-10-02 19:29:23 --> UTF-8 Support Enabled
DEBUG - 2017-10-02 19:29:23 --> Global POST, GET and COOKIE data sanitized
ERROR - 2017-10-02 19:29:23 --> 404 Page Not Found: Robotstxt/index
DEBUG - 2017-10-02 19:29:23 --> UTF-8 Support Enabled
DEBUG - 2017-10-02 19:29:23 --> No URI present. Default controller set.
DEBUG - 2017-10-02 19:29:23 --> Global POST, GET and COOKIE data sanitized
DEBUG - 2017-10-02 19:29:23 --> Config file loaded: /home/data/wwwroot/My_CodeIgniter/application/config/twig.php
DEBUG - 2017-10-02 19:29:23 --> Total execution time: 0.0284
DEBUG - 2017-10-02 19:32:49 --> UTF-8 Support Enabled
DEBUG - 2017-10-02 19:32:49 --> No URI present. Default controller set.
DEBUG - 2017-10-02 19:32:49 --> Global POST, GET and COOKIE data sanitized
DEBUG - 2017-10-02 19:32:49 --> Config file loaded: /home/data/wwwroot/My_CodeIgniter/application/config/twig.php
DEBUG - 2017-10-02 19:32:49 --> Total execution time: 0.0291
DEBUG - 2017-10-02 20:44:58 --> UTF-8 Support Enabled
DEBUG - 2017-10-02 20:44:58 --> Global POST, GET and COOKIE data sanitized
ERROR - 2017-10-02 20:44:58 --> 404 Page Not Found: Robotstxt/index
DEBUG - 2017-10-02 23:43:49 --> UTF-8 Support Enabled
DEBUG - 2017-10-02 23:43:49 --> No URI present. Default controller set.
DEBUG - 2017-10-02 23:43:49 --> Global POST, GET and COOKIE data sanitized
DEBUG - 2017-10-02 23:43:49 --> Config file loaded: /home/data/wwwroot/My_CodeIgniter/application/config/twig.php
DEBUG - 2017-10-02 23:43:49 --> Total execution time: 0.0313
