DEBUG - 2017-10-04 02:44:13 --> UTF-8 Support Enabled
DEBUG - 2017-10-04 02:44:13 --> No URI present. Default controller set.
DEBUG - 2017-10-04 02:44:13 --> Global POST, GET and COOKIE data sanitized
DEBUG - 2017-10-04 02:44:13 --> Config file loaded: /home/data/wwwroot/My_CodeIgniter/application/config/twig.php
DEBUG - 2017-10-04 02:44:13 --> Total execution time: 0.0362
DEBUG - 2017-10-04 02:44:19 --> UTF-8 Support Enabled
DEBUG - 2017-10-04 02:44:19 --> Global POST, GET and COOKIE data sanitized
ERROR - 2017-10-04 02:44:19 --> 404 Page Not Found: Wordpress/index
DEBUG - 2017-10-04 06:28:46 --> UTF-8 Support Enabled
DEBUG - 2017-10-04 06:28:46 --> Global POST, GET and COOKIE data sanitized
ERROR - 2017-10-04 06:28:46 --> 404 Page Not Found: Robotstxt/index
DEBUG - 2017-10-04 07:36:50 --> UTF-8 Support Enabled
DEBUG - 2017-10-04 07:36:50 --> Global POST, GET and COOKIE data sanitized
ERROR - 2017-10-04 07:36:50 --> 404 Page Not Found: Robotstxt/index
DEBUG - 2017-10-04 07:36:51 --> UTF-8 Support Enabled
DEBUG - 2017-10-04 07:36:51 --> No URI present. Default controller set.
DEBUG - 2017-10-04 07:36:51 --> Global POST, GET and COOKIE data sanitized
DEBUG - 2017-10-04 07:36:51 --> Config file loaded: /home/data/wwwroot/My_CodeIgniter/application/config/twig.php
DEBUG - 2017-10-04 07:36:51 --> Total execution time: 0.0262
DEBUG - 2017-10-04 11:01:35 --> UTF-8 Support Enabled
DEBUG - 2017-10-04 11:01:35 --> No URI present. Default controller set.
DEBUG - 2017-10-04 11:01:35 --> Global POST, GET and COOKIE data sanitized
DEBUG - 2017-10-04 11:01:35 --> Config file loaded: /home/data/wwwroot/My_CodeIgniter/application/config/twig.php
DEBUG - 2017-10-04 11:01:35 --> Total execution time: 0.0250
DEBUG - 2017-10-04 12:23:11 --> UTF-8 Support Enabled
DEBUG - 2017-10-04 12:23:11 --> No URI present. Default controller set.
DEBUG - 2017-10-04 12:23:11 --> Global POST, GET and COOKIE data sanitized
DEBUG - 2017-10-04 12:23:11 --> Config file loaded: /home/data/wwwroot/My_CodeIgniter/application/config/twig.php
DEBUG - 2017-10-04 12:23:11 --> Total execution time: 0.0297
DEBUG - 2017-10-04 15:56:49 --> UTF-8 Support Enabled
DEBUG - 2017-10-04 15:56:49 --> No URI present. Default controller set.
DEBUG - 2017-10-04 15:56:49 --> Global POST, GET and COOKIE data sanitized
DEBUG - 2017-10-04 15:56:49 --> Config file loaded: /home/data/wwwroot/My_CodeIgniter/application/config/twig.php
DEBUG - 2017-10-04 15:56:49 --> Total execution time: 0.0275
DEBUG - 2017-10-04 20:30:19 --> UTF-8 Support Enabled
DEBUG - 2017-10-04 20:30:19 --> No URI present. Default controller set.
DEBUG - 2017-10-04 20:30:19 --> Global POST, GET and COOKIE data sanitized
DEBUG - 2017-10-04 20:30:19 --> Config file loaded: /home/data/wwwroot/My_CodeIgniter/application/config/twig.php
DEBUG - 2017-10-04 20:30:19 --> Total execution time: 0.0347
