DEBUG - 2017-10-13 00:37:30 --> UTF-8 Support Enabled
DEBUG - 2017-10-13 00:37:30 --> No URI present. Default controller set.
DEBUG - 2017-10-13 00:37:30 --> Global POST, GET and COOKIE data sanitized
DEBUG - 2017-10-13 00:37:30 --> Config file loaded: /home/data/wwwroot/My_CodeIgniter/application/config/twig.php
DEBUG - 2017-10-13 00:37:30 --> Total execution time: 0.0429
DEBUG - 2017-10-13 12:16:59 --> UTF-8 Support Enabled
DEBUG - 2017-10-13 12:16:59 --> No URI present. Default controller set.
DEBUG - 2017-10-13 12:16:59 --> Global POST, GET and COOKIE data sanitized
DEBUG - 2017-10-13 12:16:59 --> Config file loaded: /home/data/wwwroot/My_CodeIgniter/application/config/twig.php
DEBUG - 2017-10-13 12:16:59 --> Total execution time: 0.2987
DEBUG - 2017-10-13 16:38:13 --> UTF-8 Support Enabled
DEBUG - 2017-10-13 16:38:13 --> Global POST, GET and COOKIE data sanitized
ERROR - 2017-10-13 16:38:13 --> 404 Page Not Found: Robotstxt/index
DEBUG - 2017-10-13 17:14:05 --> UTF-8 Support Enabled
DEBUG - 2017-10-13 17:14:05 --> No URI present. Default controller set.
DEBUG - 2017-10-13 17:14:05 --> Global POST, GET and COOKIE data sanitized
DEBUG - 2017-10-13 17:14:05 --> Config file loaded: /home/data/wwwroot/My_CodeIgniter/application/config/twig.php
DEBUG - 2017-10-13 17:14:05 --> Total execution time: 0.0303
DEBUG - 2017-10-13 22:13:49 --> UTF-8 Support Enabled
DEBUG - 2017-10-13 22:13:49 --> Global POST, GET and COOKIE data sanitized
ERROR - 2017-10-13 22:13:49 --> 404 Page Not Found: Robotstxt/index
