DEBUG - 2017-08-14 03:16:08 --> UTF-8 Support Enabled
DEBUG - 2017-08-14 03:16:08 --> No URI present. Default controller set.
DEBUG - 2017-08-14 03:16:08 --> Global POST, GET and COOKIE data sanitized
DEBUG - 2017-08-14 03:16:08 --> Total execution time: 0.0470
DEBUG - 2017-08-14 05:02:04 --> UTF-8 Support Enabled
DEBUG - 2017-08-14 05:02:04 --> No URI present. Default controller set.
DEBUG - 2017-08-14 05:02:04 --> Global POST, GET and COOKIE data sanitized
DEBUG - 2017-08-14 05:02:04 --> Total execution time: 0.0381
DEBUG - 2017-08-14 09:34:22 --> UTF-8 Support Enabled
DEBUG - 2017-08-14 09:34:22 --> No URI present. Default controller set.
DEBUG - 2017-08-14 09:34:22 --> Global POST, GET and COOKIE data sanitized
DEBUG - 2017-08-14 09:34:23 --> UTF-8 Support Enabled
DEBUG - 2017-08-14 09:34:23 --> Global POST, GET and COOKIE data sanitized
ERROR - 2017-08-14 09:34:23 --> 404 Page Not Found: Faviconico/index
DEBUG - 2017-08-14 09:34:41 --> UTF-8 Support Enabled
DEBUG - 2017-08-14 09:34:41 --> No URI present. Default controller set.
DEBUG - 2017-08-14 09:34:41 --> Global POST, GET and COOKIE data sanitized
ERROR - 2017-08-14 09:34:41 --> Severity: error --> Exception: Call to undefined method Welcome::config() /home/data/wwwroot/My_CodeIgniter/application/core/My_Controller.php 40
DEBUG - 2017-08-14 09:34:41 --> UTF-8 Support Enabled
DEBUG - 2017-08-14 09:34:41 --> Global POST, GET and COOKIE data sanitized
ERROR - 2017-08-14 09:34:41 --> 404 Page Not Found: Faviconico/index
DEBUG - 2017-08-14 09:35:17 --> UTF-8 Support Enabled
DEBUG - 2017-08-14 09:35:17 --> No URI present. Default controller set.
DEBUG - 2017-08-14 09:35:17 --> Global POST, GET and COOKIE data sanitized
DEBUG - 2017-08-14 09:35:17 --> UTF-8 Support Enabled
DEBUG - 2017-08-14 09:35:17 --> Global POST, GET and COOKIE data sanitized
ERROR - 2017-08-14 09:35:17 --> 404 Page Not Found: Faviconico/index
DEBUG - 2017-08-14 09:36:36 --> UTF-8 Support Enabled
DEBUG - 2017-08-14 09:36:36 --> No URI present. Default controller set.
DEBUG - 2017-08-14 09:36:36 --> Global POST, GET and COOKIE data sanitized
DEBUG - 2017-08-14 09:36:37 --> UTF-8 Support Enabled
DEBUG - 2017-08-14 09:36:37 --> Global POST, GET and COOKIE data sanitized
ERROR - 2017-08-14 09:36:37 --> 404 Page Not Found: Faviconico/index
DEBUG - 2017-08-14 09:37:55 --> UTF-8 Support Enabled
DEBUG - 2017-08-14 09:37:55 --> No URI present. Default controller set.
DEBUG - 2017-08-14 09:37:55 --> Global POST, GET and COOKIE data sanitized
DEBUG - 2017-08-14 09:37:55 --> Config file loaded: /home/data/wwwroot/My_CodeIgniter/application/config/twig.php
DEBUG - 2017-08-14 09:37:56 --> UTF-8 Support Enabled
DEBUG - 2017-08-14 09:37:56 --> Global POST, GET and COOKIE data sanitized
ERROR - 2017-08-14 09:37:56 --> 404 Page Not Found: Faviconico/index
DEBUG - 2017-08-14 09:38:05 --> UTF-8 Support Enabled
DEBUG - 2017-08-14 09:38:05 --> No URI present. Default controller set.
DEBUG - 2017-08-14 09:38:05 --> Global POST, GET and COOKIE data sanitized
DEBUG - 2017-08-14 09:38:06 --> UTF-8 Support Enabled
DEBUG - 2017-08-14 09:38:06 --> Global POST, GET and COOKIE data sanitized
ERROR - 2017-08-14 09:38:06 --> 404 Page Not Found: Faviconico/index
DEBUG - 2017-08-14 09:38:33 --> UTF-8 Support Enabled
DEBUG - 2017-08-14 09:38:33 --> No URI present. Default controller set.
DEBUG - 2017-08-14 09:38:33 --> Global POST, GET and COOKIE data sanitized
DEBUG - 2017-08-14 09:38:33 --> Config file loaded: /home/data/wwwroot/My_CodeIgniter/application/config/twig.php
DEBUG - 2017-08-14 09:38:34 --> UTF-8 Support Enabled
DEBUG - 2017-08-14 09:38:34 --> Global POST, GET and COOKIE data sanitized
ERROR - 2017-08-14 09:38:34 --> 404 Page Not Found: Faviconico/index
DEBUG - 2017-08-14 09:38:44 --> UTF-8 Support Enabled
DEBUG - 2017-08-14 09:38:44 --> No URI present. Default controller set.
DEBUG - 2017-08-14 09:38:44 --> Global POST, GET and COOKIE data sanitized
DEBUG - 2017-08-14 09:38:44 --> Config file loaded: /home/data/wwwroot/My_CodeIgniter/application/config/twig.php
ERROR - 2017-08-14 09:38:44 --> Severity: error --> Exception: Call to a member function item() on boolean /home/data/wwwroot/My_CodeIgniter/application/core/My_Controller.php 41
DEBUG - 2017-08-14 09:38:45 --> UTF-8 Support Enabled
DEBUG - 2017-08-14 09:38:45 --> Global POST, GET and COOKIE data sanitized
ERROR - 2017-08-14 09:38:45 --> 404 Page Not Found: Faviconico/index
DEBUG - 2017-08-14 09:38:57 --> UTF-8 Support Enabled
DEBUG - 2017-08-14 09:38:57 --> No URI present. Default controller set.
DEBUG - 2017-08-14 09:38:57 --> Global POST, GET and COOKIE data sanitized
DEBUG - 2017-08-14 09:38:57 --> Config file loaded: /home/data/wwwroot/My_CodeIgniter/application/config/twig.php
DEBUG - 2017-08-14 09:38:58 --> UTF-8 Support Enabled
DEBUG - 2017-08-14 09:38:58 --> Global POST, GET and COOKIE data sanitized
ERROR - 2017-08-14 09:38:58 --> 404 Page Not Found: Faviconico/index
DEBUG - 2017-08-14 09:39:43 --> UTF-8 Support Enabled
DEBUG - 2017-08-14 09:39:43 --> No URI present. Default controller set.
DEBUG - 2017-08-14 09:39:43 --> Global POST, GET and COOKIE data sanitized
DEBUG - 2017-08-14 09:39:43 --> Config file loaded: /home/data/wwwroot/My_CodeIgniter/application/config/twig.php
ERROR - 2017-08-14 09:39:43 --> Severity: Notice --> Undefined property: Welcome::$app /home/data/wwwroot/My_CodeIgniter/application/core/My_Controller.php 42
ERROR - 2017-08-14 09:39:43 --> Severity: Notice --> Trying to get property of non-object /home/data/wwwroot/My_CodeIgniter/application/core/My_Controller.php 42
ERROR - 2017-08-14 09:39:43 --> Severity: Notice --> Undefined property: Welcome::$app /home/data/wwwroot/My_CodeIgniter/application/core/My_Controller.php 44
ERROR - 2017-08-14 09:39:43 --> Severity: Notice --> Trying to get property of non-object /home/data/wwwroot/My_CodeIgniter/application/core/My_Controller.php 44
ERROR - 2017-08-14 09:39:43 --> Severity: error --> Exception: Call to undefined method CI_Loader::Twig() /home/data/wwwroot/My_CodeIgniter/application/core/My_Controller.php 48
ERROR - 2017-08-14 09:39:43 --> Severity: Warning --> Cannot modify header information - headers already sent by (output started at /home/data/wwwroot/My_CodeIgniter/system/core/Exceptions.php:271) /home/data/wwwroot/My_CodeIgniter/system/core/Common.php 570
DEBUG - 2017-08-14 09:39:44 --> UTF-8 Support Enabled
DEBUG - 2017-08-14 09:39:44 --> Global POST, GET and COOKIE data sanitized
ERROR - 2017-08-14 09:39:44 --> 404 Page Not Found: Faviconico/index
DEBUG - 2017-08-14 09:40:00 --> UTF-8 Support Enabled
DEBUG - 2017-08-14 09:40:00 --> No URI present. Default controller set.
DEBUG - 2017-08-14 09:40:00 --> Global POST, GET and COOKIE data sanitized
DEBUG - 2017-08-14 09:40:00 --> Config file loaded: /home/data/wwwroot/My_CodeIgniter/application/config/twig.php
DEBUG - 2017-08-14 09:40:00 --> UTF-8 Support Enabled
DEBUG - 2017-08-14 09:40:00 --> Global POST, GET and COOKIE data sanitized
ERROR - 2017-08-14 09:40:00 --> 404 Page Not Found: Faviconico/index
DEBUG - 2017-08-14 09:40:13 --> UTF-8 Support Enabled
DEBUG - 2017-08-14 09:40:14 --> No URI present. Default controller set.
DEBUG - 2017-08-14 09:40:14 --> Global POST, GET and COOKIE data sanitized
DEBUG - 2017-08-14 09:40:14 --> Config file loaded: /home/data/wwwroot/My_CodeIgniter/application/config/twig.php
DEBUG - 2017-08-14 09:40:14 --> UTF-8 Support Enabled
DEBUG - 2017-08-14 09:40:14 --> Global POST, GET and COOKIE data sanitized
ERROR - 2017-08-14 09:40:14 --> 404 Page Not Found: Faviconico/index
DEBUG - 2017-08-14 09:41:01 --> UTF-8 Support Enabled
DEBUG - 2017-08-14 09:41:01 --> No URI present. Default controller set.
DEBUG - 2017-08-14 09:41:01 --> Global POST, GET and COOKIE data sanitized
DEBUG - 2017-08-14 09:41:01 --> Config file loaded: /home/data/wwwroot/My_CodeIgniter/application/config/twig.php
DEBUG - 2017-08-14 09:41:02 --> UTF-8 Support Enabled
DEBUG - 2017-08-14 09:41:02 --> Global POST, GET and COOKIE data sanitized
ERROR - 2017-08-14 09:41:02 --> 404 Page Not Found: Faviconico/index
ERROR - 2017-08-14 09:41:02 --> Severity: Warning --> include(/home/data/wwwroot/My_CodeIgniter/application/views/errors/html/error_404.php): failed to open stream: No such file or directory /home/data/wwwroot/My_CodeIgniter/system/core/Exceptions.php 182
ERROR - 2017-08-14 09:41:02 --> Severity: Warning --> include(/home/data/wwwroot/My_CodeIgniter/application/views/errors/html/error_404.php): failed to open stream: No such file or directory /home/data/wwwroot/My_CodeIgniter/system/core/Exceptions.php 182
ERROR - 2017-08-14 09:41:02 --> Severity: Warning --> include(): Failed opening '/home/data/wwwroot/My_CodeIgniter/application/views/errors/html/error_404.php' for inclusion (include_path='.:/usr/local/php/lib/php') /home/data/wwwroot/My_CodeIgniter/system/core/Exceptions.php 182
DEBUG - 2017-08-14 09:41:50 --> UTF-8 Support Enabled
DEBUG - 2017-08-14 09:41:50 --> No URI present. Default controller set.
DEBUG - 2017-08-14 09:41:50 --> Global POST, GET and COOKIE data sanitized
DEBUG - 2017-08-14 09:41:50 --> Config file loaded: /home/data/wwwroot/My_CodeIgniter/application/config/twig.php
ERROR - 2017-08-14 09:41:50 --> Severity: error --> Exception: Call to undefined method CI_Loader::Twig() /home/data/wwwroot/My_CodeIgniter/application/core/My_Controller.php 48
ERROR - 2017-08-14 09:41:50 --> Severity: Warning --> include(/home/data/wwwroot/My_CodeIgniter/application/views/errors/html/error_exception.php): failed to open stream: No such file or directory /home/data/wwwroot/My_CodeIgniter/system/core/Exceptions.php 219
ERROR - 2017-08-14 09:41:50 --> Severity: Warning --> include(/home/data/wwwroot/My_CodeIgniter/application/views/errors/html/error_exception.php): failed to open stream: No such file or directory /home/data/wwwroot/My_CodeIgniter/system/core/Exceptions.php 219
ERROR - 2017-08-14 09:41:50 --> Severity: Warning --> include(): Failed opening '/home/data/wwwroot/My_CodeIgniter/application/views/errors/html/error_exception.php' for inclusion (include_path='.:/usr/local/php/lib/php') /home/data/wwwroot/My_CodeIgniter/system/core/Exceptions.php 219
DEBUG - 2017-08-14 09:41:50 --> UTF-8 Support Enabled
DEBUG - 2017-08-14 09:41:50 --> Global POST, GET and COOKIE data sanitized
ERROR - 2017-08-14 09:41:50 --> 404 Page Not Found: Faviconico/index
ERROR - 2017-08-14 09:41:50 --> Severity: Warning --> include(/home/data/wwwroot/My_CodeIgniter/application/views/errors/html/error_404.php): failed to open stream: No such file or directory /home/data/wwwroot/My_CodeIgniter/system/core/Exceptions.php 182
ERROR - 2017-08-14 09:41:50 --> Severity: Warning --> include(/home/data/wwwroot/My_CodeIgniter/application/views/errors/html/error_404.php): failed to open stream: No such file or directory /home/data/wwwroot/My_CodeIgniter/system/core/Exceptions.php 182
ERROR - 2017-08-14 09:41:50 --> Severity: Warning --> include(): Failed opening '/home/data/wwwroot/My_CodeIgniter/application/views/errors/html/error_404.php' for inclusion (include_path='.:/usr/local/php/lib/php') /home/data/wwwroot/My_CodeIgniter/system/core/Exceptions.php 182
DEBUG - 2017-08-14 09:43:04 --> UTF-8 Support Enabled
DEBUG - 2017-08-14 09:43:04 --> No URI present. Default controller set.
DEBUG - 2017-08-14 09:43:04 --> Global POST, GET and COOKIE data sanitized
DEBUG - 2017-08-14 09:43:04 --> Config file loaded: /home/data/wwwroot/My_CodeIgniter/application/config/twig.php
ERROR - 2017-08-14 09:43:04 --> Severity: error --> Exception: Call to undefined method CI_Loader::Twig() /home/data/wwwroot/My_CodeIgniter/application/core/My_Controller.php 48
DEBUG - 2017-08-14 09:43:05 --> UTF-8 Support Enabled
DEBUG - 2017-08-14 09:43:05 --> Global POST, GET and COOKIE data sanitized
ERROR - 2017-08-14 09:43:05 --> 404 Page Not Found: Faviconico/index
DEBUG - 2017-08-14 09:43:21 --> UTF-8 Support Enabled
DEBUG - 2017-08-14 09:43:21 --> No URI present. Default controller set.
DEBUG - 2017-08-14 09:43:21 --> Global POST, GET and COOKIE data sanitized
DEBUG - 2017-08-14 09:43:21 --> Config file loaded: /home/data/wwwroot/My_CodeIgniter/application/config/twig.php
ERROR - 2017-08-14 09:43:21 --> Severity: error --> Exception: Call to undefined method CI_Loader::Twig() /home/data/wwwroot/My_CodeIgniter/application/core/My_Controller.php 48
DEBUG - 2017-08-14 09:43:21 --> UTF-8 Support Enabled
DEBUG - 2017-08-14 09:43:21 --> Global POST, GET and COOKIE data sanitized
ERROR - 2017-08-14 09:43:21 --> 404 Page Not Found: Faviconico/index
DEBUG - 2017-08-14 09:45:33 --> UTF-8 Support Enabled
DEBUG - 2017-08-14 09:45:33 --> No URI present. Default controller set.
DEBUG - 2017-08-14 09:45:33 --> Global POST, GET and COOKIE data sanitized
DEBUG - 2017-08-14 09:45:33 --> Config file loaded: /home/data/wwwroot/My_CodeIgniter/application/config/twig.php
ERROR - 2017-08-14 09:45:33 --> Severity: Warning --> Illegal offset type /home/data/wwwroot/My_CodeIgniter/application/core/My_Controller.php 48
ERROR - 2017-08-14 09:45:33 --> Severity: error --> Exception: Call to undefined method CI_Loader::assign() /home/data/wwwroot/My_CodeIgniter/application/core/My_Controller.php 33
DEBUG - 2017-08-14 09:45:34 --> UTF-8 Support Enabled
DEBUG - 2017-08-14 09:45:34 --> Global POST, GET and COOKIE data sanitized
ERROR - 2017-08-14 09:45:34 --> 404 Page Not Found: Faviconico/index
DEBUG - 2017-08-14 09:45:59 --> UTF-8 Support Enabled
DEBUG - 2017-08-14 09:45:59 --> No URI present. Default controller set.
DEBUG - 2017-08-14 09:45:59 --> Global POST, GET and COOKIE data sanitized
DEBUG - 2017-08-14 09:45:59 --> Config file loaded: /home/data/wwwroot/My_CodeIgniter/application/config/twig.php
ERROR - 2017-08-14 09:45:59 --> Severity: Warning --> Illegal offset type /home/data/wwwroot/My_CodeIgniter/application/core/My_Controller.php 48
DEBUG - 2017-08-14 09:46:00 --> UTF-8 Support Enabled
DEBUG - 2017-08-14 09:46:00 --> Global POST, GET and COOKIE data sanitized
ERROR - 2017-08-14 09:46:00 --> 404 Page Not Found: Faviconico/index
DEBUG - 2017-08-14 09:46:29 --> UTF-8 Support Enabled
DEBUG - 2017-08-14 09:46:29 --> No URI present. Default controller set.
DEBUG - 2017-08-14 09:46:29 --> Global POST, GET and COOKIE data sanitized
DEBUG - 2017-08-14 09:46:29 --> Config file loaded: /home/data/wwwroot/My_CodeIgniter/application/config/twig.php
ERROR - 2017-08-14 09:46:29 --> Severity: Warning --> Illegal offset type /home/data/wwwroot/My_CodeIgniter/application/core/My_Controller.php 48
DEBUG - 2017-08-14 09:46:29 --> UTF-8 Support Enabled
DEBUG - 2017-08-14 09:46:29 --> Global POST, GET and COOKIE data sanitized
ERROR - 2017-08-14 09:46:29 --> 404 Page Not Found: Faviconico/index
DEBUG - 2017-08-14 09:47:10 --> UTF-8 Support Enabled
DEBUG - 2017-08-14 09:47:10 --> No URI present. Default controller set.
DEBUG - 2017-08-14 09:47:10 --> Global POST, GET and COOKIE data sanitized
DEBUG - 2017-08-14 09:47:10 --> Config file loaded: /home/data/wwwroot/My_CodeIgniter/application/config/twig.php
ERROR - 2017-08-14 09:47:10 --> Severity: Warning --> Illegal offset type /home/data/wwwroot/My_CodeIgniter/application/core/My_Controller.php 48
DEBUG - 2017-08-14 09:47:10 --> UTF-8 Support Enabled
DEBUG - 2017-08-14 09:47:10 --> Global POST, GET and COOKIE data sanitized
ERROR - 2017-08-14 09:47:10 --> 404 Page Not Found: Faviconico/index
DEBUG - 2017-08-14 09:47:19 --> UTF-8 Support Enabled
DEBUG - 2017-08-14 09:47:19 --> No URI present. Default controller set.
DEBUG - 2017-08-14 09:47:19 --> Global POST, GET and COOKIE data sanitized
DEBUG - 2017-08-14 09:47:19 --> Config file loaded: /home/data/wwwroot/My_CodeIgniter/application/config/twig.php
ERROR - 2017-08-14 09:47:19 --> Severity: Warning --> Illegal offset type /home/data/wwwroot/My_CodeIgniter/application/core/My_Controller.php 48
DEBUG - 2017-08-14 09:47:20 --> UTF-8 Support Enabled
DEBUG - 2017-08-14 09:47:20 --> Global POST, GET and COOKIE data sanitized
ERROR - 2017-08-14 09:47:20 --> 404 Page Not Found: Faviconico/index
DEBUG - 2017-08-14 09:47:32 --> UTF-8 Support Enabled
DEBUG - 2017-08-14 09:47:32 --> No URI present. Default controller set.
DEBUG - 2017-08-14 09:47:32 --> Global POST, GET and COOKIE data sanitized
DEBUG - 2017-08-14 09:47:32 --> Config file loaded: /home/data/wwwroot/My_CodeIgniter/application/config/twig.php
DEBUG - 2017-08-14 09:47:33 --> UTF-8 Support Enabled
DEBUG - 2017-08-14 09:47:33 --> Global POST, GET and COOKIE data sanitized
ERROR - 2017-08-14 09:47:33 --> 404 Page Not Found: Faviconico/index
DEBUG - 2017-08-14 09:47:35 --> UTF-8 Support Enabled
DEBUG - 2017-08-14 09:47:35 --> No URI present. Default controller set.
DEBUG - 2017-08-14 09:47:35 --> Global POST, GET and COOKIE data sanitized
DEBUG - 2017-08-14 09:47:35 --> Config file loaded: /home/data/wwwroot/My_CodeIgniter/application/config/twig.php
DEBUG - 2017-08-14 09:47:35 --> UTF-8 Support Enabled
DEBUG - 2017-08-14 09:47:35 --> Global POST, GET and COOKIE data sanitized
ERROR - 2017-08-14 09:47:35 --> 404 Page Not Found: Faviconico/index
DEBUG - 2017-08-14 09:48:54 --> UTF-8 Support Enabled
DEBUG - 2017-08-14 09:48:54 --> No URI present. Default controller set.
DEBUG - 2017-08-14 09:48:54 --> Global POST, GET and COOKIE data sanitized
DEBUG - 2017-08-14 09:48:54 --> Config file loaded: /home/data/wwwroot/My_CodeIgniter/application/config/twig.php
ERROR - 2017-08-14 09:48:54 --> Severity: Notice --> Undefined index: view /home/data/wwwroot/My_CodeIgniter/application/libraries/Twig.php 12
DEBUG - 2017-08-14 09:48:54 --> UTF-8 Support Enabled
DEBUG - 2017-08-14 09:48:54 --> Global POST, GET and COOKIE data sanitized
ERROR - 2017-08-14 09:48:54 --> 404 Page Not Found: Faviconico/index
DEBUG - 2017-08-14 09:49:14 --> UTF-8 Support Enabled
DEBUG - 2017-08-14 09:49:14 --> No URI present. Default controller set.
DEBUG - 2017-08-14 09:49:14 --> Global POST, GET and COOKIE data sanitized
DEBUG - 2017-08-14 09:49:14 --> Config file loaded: /home/data/wwwroot/My_CodeIgniter/application/config/twig.php
DEBUG - 2017-08-14 09:49:15 --> UTF-8 Support Enabled
DEBUG - 2017-08-14 09:49:15 --> Global POST, GET and COOKIE data sanitized
ERROR - 2017-08-14 09:49:15 --> 404 Page Not Found: Faviconico/index
DEBUG - 2017-08-14 09:49:39 --> UTF-8 Support Enabled
DEBUG - 2017-08-14 09:49:39 --> No URI present. Default controller set.
DEBUG - 2017-08-14 09:49:39 --> Global POST, GET and COOKIE data sanitized
DEBUG - 2017-08-14 09:49:39 --> Config file loaded: /home/data/wwwroot/My_CodeIgniter/application/config/twig.php
DEBUG - 2017-08-14 09:49:40 --> UTF-8 Support Enabled
DEBUG - 2017-08-14 09:49:40 --> Global POST, GET and COOKIE data sanitized
ERROR - 2017-08-14 09:49:40 --> 404 Page Not Found: Faviconico/index
DEBUG - 2017-08-14 09:49:46 --> UTF-8 Support Enabled
DEBUG - 2017-08-14 09:49:46 --> No URI present. Default controller set.
DEBUG - 2017-08-14 09:49:46 --> Global POST, GET and COOKIE data sanitized
DEBUG - 2017-08-14 09:49:46 --> Config file loaded: /home/data/wwwroot/My_CodeIgniter/application/config/twig.php
DEBUG - 2017-08-14 09:49:46 --> UTF-8 Support Enabled
DEBUG - 2017-08-14 09:49:46 --> Global POST, GET and COOKIE data sanitized
ERROR - 2017-08-14 09:49:46 --> 404 Page Not Found: Faviconico/index
DEBUG - 2017-08-14 09:50:00 --> UTF-8 Support Enabled
DEBUG - 2017-08-14 09:50:00 --> No URI present. Default controller set.
DEBUG - 2017-08-14 09:50:00 --> Global POST, GET and COOKIE data sanitized
DEBUG - 2017-08-14 09:50:00 --> Config file loaded: /home/data/wwwroot/My_CodeIgniter/application/config/twig.php
ERROR - 2017-08-14 09:50:00 --> Severity: Notice --> Undefined property: Welcome::$smarty /home/data/wwwroot/My_CodeIgniter/application/core/My_Controller.php 82
ERROR - 2017-08-14 09:50:00 --> Severity: error --> Exception: Call to a member function assign() on null /home/data/wwwroot/My_CodeIgniter/application/core/My_Controller.php 82
DEBUG - 2017-08-14 09:50:00 --> UTF-8 Support Enabled
DEBUG - 2017-08-14 09:50:00 --> Global POST, GET and COOKIE data sanitized
ERROR - 2017-08-14 09:50:00 --> 404 Page Not Found: Faviconico/index
DEBUG - 2017-08-14 09:51:09 --> UTF-8 Support Enabled
DEBUG - 2017-08-14 09:51:09 --> No URI present. Default controller set.
DEBUG - 2017-08-14 09:51:09 --> Global POST, GET and COOKIE data sanitized
DEBUG - 2017-08-14 09:51:09 --> Config file loaded: /home/data/wwwroot/My_CodeIgniter/application/config/twig.php
ERROR - 2017-08-14 09:51:09 --> Severity: Notice --> Undefined property: Welcome::$smarty /home/data/wwwroot/My_CodeIgniter/application/core/My_Controller.php 82
ERROR - 2017-08-14 09:51:09 --> Severity: error --> Exception: Call to a member function assign() on null /home/data/wwwroot/My_CodeIgniter/application/core/My_Controller.php 82
DEBUG - 2017-08-14 09:51:10 --> UTF-8 Support Enabled
DEBUG - 2017-08-14 09:51:10 --> Global POST, GET and COOKIE data sanitized
ERROR - 2017-08-14 09:51:10 --> 404 Page Not Found: Faviconico/index
DEBUG - 2017-08-14 09:51:11 --> UTF-8 Support Enabled
DEBUG - 2017-08-14 09:51:11 --> No URI present. Default controller set.
DEBUG - 2017-08-14 09:51:11 --> Global POST, GET and COOKIE data sanitized
DEBUG - 2017-08-14 09:51:11 --> Config file loaded: /home/data/wwwroot/My_CodeIgniter/application/config/twig.php
ERROR - 2017-08-14 09:51:11 --> Severity: Notice --> Undefined property: Welcome::$smarty /home/data/wwwroot/My_CodeIgniter/application/core/My_Controller.php 82
ERROR - 2017-08-14 09:51:11 --> Severity: error --> Exception: Call to a member function assign() on null /home/data/wwwroot/My_CodeIgniter/application/core/My_Controller.php 82
DEBUG - 2017-08-14 09:51:11 --> UTF-8 Support Enabled
DEBUG - 2017-08-14 09:51:11 --> Global POST, GET and COOKIE data sanitized
ERROR - 2017-08-14 09:51:11 --> 404 Page Not Found: Faviconico/index
DEBUG - 2017-08-14 09:51:18 --> UTF-8 Support Enabled
DEBUG - 2017-08-14 09:51:18 --> No URI present. Default controller set.
DEBUG - 2017-08-14 09:51:18 --> Global POST, GET and COOKIE data sanitized
DEBUG - 2017-08-14 09:51:18 --> Config file loaded: /home/data/wwwroot/My_CodeIgniter/application/config/twig.php
ERROR - 2017-08-14 09:51:18 --> Severity: Notice --> Undefined property: Welcome::$smarty /home/data/wwwroot/My_CodeIgniter/application/core/My_Controller.php 82
ERROR - 2017-08-14 09:51:18 --> Severity: error --> Exception: Call to a member function assign() on null /home/data/wwwroot/My_CodeIgniter/application/core/My_Controller.php 82
DEBUG - 2017-08-14 09:51:18 --> UTF-8 Support Enabled
DEBUG - 2017-08-14 09:51:18 --> Global POST, GET and COOKIE data sanitized
ERROR - 2017-08-14 09:51:18 --> 404 Page Not Found: Faviconico/index
DEBUG - 2017-08-14 09:51:58 --> UTF-8 Support Enabled
DEBUG - 2017-08-14 09:51:58 --> No URI present. Default controller set.
DEBUG - 2017-08-14 09:51:58 --> Global POST, GET and COOKIE data sanitized
DEBUG - 2017-08-14 09:51:58 --> Config file loaded: /home/data/wwwroot/My_CodeIgniter/application/config/twig.php
DEBUG - 2017-08-14 09:51:58 --> Total execution time: 0.0634
DEBUG - 2017-08-14 09:51:58 --> UTF-8 Support Enabled
DEBUG - 2017-08-14 09:51:58 --> Global POST, GET and COOKIE data sanitized
ERROR - 2017-08-14 09:51:58 --> 404 Page Not Found: Faviconico/index
DEBUG - 2017-08-14 09:53:03 --> UTF-8 Support Enabled
DEBUG - 2017-08-14 09:53:03 --> No URI present. Default controller set.
DEBUG - 2017-08-14 09:53:03 --> Global POST, GET and COOKIE data sanitized
DEBUG - 2017-08-14 09:53:03 --> Config file loaded: /home/data/wwwroot/My_CodeIgniter/application/config/twig.php
DEBUG - 2017-08-14 09:53:03 --> Total execution time: 0.0294
DEBUG - 2017-08-14 09:53:03 --> UTF-8 Support Enabled
DEBUG - 2017-08-14 09:53:03 --> Global POST, GET and COOKIE data sanitized
ERROR - 2017-08-14 09:53:03 --> 404 Page Not Found: Faviconico/index
DEBUG - 2017-08-14 09:53:41 --> UTF-8 Support Enabled
DEBUG - 2017-08-14 09:53:41 --> No URI present. Default controller set.
DEBUG - 2017-08-14 09:53:41 --> Global POST, GET and COOKIE data sanitized
DEBUG - 2017-08-14 09:53:41 --> Config file loaded: /home/data/wwwroot/My_CodeIgniter/application/config/twig.php
DEBUG - 2017-08-14 09:53:41 --> Total execution time: 0.0270
DEBUG - 2017-08-14 09:53:41 --> UTF-8 Support Enabled
DEBUG - 2017-08-14 09:53:41 --> Global POST, GET and COOKIE data sanitized
ERROR - 2017-08-14 09:53:41 --> 404 Page Not Found: Faviconico/index
DEBUG - 2017-08-14 09:57:28 --> UTF-8 Support Enabled
DEBUG - 2017-08-14 09:57:28 --> No URI present. Default controller set.
DEBUG - 2017-08-14 09:57:28 --> Global POST, GET and COOKIE data sanitized
DEBUG - 2017-08-14 09:57:28 --> Config file loaded: /home/data/wwwroot/My_CodeIgniter/application/config/twig.php
DEBUG - 2017-08-14 09:57:28 --> Total execution time: 0.0292
DEBUG - 2017-08-14 09:57:29 --> UTF-8 Support Enabled
DEBUG - 2017-08-14 09:57:29 --> Global POST, GET and COOKIE data sanitized
ERROR - 2017-08-14 09:57:29 --> 404 Page Not Found: Faviconico/index
DEBUG - 2017-08-14 09:57:46 --> UTF-8 Support Enabled
DEBUG - 2017-08-14 09:57:46 --> No URI present. Default controller set.
DEBUG - 2017-08-14 09:57:46 --> Global POST, GET and COOKIE data sanitized
DEBUG - 2017-08-14 09:57:46 --> Config file loaded: /home/data/wwwroot/My_CodeIgniter/application/config/twig.php
DEBUG - 2017-08-14 09:57:46 --> Total execution time: 0.0268
DEBUG - 2017-08-14 09:57:47 --> UTF-8 Support Enabled
DEBUG - 2017-08-14 09:57:47 --> Global POST, GET and COOKIE data sanitized
ERROR - 2017-08-14 09:57:47 --> 404 Page Not Found: Faviconico/index
DEBUG - 2017-08-14 12:56:43 --> UTF-8 Support Enabled
DEBUG - 2017-08-14 12:56:43 --> No URI present. Default controller set.
DEBUG - 2017-08-14 12:56:43 --> Global POST, GET and COOKIE data sanitized
DEBUG - 2017-08-14 12:56:43 --> Config file loaded: /home/data/wwwroot/My_CodeIgniter/application/config/twig.php
DEBUG - 2017-08-14 12:56:43 --> Total execution time: 0.0297
DEBUG - 2017-08-14 14:32:51 --> UTF-8 Support Enabled
DEBUG - 2017-08-14 14:32:51 --> No URI present. Default controller set.
DEBUG - 2017-08-14 14:32:51 --> Global POST, GET and COOKIE data sanitized
DEBUG - 2017-08-14 14:32:51 --> Config file loaded: /home/data/wwwroot/My_CodeIgniter/application/config/twig.php
DEBUG - 2017-08-14 14:32:51 --> Total execution time: 0.0280
DEBUG - 2017-08-14 18:49:12 --> UTF-8 Support Enabled
DEBUG - 2017-08-14 18:49:12 --> No URI present. Default controller set.
DEBUG - 2017-08-14 18:49:12 --> Global POST, GET and COOKIE data sanitized
DEBUG - 2017-08-14 18:49:12 --> Config file loaded: /home/data/wwwroot/My_CodeIgniter/application/config/twig.php
DEBUG - 2017-08-14 18:49:12 --> Total execution time: 0.1249
DEBUG - 2017-08-14 23:30:03 --> UTF-8 Support Enabled
DEBUG - 2017-08-14 23:30:03 --> No URI present. Default controller set.
DEBUG - 2017-08-14 23:30:03 --> Global POST, GET and COOKIE data sanitized
DEBUG - 2017-08-14 23:30:04 --> Config file loaded: /home/data/wwwroot/My_CodeIgniter/application/config/twig.php
DEBUG - 2017-08-14 23:30:04 --> Total execution time: 0.2713
