DEBUG - 2017-08-29 08:22:02 --> UTF-8 Support Enabled
DEBUG - 2017-08-29 08:22:02 --> No URI present. Default controller set.
DEBUG - 2017-08-29 08:22:02 --> Global POST, GET and COOKIE data sanitized
DEBUG - 2017-08-29 08:22:02 --> Config file loaded: /home/data/wwwroot/My_CodeIgniter/application/config/twig.php
DEBUG - 2017-08-29 08:22:02 --> Total execution time: 0.2179
DEBUG - 2017-08-29 09:56:51 --> UTF-8 Support Enabled
DEBUG - 2017-08-29 09:56:51 --> No URI present. Default controller set.
DEBUG - 2017-08-29 09:56:51 --> Global POST, GET and COOKIE data sanitized
DEBUG - 2017-08-29 09:56:51 --> Config file loaded: /home/data/wwwroot/My_CodeIgniter/application/config/twig.php
DEBUG - 2017-08-29 09:56:51 --> Total execution time: 0.0269
DEBUG - 2017-08-29 12:15:00 --> UTF-8 Support Enabled
DEBUG - 2017-08-29 12:15:00 --> No URI present. Default controller set.
DEBUG - 2017-08-29 12:15:00 --> Global POST, GET and COOKIE data sanitized
DEBUG - 2017-08-29 12:15:00 --> Config file loaded: /home/data/wwwroot/My_CodeIgniter/application/config/twig.php
DEBUG - 2017-08-29 12:15:00 --> Total execution time: 0.0274
DEBUG - 2017-08-29 18:02:55 --> UTF-8 Support Enabled
DEBUG - 2017-08-29 18:02:55 --> No URI present. Default controller set.
DEBUG - 2017-08-29 18:02:55 --> Global POST, GET and COOKIE data sanitized
DEBUG - 2017-08-29 18:02:55 --> Config file loaded: /home/data/wwwroot/My_CodeIgniter/application/config/twig.php
DEBUG - 2017-08-29 18:02:55 --> Total execution time: 0.0344
DEBUG - 2017-08-29 20:58:43 --> UTF-8 Support Enabled
DEBUG - 2017-08-29 20:58:43 --> No URI present. Default controller set.
DEBUG - 2017-08-29 20:58:43 --> Global POST, GET and COOKIE data sanitized
DEBUG - 2017-08-29 20:58:43 --> Config file loaded: /home/data/wwwroot/My_CodeIgniter/application/config/twig.php
DEBUG - 2017-08-29 20:58:43 --> Total execution time: 0.0260
