DEBUG - 2017-09-28 00:53:13 --> UTF-8 Support Enabled
DEBUG - 2017-09-28 00:53:13 --> Global POST, GET and COOKIE data sanitized
ERROR - 2017-09-28 00:53:13 --> 404 Page Not Found: Robotstxt/index
DEBUG - 2017-09-28 00:53:17 --> UTF-8 Support Enabled
DEBUG - 2017-09-28 00:53:17 --> No URI present. Default controller set.
DEBUG - 2017-09-28 00:53:17 --> Global POST, GET and COOKIE data sanitized
DEBUG - 2017-09-28 00:53:17 --> Config file loaded: /home/data/wwwroot/My_CodeIgniter/application/config/twig.php
DEBUG - 2017-09-28 00:53:17 --> Total execution time: 0.0296
DEBUG - 2017-09-28 00:53:47 --> UTF-8 Support Enabled
DEBUG - 2017-09-28 00:53:47 --> No URI present. Default controller set.
DEBUG - 2017-09-28 00:53:47 --> Global POST, GET and COOKIE data sanitized
DEBUG - 2017-09-28 00:53:47 --> Config file loaded: /home/data/wwwroot/My_CodeIgniter/application/config/twig.php
DEBUG - 2017-09-28 00:53:47 --> Total execution time: 0.0413
DEBUG - 2017-09-28 06:34:51 --> UTF-8 Support Enabled
DEBUG - 2017-09-28 06:34:51 --> No URI present. Default controller set.
DEBUG - 2017-09-28 06:34:51 --> Global POST, GET and COOKIE data sanitized
DEBUG - 2017-09-28 06:34:51 --> Config file loaded: /home/data/wwwroot/My_CodeIgniter/application/config/twig.php
DEBUG - 2017-09-28 06:34:51 --> Total execution time: 0.0556
DEBUG - 2017-09-28 13:27:22 --> UTF-8 Support Enabled
DEBUG - 2017-09-28 13:27:22 --> No URI present. Default controller set.
DEBUG - 2017-09-28 13:27:22 --> Global POST, GET and COOKIE data sanitized
DEBUG - 2017-09-28 13:27:22 --> Config file loaded: /home/data/wwwroot/My_CodeIgniter/application/config/twig.php
DEBUG - 2017-09-28 13:27:22 --> Total execution time: 0.0550
DEBUG - 2017-09-28 14:52:04 --> UTF-8 Support Enabled
DEBUG - 2017-09-28 14:52:04 --> No URI present. Default controller set.
DEBUG - 2017-09-28 14:52:04 --> Global POST, GET and COOKIE data sanitized
DEBUG - 2017-09-28 14:52:04 --> Config file loaded: /home/data/wwwroot/My_CodeIgniter/application/config/twig.php
DEBUG - 2017-09-28 14:52:04 --> Total execution time: 0.0291
DEBUG - 2017-09-28 14:52:05 --> UTF-8 Support Enabled
DEBUG - 2017-09-28 14:52:05 --> Global POST, GET and COOKIE data sanitized
ERROR - 2017-09-28 14:52:05 --> 404 Page Not Found: Faviconico/index
DEBUG - 2017-09-28 15:10:36 --> UTF-8 Support Enabled
DEBUG - 2017-09-28 15:10:36 --> No URI present. Default controller set.
DEBUG - 2017-09-28 15:10:36 --> Global POST, GET and COOKIE data sanitized
DEBUG - 2017-09-28 15:10:36 --> Config file loaded: /home/data/wwwroot/My_CodeIgniter/application/config/twig.php
DEBUG - 2017-09-28 15:10:36 --> Total execution time: 0.0271
