DEBUG - 2017-09-29 13:04:59 --> UTF-8 Support Enabled
DEBUG - 2017-09-29 13:04:59 --> No URI present. Default controller set.
DEBUG - 2017-09-29 13:04:59 --> Global POST, GET and COOKIE data sanitized
DEBUG - 2017-09-29 13:04:59 --> Config file loaded: /home/data/wwwroot/My_CodeIgniter/application/config/twig.php
DEBUG - 2017-09-29 13:04:59 --> Total execution time: 0.0301
DEBUG - 2017-09-29 17:23:22 --> UTF-8 Support Enabled
DEBUG - 2017-09-29 17:23:22 --> No URI present. Default controller set.
DEBUG - 2017-09-29 17:23:22 --> Global POST, GET and COOKIE data sanitized
DEBUG - 2017-09-29 17:23:22 --> Config file loaded: /home/data/wwwroot/My_CodeIgniter/application/config/twig.php
DEBUG - 2017-09-29 17:23:22 --> Total execution time: 0.0395
DEBUG - 2017-09-29 17:43:59 --> UTF-8 Support Enabled
DEBUG - 2017-09-29 17:43:59 --> Global POST, GET and COOKIE data sanitized
ERROR - 2017-09-29 17:43:59 --> 404 Page Not Found: Robotstxt/index
DEBUG - 2017-09-29 17:44:02 --> UTF-8 Support Enabled
DEBUG - 2017-09-29 17:44:02 --> No URI present. Default controller set.
DEBUG - 2017-09-29 17:44:02 --> Global POST, GET and COOKIE data sanitized
DEBUG - 2017-09-29 17:44:02 --> Config file loaded: /home/data/wwwroot/My_CodeIgniter/application/config/twig.php
DEBUG - 2017-09-29 17:44:02 --> Total execution time: 0.0333
DEBUG - 2017-09-29 18:40:57 --> UTF-8 Support Enabled
DEBUG - 2017-09-29 18:40:57 --> Global POST, GET and COOKIE data sanitized
ERROR - 2017-09-29 18:40:57 --> 404 Page Not Found: Robotstxt/index
DEBUG - 2017-09-29 19:29:23 --> UTF-8 Support Enabled
DEBUG - 2017-09-29 19:29:23 --> Global POST, GET and COOKIE data sanitized
ERROR - 2017-09-29 19:29:23 --> 404 Page Not Found: Robotstxt/index
DEBUG - 2017-09-29 19:29:23 --> UTF-8 Support Enabled
DEBUG - 2017-09-29 19:29:23 --> No URI present. Default controller set.
DEBUG - 2017-09-29 19:29:23 --> Global POST, GET and COOKIE data sanitized
DEBUG - 2017-09-29 19:29:23 --> Config file loaded: /home/data/wwwroot/My_CodeIgniter/application/config/twig.php
DEBUG - 2017-09-29 19:29:23 --> Total execution time: 0.0285
