DEBUG - 2017-09-07 11:12:41 --> UTF-8 Support Enabled
DEBUG - 2017-09-07 11:12:41 --> No URI present. Default controller set.
DEBUG - 2017-09-07 11:12:41 --> Global POST, GET and COOKIE data sanitized
DEBUG - 2017-09-07 11:12:41 --> Config file loaded: /home/data/wwwroot/My_CodeIgniter/application/config/twig.php
DEBUG - 2017-09-07 11:12:42 --> Total execution time: 0.2888
DEBUG - 2017-09-07 11:12:42 --> UTF-8 Support Enabled
DEBUG - 2017-09-07 11:12:42 --> Global POST, GET and COOKIE data sanitized
ERROR - 2017-09-07 11:12:42 --> 404 Page Not Found: Faviconico/index
DEBUG - 2017-09-07 11:13:17 --> UTF-8 Support Enabled
DEBUG - 2017-09-07 11:13:17 --> No URI present. Default controller set.
DEBUG - 2017-09-07 11:13:17 --> Global POST, GET and COOKIE data sanitized
DEBUG - 2017-09-07 11:13:17 --> Config file loaded: /home/data/wwwroot/My_CodeIgniter/application/config/twig.php
DEBUG - 2017-09-07 11:13:17 --> Total execution time: 0.0269
DEBUG - 2017-09-07 11:13:55 --> UTF-8 Support Enabled
DEBUG - 2017-09-07 11:13:55 --> No URI present. Default controller set.
DEBUG - 2017-09-07 11:13:55 --> Global POST, GET and COOKIE data sanitized
DEBUG - 2017-09-07 11:13:55 --> Config file loaded: /home/data/wwwroot/My_CodeIgniter/application/config/twig.php
DEBUG - 2017-09-07 11:13:55 --> Total execution time: 0.0257
DEBUG - 2017-09-07 16:35:41 --> UTF-8 Support Enabled
DEBUG - 2017-09-07 16:35:41 --> No URI present. Default controller set.
DEBUG - 2017-09-07 16:35:41 --> Global POST, GET and COOKIE data sanitized
DEBUG - 2017-09-07 16:35:41 --> Config file loaded: /home/data/wwwroot/My_CodeIgniter/application/config/twig.php
DEBUG - 2017-09-07 16:35:41 --> Total execution time: 0.3521
DEBUG - 2017-09-07 20:34:01 --> UTF-8 Support Enabled
DEBUG - 2017-09-07 20:34:01 --> No URI present. Default controller set.
DEBUG - 2017-09-07 20:34:01 --> Global POST, GET and COOKIE data sanitized
DEBUG - 2017-09-07 20:34:02 --> Config file loaded: /home/data/wwwroot/My_CodeIgniter/application/config/twig.php
DEBUG - 2017-09-07 20:34:02 --> Total execution time: 0.3720
DEBUG - 2017-09-07 21:28:16 --> UTF-8 Support Enabled
DEBUG - 2017-09-07 21:28:16 --> No URI present. Default controller set.
DEBUG - 2017-09-07 21:28:16 --> Global POST, GET and COOKIE data sanitized
DEBUG - 2017-09-07 21:28:16 --> Config file loaded: /home/data/wwwroot/My_CodeIgniter/application/config/twig.php
DEBUG - 2017-09-07 21:28:16 --> Total execution time: 0.0277
