DEBUG - 2017-07-28 06:08:49 --> UTF-8 Support Enabled
DEBUG - 2017-07-28 06:08:49 --> No URI present. Default controller set.
DEBUG - 2017-07-28 06:08:49 --> Global POST, GET and COOKIE data sanitized
DEBUG - 2017-07-28 06:08:49 --> Total execution time: 0.0384
DEBUG - 2017-07-28 13:48:23 --> UTF-8 Support Enabled
DEBUG - 2017-07-28 13:48:23 --> Global POST, GET and COOKIE data sanitized
ERROR - 2017-07-28 13:48:23 --> 404 Page Not Found: Robotstxt/index
DEBUG - 2017-07-28 13:48:27 --> UTF-8 Support Enabled
DEBUG - 2017-07-28 13:48:27 --> No URI present. Default controller set.
DEBUG - 2017-07-28 13:48:27 --> Global POST, GET and COOKIE data sanitized
DEBUG - 2017-07-28 13:48:27 --> Total execution time: 0.0399
DEBUG - 2017-07-28 18:58:42 --> UTF-8 Support Enabled
DEBUG - 2017-07-28 18:58:42 --> No URI present. Default controller set.
DEBUG - 2017-07-28 18:58:42 --> Global POST, GET and COOKIE data sanitized
DEBUG - 2017-07-28 18:58:42 --> Total execution time: 0.0418
DEBUG - 2017-07-28 19:43:48 --> UTF-8 Support Enabled
DEBUG - 2017-07-28 19:43:48 --> No URI present. Default controller set.
DEBUG - 2017-07-28 19:43:48 --> Global POST, GET and COOKIE data sanitized
DEBUG - 2017-07-28 19:43:48 --> Total execution time: 0.0398
DEBUG - 2017-07-28 20:37:27 --> UTF-8 Support Enabled
DEBUG - 2017-07-28 20:37:27 --> No URI present. Default controller set.
DEBUG - 2017-07-28 20:37:27 --> Global POST, GET and COOKIE data sanitized
DEBUG - 2017-07-28 20:37:27 --> Total execution time: 0.0384
