DEBUG - 2017-10-19 03:29:24 --> UTF-8 Support Enabled
DEBUG - 2017-10-19 03:29:24 --> No URI present. Default controller set.
DEBUG - 2017-10-19 03:29:24 --> Global POST, GET and COOKIE data sanitized
DEBUG - 2017-10-19 03:29:24 --> Config file loaded: /home/data/wwwroot/My_CodeIgniter/application/config/twig.php
DEBUG - 2017-10-19 03:29:24 --> Total execution time: 0.0252
DEBUG - 2017-10-19 03:29:24 --> UTF-8 Support Enabled
DEBUG - 2017-10-19 03:29:24 --> Global POST, GET and COOKIE data sanitized
ERROR - 2017-10-19 03:29:24 --> 404 Page Not Found: Data/admin
DEBUG - 2017-10-19 03:29:24 --> UTF-8 Support Enabled
DEBUG - 2017-10-19 03:29:24 --> Global POST, GET and COOKIE data sanitized
ERROR - 2017-10-19 03:29:24 --> 404 Page Not Found: Faviconico/index
DEBUG - 2017-10-19 03:29:24 --> UTF-8 Support Enabled
DEBUG - 2017-10-19 03:29:24 --> Global POST, GET and COOKIE data sanitized
ERROR - 2017-10-19 03:29:24 --> 404 Page Not Found: Data/admin
DEBUG - 2017-10-19 03:29:24 --> UTF-8 Support Enabled
DEBUG - 2017-10-19 03:29:24 --> Global POST, GET and COOKIE data sanitized
ERROR - 2017-10-19 03:29:24 --> 404 Page Not Found: Faviconico/index
DEBUG - 2017-10-19 03:29:24 --> UTF-8 Support Enabled
DEBUG - 2017-10-19 03:29:24 --> Global POST, GET and COOKIE data sanitized
ERROR - 2017-10-19 03:29:24 --> 404 Page Not Found: Faviconico/index
DEBUG - 2017-10-19 03:29:24 --> UTF-8 Support Enabled
DEBUG - 2017-10-19 03:29:24 --> Global POST, GET and COOKIE data sanitized
ERROR - 2017-10-19 03:29:24 --> 404 Page Not Found: Admin/discuzfiles.md5
DEBUG - 2017-10-19 03:29:24 --> UTF-8 Support Enabled
DEBUG - 2017-10-19 03:29:24 --> Global POST, GET and COOKIE data sanitized
ERROR - 2017-10-19 03:29:24 --> 404 Page Not Found: Faviconico/index
DEBUG - 2017-10-19 03:29:24 --> UTF-8 Support Enabled
DEBUG - 2017-10-19 03:29:24 --> Global POST, GET and COOKIE data sanitized
ERROR - 2017-10-19 03:29:24 --> 404 Page Not Found: Htaccesstxt/index
DEBUG - 2017-10-19 03:29:24 --> UTF-8 Support Enabled
DEBUG - 2017-10-19 03:29:24 --> Global POST, GET and COOKIE data sanitized
ERROR - 2017-10-19 03:29:24 --> 404 Page Not Found: Htaccess/index
DEBUG - 2017-10-19 03:29:24 --> UTF-8 Support Enabled
DEBUG - 2017-10-19 03:29:24 --> Global POST, GET and COOKIE data sanitized
ERROR - 2017-10-19 03:29:24 --> 404 Page Not Found: Admin/Include
DEBUG - 2017-10-19 03:29:25 --> UTF-8 Support Enabled
DEBUG - 2017-10-19 03:29:25 --> Global POST, GET and COOKIE data sanitized
ERROR - 2017-10-19 03:29:25 --> 404 Page Not Found: Faviconico/index
DEBUG - 2017-10-19 03:29:25 --> UTF-8 Support Enabled
DEBUG - 2017-10-19 03:29:25 --> Global POST, GET and COOKIE data sanitized
ERROR - 2017-10-19 03:29:25 --> 404 Page Not Found: Inc/NoSqlHack.Asp
DEBUG - 2017-10-19 03:29:25 --> UTF-8 Support Enabled
DEBUG - 2017-10-19 03:29:25 --> Global POST, GET and COOKIE data sanitized
ERROR - 2017-10-19 03:29:25 --> 404 Page Not Found: E/tool
DEBUG - 2017-10-19 03:29:25 --> UTF-8 Support Enabled
DEBUG - 2017-10-19 03:29:25 --> Global POST, GET and COOKIE data sanitized
ERROR - 2017-10-19 03:29:25 --> 404 Page Not Found: Images/user_logo.GIF
DEBUG - 2017-10-19 03:29:25 --> UTF-8 Support Enabled
DEBUG - 2017-10-19 03:29:25 --> Global POST, GET and COOKIE data sanitized
ERROR - 2017-10-19 03:29:25 --> 404 Page Not Found: Faviconico/index
DEBUG - 2017-10-19 03:29:25 --> UTF-8 Support Enabled
DEBUG - 2017-10-19 03:29:25 --> Global POST, GET and COOKIE data sanitized
ERROR - 2017-10-19 03:29:25 --> 404 Page Not Found: Faviconico/index
DEBUG - 2017-10-19 03:29:25 --> UTF-8 Support Enabled
DEBUG - 2017-10-19 03:29:25 --> Global POST, GET and COOKIE data sanitized
ERROR - 2017-10-19 03:29:25 --> 404 Page Not Found: Robotstxt/index
DEBUG - 2017-10-19 03:29:26 --> UTF-8 Support Enabled
DEBUG - 2017-10-19 03:29:26 --> Global POST, GET and COOKIE data sanitized
ERROR - 2017-10-19 03:29:26 --> 404 Page Not Found: Robotstxt/index
DEBUG - 2017-10-19 03:29:26 --> UTF-8 Support Enabled
DEBUG - 2017-10-19 03:29:26 --> Global POST, GET and COOKIE data sanitized
ERROR - 2017-10-19 03:29:26 --> 404 Page Not Found: Robotstxt/index
DEBUG - 2017-10-19 03:29:26 --> UTF-8 Support Enabled
DEBUG - 2017-10-19 03:29:26 --> Global POST, GET and COOKIE data sanitized
ERROR - 2017-10-19 03:29:26 --> 404 Page Not Found: PLUGIN/BackupDB
DEBUG - 2017-10-19 03:29:26 --> UTF-8 Support Enabled
DEBUG - 2017-10-19 03:29:26 --> Global POST, GET and COOKIE data sanitized
ERROR - 2017-10-19 03:29:26 --> 404 Page Not Found: SiteServer/Services
DEBUG - 2017-10-19 03:29:26 --> UTF-8 Support Enabled
DEBUG - 2017-10-19 03:29:26 --> Global POST, GET and COOKIE data sanitized
ERROR - 2017-10-19 03:29:26 --> 404 Page Not Found: Components/com_mailto
DEBUG - 2017-10-19 03:29:26 --> UTF-8 Support Enabled
DEBUG - 2017-10-19 03:29:26 --> Global POST, GET and COOKIE data sanitized
ERROR - 2017-10-19 03:29:26 --> 404 Page Not Found: Data/admin
DEBUG - 2017-10-19 03:29:26 --> UTF-8 Support Enabled
DEBUG - 2017-10-19 03:29:26 --> Global POST, GET and COOKIE data sanitized
ERROR - 2017-10-19 03:29:26 --> 404 Page Not Found: Data/admin
DEBUG - 2017-10-19 03:29:26 --> UTF-8 Support Enabled
DEBUG - 2017-10-19 03:29:26 --> Global POST, GET and COOKIE data sanitized
ERROR - 2017-10-19 03:29:26 --> 404 Page Not Found: Licensetxt/index
DEBUG - 2017-10-19 03:29:26 --> UTF-8 Support Enabled
DEBUG - 2017-10-19 03:29:26 --> Global POST, GET and COOKIE data sanitized
ERROR - 2017-10-19 03:29:26 --> 404 Page Not Found: Data/admin
DEBUG - 2017-10-19 03:29:26 --> UTF-8 Support Enabled
DEBUG - 2017-10-19 03:29:26 --> Global POST, GET and COOKIE data sanitized
ERROR - 2017-10-19 03:29:26 --> 404 Page Not Found: A_d/install
DEBUG - 2017-10-19 03:29:26 --> UTF-8 Support Enabled
DEBUG - 2017-10-19 03:29:26 --> Global POST, GET and COOKIE data sanitized
ERROR - 2017-10-19 03:29:26 --> 404 Page Not Found: Dede/templets
DEBUG - 2017-10-19 03:29:26 --> UTF-8 Support Enabled
DEBUG - 2017-10-19 03:29:26 --> Global POST, GET and COOKIE data sanitized
ERROR - 2017-10-19 03:29:26 --> 404 Page Not Found: Robotstxt/index
DEBUG - 2017-10-19 03:29:26 --> UTF-8 Support Enabled
DEBUG - 2017-10-19 03:29:26 --> Global POST, GET and COOKIE data sanitized
ERROR - 2017-10-19 03:29:26 --> 404 Page Not Found: Admin/help
DEBUG - 2017-10-19 03:29:26 --> UTF-8 Support Enabled
DEBUG - 2017-10-19 03:29:26 --> Global POST, GET and COOKIE data sanitized
ERROR - 2017-10-19 03:29:26 --> 404 Page Not Found: Admin/ecshopfiles.md5
DEBUG - 2017-10-19 03:29:26 --> UTF-8 Support Enabled
DEBUG - 2017-10-19 03:29:26 --> Global POST, GET and COOKIE data sanitized
ERROR - 2017-10-19 03:29:26 --> 404 Page Not Found: Licencetxt/index
DEBUG - 2017-10-19 03:29:26 --> UTF-8 Support Enabled
DEBUG - 2017-10-19 03:29:26 --> Global POST, GET and COOKIE data sanitized
ERROR - 2017-10-19 03:29:26 --> 404 Page Not Found: API/api.config
DEBUG - 2017-10-19 03:29:27 --> UTF-8 Support Enabled
DEBUG - 2017-10-19 03:29:27 --> Global POST, GET and COOKIE data sanitized
ERROR - 2017-10-19 03:29:27 --> 404 Page Not Found: Rssxsl/index
DEBUG - 2017-10-19 03:29:27 --> UTF-8 Support Enabled
DEBUG - 2017-10-19 03:29:27 --> Global POST, GET and COOKIE data sanitized
ERROR - 2017-10-19 03:29:27 --> 404 Page Not Found: Licensetxt/index
DEBUG - 2017-10-19 03:29:27 --> UTF-8 Support Enabled
DEBUG - 2017-10-19 03:29:27 --> Global POST, GET and COOKIE data sanitized
ERROR - 2017-10-19 03:29:27 --> 404 Page Not Found: Admin/Include
DEBUG - 2017-10-19 03:29:27 --> UTF-8 Support Enabled
DEBUG - 2017-10-19 03:29:27 --> Global POST, GET and COOKIE data sanitized
ERROR - 2017-10-19 03:29:27 --> 404 Page Not Found: Robotstxt/index
DEBUG - 2017-10-19 03:29:27 --> UTF-8 Support Enabled
DEBUG - 2017-10-19 03:29:27 --> Global POST, GET and COOKIE data sanitized
ERROR - 2017-10-19 03:29:27 --> 404 Page Not Found: E/data
DEBUG - 2017-10-19 03:29:27 --> UTF-8 Support Enabled
DEBUG - 2017-10-19 03:29:27 --> Global POST, GET and COOKIE data sanitized
ERROR - 2017-10-19 03:29:27 --> 404 Page Not Found: Components/com_mailto
DEBUG - 2017-10-19 03:29:27 --> UTF-8 Support Enabled
DEBUG - 2017-10-19 03:29:27 --> Global POST, GET and COOKIE data sanitized
ERROR - 2017-10-19 03:29:27 --> 404 Page Not Found: Themes/README.txt
DEBUG - 2017-10-19 03:29:27 --> UTF-8 Support Enabled
DEBUG - 2017-10-19 03:29:27 --> Global POST, GET and COOKIE data sanitized
ERROR - 2017-10-19 03:29:27 --> 404 Page Not Found: Licensetxt/index
DEBUG - 2017-10-19 03:29:27 --> UTF-8 Support Enabled
DEBUG - 2017-10-19 03:29:27 --> Global POST, GET and COOKIE data sanitized
ERROR - 2017-10-19 03:29:27 --> 404 Page Not Found: Themes/README.txt
DEBUG - 2017-10-19 03:29:27 --> UTF-8 Support Enabled
DEBUG - 2017-10-19 03:29:27 --> Global POST, GET and COOKIE data sanitized
ERROR - 2017-10-19 03:29:27 --> 404 Page Not Found: Robotstxt/index
DEBUG - 2017-10-19 03:29:27 --> UTF-8 Support Enabled
DEBUG - 2017-10-19 03:29:27 --> Global POST, GET and COOKIE data sanitized
ERROR - 2017-10-19 03:29:27 --> 404 Page Not Found: Install/testdata
DEBUG - 2017-10-19 03:29:27 --> UTF-8 Support Enabled
DEBUG - 2017-10-19 03:29:27 --> Global POST, GET and COOKIE data sanitized
ERROR - 2017-10-19 03:29:27 --> 404 Page Not Found: Licencetxt/index
DEBUG - 2017-10-19 03:29:27 --> UTF-8 Support Enabled
DEBUG - 2017-10-19 03:29:27 --> Global POST, GET and COOKIE data sanitized
ERROR - 2017-10-19 03:29:27 --> 404 Page Not Found: Robotstxt/index
DEBUG - 2017-10-19 03:29:27 --> UTF-8 Support Enabled
DEBUG - 2017-10-19 03:29:27 --> Global POST, GET and COOKIE data sanitized
ERROR - 2017-10-19 03:29:27 --> 404 Page Not Found: Apply/_notes
DEBUG - 2017-10-19 03:29:27 --> UTF-8 Support Enabled
DEBUG - 2017-10-19 03:29:27 --> Global POST, GET and COOKIE data sanitized
ERROR - 2017-10-19 03:29:27 --> 404 Page Not Found: Robotstxt/index
DEBUG - 2017-10-19 03:29:27 --> UTF-8 Support Enabled
DEBUG - 2017-10-19 03:29:27 --> Global POST, GET and COOKIE data sanitized
ERROR - 2017-10-19 03:29:27 --> 404 Page Not Found: READMEtxt/index
DEBUG - 2017-10-19 03:29:27 --> UTF-8 Support Enabled
DEBUG - 2017-10-19 03:29:27 --> Global POST, GET and COOKIE data sanitized
ERROR - 2017-10-19 03:29:27 --> 404 Page Not Found: Licensetxt/index
DEBUG - 2017-10-19 03:29:28 --> UTF-8 Support Enabled
DEBUG - 2017-10-19 03:29:28 --> Global POST, GET and COOKIE data sanitized
ERROR - 2017-10-19 03:29:28 --> 404 Page Not Found: Htaccesstxt/index
DEBUG - 2017-10-19 03:29:28 --> UTF-8 Support Enabled
DEBUG - 2017-10-19 03:29:28 --> Global POST, GET and COOKIE data sanitized
ERROR - 2017-10-19 03:29:28 --> 404 Page Not Found: Licensetxt/index
DEBUG - 2017-10-19 03:29:28 --> UTF-8 Support Enabled
DEBUG - 2017-10-19 03:29:28 --> Global POST, GET and COOKIE data sanitized
ERROR - 2017-10-19 03:29:28 --> 404 Page Not Found: Licensetxt/index
DEBUG - 2017-10-19 03:29:28 --> UTF-8 Support Enabled
DEBUG - 2017-10-19 03:29:28 --> Global POST, GET and COOKIE data sanitized
ERROR - 2017-10-19 03:29:28 --> 404 Page Not Found: Rssxsl/index
DEBUG - 2017-10-19 03:29:28 --> UTF-8 Support Enabled
DEBUG - 2017-10-19 03:29:28 --> Global POST, GET and COOKIE data sanitized
ERROR - 2017-10-19 03:29:28 --> 404 Page Not Found: Faviconico/index
DEBUG - 2017-10-19 03:29:28 --> UTF-8 Support Enabled
DEBUG - 2017-10-19 03:29:28 --> Global POST, GET and COOKIE data sanitized
ERROR - 2017-10-19 03:29:28 --> 404 Page Not Found: Faviconico/index
DEBUG - 2017-10-19 03:29:28 --> UTF-8 Support Enabled
DEBUG - 2017-10-19 03:29:28 --> Global POST, GET and COOKIE data sanitized
ERROR - 2017-10-19 03:29:28 --> 404 Page Not Found: Images/_m10.GIF
DEBUG - 2017-10-19 03:29:29 --> UTF-8 Support Enabled
DEBUG - 2017-10-19 03:29:29 --> Global POST, GET and COOKIE data sanitized
ERROR - 2017-10-19 03:29:29 --> 404 Page Not Found: Faviconico/index
DEBUG - 2017-10-19 03:29:29 --> UTF-8 Support Enabled
DEBUG - 2017-10-19 03:29:29 --> Global POST, GET and COOKIE data sanitized
ERROR - 2017-10-19 03:29:29 --> 404 Page Not Found: Data/admin
DEBUG - 2017-10-19 03:29:29 --> UTF-8 Support Enabled
DEBUG - 2017-10-19 03:29:29 --> Global POST, GET and COOKIE data sanitized
ERROR - 2017-10-19 03:29:29 --> 404 Page Not Found: Faviconico/index
DEBUG - 2017-10-19 03:29:29 --> UTF-8 Support Enabled
DEBUG - 2017-10-19 03:29:29 --> Global POST, GET and COOKIE data sanitized
ERROR - 2017-10-19 03:29:29 --> 404 Page Not Found: Adminimages/title.GIF
DEBUG - 2017-10-19 03:29:29 --> UTF-8 Support Enabled
DEBUG - 2017-10-19 03:29:29 --> Global POST, GET and COOKIE data sanitized
ERROR - 2017-10-19 03:29:29 --> 404 Page Not Found: Faviconico/index
DEBUG - 2017-10-19 03:29:29 --> UTF-8 Support Enabled
DEBUG - 2017-10-19 03:29:29 --> Global POST, GET and COOKIE data sanitized
ERROR - 2017-10-19 03:29:29 --> 404 Page Not Found: Faviconico/index
DEBUG - 2017-10-19 03:29:30 --> UTF-8 Support Enabled
DEBUG - 2017-10-19 03:29:30 --> Global POST, GET and COOKIE data sanitized
ERROR - 2017-10-19 03:29:30 --> 404 Page Not Found: Faviconico/index
DEBUG - 2017-10-19 03:29:30 --> UTF-8 Support Enabled
DEBUG - 2017-10-19 03:29:30 --> Global POST, GET and COOKIE data sanitized
ERROR - 2017-10-19 03:29:30 --> 404 Page Not Found: Faviconico/index
DEBUG - 2017-10-19 03:29:30 --> UTF-8 Support Enabled
DEBUG - 2017-10-19 03:29:30 --> Global POST, GET and COOKIE data sanitized
ERROR - 2017-10-19 03:29:30 --> 404 Page Not Found: Nzico/index
DEBUG - 2017-10-19 03:29:30 --> UTF-8 Support Enabled
DEBUG - 2017-10-19 03:29:30 --> Global POST, GET and COOKIE data sanitized
ERROR - 2017-10-19 03:29:30 --> 404 Page Not Found: Faviconico/index
DEBUG - 2017-10-19 03:29:30 --> UTF-8 Support Enabled
DEBUG - 2017-10-19 03:29:30 --> Global POST, GET and COOKIE data sanitized
ERROR - 2017-10-19 03:29:30 --> 404 Page Not Found: Data/adflash.txt
DEBUG - 2017-10-19 03:29:30 --> UTF-8 Support Enabled
DEBUG - 2017-10-19 03:29:30 --> Global POST, GET and COOKIE data sanitized
ERROR - 2017-10-19 03:29:30 --> 404 Page Not Found: Faviconico/index
DEBUG - 2017-10-19 03:29:30 --> UTF-8 Support Enabled
DEBUG - 2017-10-19 03:29:30 --> Global POST, GET and COOKIE data sanitized
ERROR - 2017-10-19 03:29:30 --> 404 Page Not Found: Faviconico/index
DEBUG - 2017-10-19 03:29:30 --> UTF-8 Support Enabled
DEBUG - 2017-10-19 03:29:30 --> Global POST, GET and COOKIE data sanitized
ERROR - 2017-10-19 03:29:30 --> 404 Page Not Found: Faviconico/index
DEBUG - 2017-10-19 03:29:31 --> UTF-8 Support Enabled
DEBUG - 2017-10-19 03:29:31 --> Global POST, GET and COOKIE data sanitized
ERROR - 2017-10-19 03:29:31 --> 404 Page Not Found: Faviconico/index
DEBUG - 2017-10-19 03:29:31 --> UTF-8 Support Enabled
DEBUG - 2017-10-19 03:29:31 --> Global POST, GET and COOKIE data sanitized
ERROR - 2017-10-19 03:29:31 --> 404 Page Not Found: Faviconico/index
DEBUG - 2017-10-19 04:29:36 --> UTF-8 Support Enabled
DEBUG - 2017-10-19 04:29:36 --> No URI present. Default controller set.
DEBUG - 2017-10-19 04:29:36 --> Global POST, GET and COOKIE data sanitized
DEBUG - 2017-10-19 04:29:36 --> Config file loaded: /home/data/wwwroot/My_CodeIgniter/application/config/twig.php
DEBUG - 2017-10-19 04:29:36 --> Total execution time: 0.0306
DEBUG - 2017-10-19 04:29:36 --> UTF-8 Support Enabled
DEBUG - 2017-10-19 04:29:36 --> Global POST, GET and COOKIE data sanitized
ERROR - 2017-10-19 04:29:36 --> 404 Page Not Found: Admin/_content
DEBUG - 2017-10-19 04:29:36 --> UTF-8 Support Enabled
DEBUG - 2017-10-19 04:29:36 --> Global POST, GET and COOKIE data sanitized
ERROR - 2017-10-19 04:29:36 --> 404 Page Not Found: Admin_aspcms/_system
DEBUG - 2017-10-19 04:29:36 --> UTF-8 Support Enabled
DEBUG - 2017-10-19 04:29:36 --> Global POST, GET and COOKIE data sanitized
ERROR - 2017-10-19 04:29:36 --> 404 Page Not Found: News/html
DEBUG - 2017-10-19 04:29:36 --> UTF-8 Support Enabled
DEBUG - 2017-10-19 04:29:36 --> Global POST, GET and COOKIE data sanitized
ERROR - 2017-10-19 04:29:36 --> 404 Page Not Found: Admin/pinglun.asp
DEBUG - 2017-10-19 04:29:36 --> UTF-8 Support Enabled
DEBUG - 2017-10-19 04:29:36 --> Global POST, GET and COOKIE data sanitized
ERROR - 2017-10-19 04:29:36 --> 404 Page Not Found: TEXTBOX2ASP/index
DEBUG - 2017-10-19 04:29:36 --> UTF-8 Support Enabled
DEBUG - 2017-10-19 04:29:36 --> No URI present. Default controller set.
DEBUG - 2017-10-19 04:29:36 --> Global POST, GET and COOKIE data sanitized
DEBUG - 2017-10-19 04:29:36 --> Config file loaded: /home/data/wwwroot/My_CodeIgniter/application/config/twig.php
DEBUG - 2017-10-19 04:29:36 --> Total execution time: 0.0295
DEBUG - 2017-10-19 04:29:36 --> UTF-8 Support Enabled
DEBUG - 2017-10-19 04:29:36 --> No URI present. Default controller set.
DEBUG - 2017-10-19 04:29:36 --> Global POST, GET and COOKIE data sanitized
DEBUG - 2017-10-19 04:29:36 --> Config file loaded: /home/data/wwwroot/My_CodeIgniter/application/config/twig.php
DEBUG - 2017-10-19 04:29:36 --> Total execution time: 0.0275
DEBUG - 2017-10-19 04:29:36 --> UTF-8 Support Enabled
DEBUG - 2017-10-19 04:29:36 --> No URI present. Default controller set.
DEBUG - 2017-10-19 04:29:36 --> Global POST, GET and COOKIE data sanitized
DEBUG - 2017-10-19 04:29:36 --> Config file loaded: /home/data/wwwroot/My_CodeIgniter/application/config/twig.php
DEBUG - 2017-10-19 04:29:36 --> Total execution time: 0.0289
DEBUG - 2017-10-19 04:29:36 --> UTF-8 Support Enabled
DEBUG - 2017-10-19 04:29:36 --> No URI present. Default controller set.
DEBUG - 2017-10-19 04:29:36 --> Global POST, GET and COOKIE data sanitized
DEBUG - 2017-10-19 04:29:36 --> Config file loaded: /home/data/wwwroot/My_CodeIgniter/application/config/twig.php
DEBUG - 2017-10-19 04:29:36 --> Total execution time: 0.0307
DEBUG - 2017-10-19 04:29:36 --> UTF-8 Support Enabled
DEBUG - 2017-10-19 04:29:36 --> No URI present. Default controller set.
DEBUG - 2017-10-19 04:29:36 --> Global POST, GET and COOKIE data sanitized
DEBUG - 2017-10-19 04:29:36 --> Config file loaded: /home/data/wwwroot/My_CodeIgniter/application/config/twig.php
DEBUG - 2017-10-19 04:29:36 --> Total execution time: 0.0262
DEBUG - 2017-10-19 04:29:36 --> UTF-8 Support Enabled
DEBUG - 2017-10-19 04:29:36 --> No URI present. Default controller set.
DEBUG - 2017-10-19 04:29:36 --> Global POST, GET and COOKIE data sanitized
DEBUG - 2017-10-19 04:29:36 --> Config file loaded: /home/data/wwwroot/My_CodeIgniter/application/config/twig.php
DEBUG - 2017-10-19 04:29:36 --> Total execution time: 0.0305
DEBUG - 2017-10-19 04:29:36 --> UTF-8 Support Enabled
DEBUG - 2017-10-19 04:29:36 --> No URI present. Default controller set.
DEBUG - 2017-10-19 04:29:36 --> Global POST, GET and COOKIE data sanitized
DEBUG - 2017-10-19 04:29:36 --> Config file loaded: /home/data/wwwroot/My_CodeIgniter/application/config/twig.php
DEBUG - 2017-10-19 04:29:36 --> Total execution time: 0.0260
DEBUG - 2017-10-19 04:29:36 --> UTF-8 Support Enabled
DEBUG - 2017-10-19 04:29:36 --> No URI present. Default controller set.
DEBUG - 2017-10-19 04:29:36 --> Global POST, GET and COOKIE data sanitized
DEBUG - 2017-10-19 04:29:36 --> Config file loaded: /home/data/wwwroot/My_CodeIgniter/application/config/twig.php
DEBUG - 2017-10-19 04:29:36 --> Total execution time: 0.0294
DEBUG - 2017-10-19 04:29:36 --> UTF-8 Support Enabled
DEBUG - 2017-10-19 04:29:36 --> Global POST, GET and COOKIE data sanitized
ERROR - 2017-10-19 04:29:36 --> 404 Page Not Found: NewsTypeasp/index
DEBUG - 2017-10-19 04:29:36 --> UTF-8 Support Enabled
DEBUG - 2017-10-19 04:29:36 --> Global POST, GET and COOKIE data sanitized
ERROR - 2017-10-19 04:29:36 --> 404 Page Not Found: Researchasp/index
DEBUG - 2017-10-19 04:29:36 --> UTF-8 Support Enabled
DEBUG - 2017-10-19 04:29:36 --> Global POST, GET and COOKIE data sanitized
ERROR - 2017-10-19 04:29:36 --> 404 Page Not Found: Admin/admin_news_pl_view.asp
DEBUG - 2017-10-19 04:29:36 --> UTF-8 Support Enabled
DEBUG - 2017-10-19 04:29:36 --> Global POST, GET and COOKIE data sanitized
ERROR - 2017-10-19 04:29:36 --> 404 Page Not Found: Install/index.php.bak
DEBUG - 2017-10-19 21:32:53 --> UTF-8 Support Enabled
DEBUG - 2017-10-19 21:32:53 --> No URI present. Default controller set.
DEBUG - 2017-10-19 21:32:53 --> Global POST, GET and COOKIE data sanitized
DEBUG - 2017-10-19 21:32:53 --> Config file loaded: /home/data/wwwroot/My_CodeIgniter/application/config/twig.php
DEBUG - 2017-10-19 21:32:53 --> Total execution time: 0.0281
