DEBUG - 2017-09-03 03:23:12 --> UTF-8 Support Enabled
DEBUG - 2017-09-03 03:23:12 --> Global POST, GET and COOKIE data sanitized
ERROR - 2017-09-03 03:23:12 --> 404 Page Not Found: Licensetxt/index
DEBUG - 2017-09-03 19:02:35 --> UTF-8 Support Enabled
DEBUG - 2017-09-03 19:02:35 --> No URI present. Default controller set.
DEBUG - 2017-09-03 19:02:35 --> Global POST, GET and COOKIE data sanitized
DEBUG - 2017-09-03 19:02:35 --> Config file loaded: /home/data/wwwroot/My_CodeIgniter/application/config/twig.php
DEBUG - 2017-09-03 19:02:35 --> Total execution time: 0.0412
DEBUG - 2017-09-03 20:18:44 --> UTF-8 Support Enabled
DEBUG - 2017-09-03 20:18:44 --> No URI present. Default controller set.
DEBUG - 2017-09-03 20:18:44 --> Global POST, GET and COOKIE data sanitized
DEBUG - 2017-09-03 20:18:44 --> Config file loaded: /home/data/wwwroot/My_CodeIgniter/application/config/twig.php
DEBUG - 2017-09-03 20:18:44 --> Total execution time: 0.0276
DEBUG - 2017-09-03 20:47:57 --> UTF-8 Support Enabled
DEBUG - 2017-09-03 20:47:57 --> No URI present. Default controller set.
DEBUG - 2017-09-03 20:47:57 --> Global POST, GET and COOKIE data sanitized
DEBUG - 2017-09-03 20:47:57 --> Config file loaded: /home/data/wwwroot/My_CodeIgniter/application/config/twig.php
DEBUG - 2017-09-03 20:47:57 --> Total execution time: 0.0261
DEBUG - 2017-09-03 21:16:37 --> UTF-8 Support Enabled
DEBUG - 2017-09-03 21:16:37 --> No URI present. Default controller set.
DEBUG - 2017-09-03 21:16:37 --> Global POST, GET and COOKIE data sanitized
DEBUG - 2017-09-03 21:16:37 --> Config file loaded: /home/data/wwwroot/My_CodeIgniter/application/config/twig.php
DEBUG - 2017-09-03 21:16:37 --> Total execution time: 0.0282
