DEBUG - 2017-10-22 02:48:22 --> UTF-8 Support Enabled
DEBUG - 2017-10-22 02:48:22 --> No URI present. Default controller set.
DEBUG - 2017-10-22 02:48:22 --> Global POST, GET and COOKIE data sanitized
DEBUG - 2017-10-22 02:48:22 --> Config file loaded: /home/data/wwwroot/My_CodeIgniter/application/config/twig.php
DEBUG - 2017-10-22 02:48:22 --> Total execution time: 0.0465
DEBUG - 2017-10-22 07:25:42 --> UTF-8 Support Enabled
DEBUG - 2017-10-22 07:25:42 --> No URI present. Default controller set.
DEBUG - 2017-10-22 07:25:42 --> Global POST, GET and COOKIE data sanitized
DEBUG - 2017-10-22 07:25:42 --> Config file loaded: /home/data/wwwroot/My_CodeIgniter/application/config/twig.php
DEBUG - 2017-10-22 07:25:42 --> Total execution time: 0.0284
DEBUG - 2017-10-22 08:10:15 --> UTF-8 Support Enabled
DEBUG - 2017-10-22 08:10:15 --> No URI present. Default controller set.
DEBUG - 2017-10-22 08:10:15 --> Global POST, GET and COOKIE data sanitized
DEBUG - 2017-10-22 08:10:15 --> Config file loaded: /home/data/wwwroot/My_CodeIgniter/application/config/twig.php
DEBUG - 2017-10-22 08:10:15 --> Total execution time: 0.0271
DEBUG - 2017-10-22 08:20:08 --> UTF-8 Support Enabled
DEBUG - 2017-10-22 08:20:08 --> No URI present. Default controller set.
DEBUG - 2017-10-22 08:20:08 --> Global POST, GET and COOKIE data sanitized
DEBUG - 2017-10-22 08:20:08 --> Config file loaded: /home/data/wwwroot/My_CodeIgniter/application/config/twig.php
DEBUG - 2017-10-22 08:20:08 --> Total execution time: 0.0308
DEBUG - 2017-10-22 10:23:57 --> UTF-8 Support Enabled
DEBUG - 2017-10-22 10:23:57 --> Global POST, GET and COOKIE data sanitized
ERROR - 2017-10-22 10:23:57 --> 404 Page Not Found: Robotstxt/index
