DEBUG - 2017-07-26 00:28:42 --> UTF-8 Support Enabled
DEBUG - 2017-07-26 00:28:42 --> No URI present. Default controller set.
DEBUG - 2017-07-26 00:28:42 --> Global POST, GET and COOKIE data sanitized
DEBUG - 2017-07-26 00:28:42 --> Total execution time: 0.1010
DEBUG - 2017-07-26 00:28:42 --> UTF-8 Support Enabled
DEBUG - 2017-07-26 00:28:42 --> Global POST, GET and COOKIE data sanitized
ERROR - 2017-07-26 00:28:42 --> 404 Page Not Found: Faviconico/index
DEBUG - 2017-07-26 03:20:56 --> UTF-8 Support Enabled
DEBUG - 2017-07-26 03:20:56 --> No URI present. Default controller set.
DEBUG - 2017-07-26 03:20:57 --> Global POST, GET and COOKIE data sanitized
DEBUG - 2017-07-26 03:20:57 --> Total execution time: 0.6144
DEBUG - 2017-07-26 06:56:35 --> UTF-8 Support Enabled
DEBUG - 2017-07-26 06:56:35 --> No URI present. Default controller set.
DEBUG - 2017-07-26 06:56:35 --> Global POST, GET and COOKIE data sanitized
DEBUG - 2017-07-26 06:56:36 --> Total execution time: 0.4943
DEBUG - 2017-07-26 11:37:05 --> UTF-8 Support Enabled
DEBUG - 2017-07-26 11:37:05 --> Global POST, GET and COOKIE data sanitized
ERROR - 2017-07-26 11:37:05 --> 404 Page Not Found: Robotstxt/index
DEBUG - 2017-07-26 11:37:09 --> UTF-8 Support Enabled
DEBUG - 2017-07-26 11:37:09 --> No URI present. Default controller set.
DEBUG - 2017-07-26 11:37:09 --> Global POST, GET and COOKIE data sanitized
DEBUG - 2017-07-26 11:37:09 --> Total execution time: 0.0410
