DEBUG - 2017-09-12 03:20:28 --> UTF-8 Support Enabled
DEBUG - 2017-09-12 03:20:28 --> No URI present. Default controller set.
DEBUG - 2017-09-12 03:20:28 --> Global POST, GET and COOKIE data sanitized
DEBUG - 2017-09-12 03:20:28 --> Config file loaded: /home/data/wwwroot/My_CodeIgniter/application/config/twig.php
DEBUG - 2017-09-12 03:20:28 --> Total execution time: 0.0277
DEBUG - 2017-09-12 05:00:05 --> UTF-8 Support Enabled
DEBUG - 2017-09-12 05:00:05 --> No URI present. Default controller set.
DEBUG - 2017-09-12 05:00:05 --> Global POST, GET and COOKIE data sanitized
DEBUG - 2017-09-12 05:00:06 --> Config file loaded: /home/data/wwwroot/My_CodeIgniter/application/config/twig.php
DEBUG - 2017-09-12 05:00:06 --> Total execution time: 0.0314
DEBUG - 2017-09-12 05:00:09 --> UTF-8 Support Enabled
DEBUG - 2017-09-12 05:00:09 --> No URI present. Default controller set.
DEBUG - 2017-09-12 05:00:09 --> Global POST, GET and COOKIE data sanitized
DEBUG - 2017-09-12 05:00:09 --> Config file loaded: /home/data/wwwroot/My_CodeIgniter/application/config/twig.php
DEBUG - 2017-09-12 05:00:09 --> Total execution time: 0.0272
DEBUG - 2017-09-12 08:59:29 --> UTF-8 Support Enabled
DEBUG - 2017-09-12 08:59:29 --> No URI present. Default controller set.
DEBUG - 2017-09-12 08:59:29 --> Global POST, GET and COOKIE data sanitized
DEBUG - 2017-09-12 08:59:29 --> Config file loaded: /home/data/wwwroot/My_CodeIgniter/application/config/twig.php
DEBUG - 2017-09-12 08:59:29 --> Total execution time: 0.0262
DEBUG - 2017-09-12 12:28:56 --> UTF-8 Support Enabled
DEBUG - 2017-09-12 12:28:56 --> No URI present. Default controller set.
DEBUG - 2017-09-12 12:28:56 --> Global POST, GET and COOKIE data sanitized
DEBUG - 2017-09-12 12:28:56 --> Config file loaded: /home/data/wwwroot/My_CodeIgniter/application/config/twig.php
DEBUG - 2017-09-12 12:28:56 --> Total execution time: 0.0272
DEBUG - 2017-09-12 18:14:55 --> UTF-8 Support Enabled
DEBUG - 2017-09-12 18:14:55 --> No URI present. Default controller set.
DEBUG - 2017-09-12 18:14:55 --> Global POST, GET and COOKIE data sanitized
DEBUG - 2017-09-12 18:14:55 --> Config file loaded: /home/data/wwwroot/My_CodeIgniter/application/config/twig.php
DEBUG - 2017-09-12 18:14:55 --> Total execution time: 0.0284
