DEBUG - 2017-08-09 03:08:12 --> UTF-8 Support Enabled
DEBUG - 2017-08-09 03:08:12 --> No URI present. Default controller set.
DEBUG - 2017-08-09 03:08:12 --> Global POST, GET and COOKIE data sanitized
DEBUG - 2017-08-09 03:08:12 --> Total execution time: 0.0710
DEBUG - 2017-08-09 03:37:09 --> UTF-8 Support Enabled
DEBUG - 2017-08-09 03:37:09 --> No URI present. Default controller set.
DEBUG - 2017-08-09 03:37:09 --> Global POST, GET and COOKIE data sanitized
DEBUG - 2017-08-09 03:37:09 --> Total execution time: 0.0466
DEBUG - 2017-08-09 08:27:14 --> UTF-8 Support Enabled
DEBUG - 2017-08-09 08:27:14 --> No URI present. Default controller set.
DEBUG - 2017-08-09 08:27:14 --> Global POST, GET and COOKIE data sanitized
DEBUG - 2017-08-09 08:27:14 --> Total execution time: 0.2459
DEBUG - 2017-08-09 11:02:00 --> UTF-8 Support Enabled
DEBUG - 2017-08-09 11:02:00 --> No URI present. Default controller set.
DEBUG - 2017-08-09 11:02:00 --> Global POST, GET and COOKIE data sanitized
DEBUG - 2017-08-09 11:02:00 --> Total execution time: 0.0368
DEBUG - 2017-08-09 15:48:59 --> UTF-8 Support Enabled
DEBUG - 2017-08-09 15:48:59 --> No URI present. Default controller set.
DEBUG - 2017-08-09 15:48:59 --> Global POST, GET and COOKIE data sanitized
DEBUG - 2017-08-09 15:48:59 --> Total execution time: 0.0375
DEBUG - 2017-08-09 17:18:11 --> UTF-8 Support Enabled
DEBUG - 2017-08-09 17:18:11 --> Global POST, GET and COOKIE data sanitized
ERROR - 2017-08-09 17:18:11 --> 404 Page Not Found: Robotstxt/index
DEBUG - 2017-08-09 17:18:15 --> UTF-8 Support Enabled
DEBUG - 2017-08-09 17:18:15 --> No URI present. Default controller set.
DEBUG - 2017-08-09 17:18:15 --> Global POST, GET and COOKIE data sanitized
DEBUG - 2017-08-09 17:18:15 --> Total execution time: 0.0431
