DEBUG - 2017-08-17 00:43:44 --> UTF-8 Support Enabled
DEBUG - 2017-08-17 00:43:44 --> Global POST, GET and COOKIE data sanitized
ERROR - 2017-08-17 00:43:44 --> 404 Page Not Found: Robotstxt/index
DEBUG - 2017-08-17 00:43:44 --> UTF-8 Support Enabled
DEBUG - 2017-08-17 00:43:44 --> No URI present. Default controller set.
DEBUG - 2017-08-17 00:43:44 --> Global POST, GET and COOKIE data sanitized
DEBUG - 2017-08-17 00:43:44 --> Config file loaded: /home/data/wwwroot/My_CodeIgniter/application/config/twig.php
DEBUG - 2017-08-17 00:43:44 --> Total execution time: 0.0511
DEBUG - 2017-08-17 00:43:45 --> UTF-8 Support Enabled
DEBUG - 2017-08-17 00:43:45 --> Global POST, GET and COOKIE data sanitized
ERROR - 2017-08-17 00:43:45 --> 404 Page Not Found: Blog/robots.txt
DEBUG - 2017-08-17 00:43:45 --> UTF-8 Support Enabled
DEBUG - 2017-08-17 00:43:45 --> Global POST, GET and COOKIE data sanitized
ERROR - 2017-08-17 00:43:45 --> 404 Page Not Found: Blog/index
DEBUG - 2017-08-17 00:43:45 --> UTF-8 Support Enabled
DEBUG - 2017-08-17 00:43:45 --> Global POST, GET and COOKIE data sanitized
ERROR - 2017-08-17 00:43:45 --> 404 Page Not Found: Wordpress/index
DEBUG - 2017-08-17 00:43:46 --> UTF-8 Support Enabled
DEBUG - 2017-08-17 00:43:46 --> Global POST, GET and COOKIE data sanitized
ERROR - 2017-08-17 00:43:46 --> 404 Page Not Found: Wp/index
