DEBUG - 2017-10-21 00:41:54 --> UTF-8 Support Enabled
DEBUG - 2017-10-21 00:41:54 --> Global POST, GET and COOKIE data sanitized
ERROR - 2017-10-21 00:41:54 --> 404 Page Not Found: Robotstxt/index
DEBUG - 2017-10-21 01:21:25 --> UTF-8 Support Enabled
DEBUG - 2017-10-21 01:21:25 --> No URI present. Default controller set.
DEBUG - 2017-10-21 01:21:25 --> Global POST, GET and COOKIE data sanitized
DEBUG - 2017-10-21 01:21:25 --> Config file loaded: /home/data/wwwroot/My_CodeIgniter/application/config/twig.php
DEBUG - 2017-10-21 01:21:25 --> Total execution time: 0.0537
DEBUG - 2017-10-21 12:12:38 --> UTF-8 Support Enabled
DEBUG - 2017-10-21 12:12:38 --> No URI present. Default controller set.
DEBUG - 2017-10-21 12:12:38 --> Global POST, GET and COOKIE data sanitized
DEBUG - 2017-10-21 12:12:38 --> Config file loaded: /home/data/wwwroot/My_CodeIgniter/application/config/twig.php
DEBUG - 2017-10-21 12:12:38 --> Total execution time: 0.3179
DEBUG - 2017-10-21 19:36:38 --> UTF-8 Support Enabled
DEBUG - 2017-10-21 19:36:38 --> No URI present. Default controller set.
DEBUG - 2017-10-21 19:36:38 --> Global POST, GET and COOKIE data sanitized
DEBUG - 2017-10-21 19:36:38 --> Config file loaded: /home/data/wwwroot/My_CodeIgniter/application/config/twig.php
DEBUG - 2017-10-21 19:36:38 --> Total execution time: 0.0687
DEBUG - 2017-10-21 20:48:33 --> UTF-8 Support Enabled
DEBUG - 2017-10-21 20:48:33 --> Global POST, GET and COOKIE data sanitized
ERROR - 2017-10-21 20:48:34 --> 404 Page Not Found: Robotstxt/index
