DEBUG - 2017-09-09 05:10:33 --> UTF-8 Support Enabled
DEBUG - 2017-09-09 05:10:33 --> Global POST, GET and COOKIE data sanitized
ERROR - 2017-09-09 05:10:33 --> 404 Page Not Found: Robotstxt/index
DEBUG - 2017-09-09 05:10:36 --> UTF-8 Support Enabled
DEBUG - 2017-09-09 05:10:36 --> No URI present. Default controller set.
DEBUG - 2017-09-09 05:10:37 --> Global POST, GET and COOKIE data sanitized
DEBUG - 2017-09-09 05:10:37 --> Config file loaded: /home/data/wwwroot/My_CodeIgniter/application/config/twig.php
DEBUG - 2017-09-09 05:10:37 --> Total execution time: 0.0649
DEBUG - 2017-09-09 08:30:31 --> UTF-8 Support Enabled
DEBUG - 2017-09-09 08:30:31 --> No URI present. Default controller set.
DEBUG - 2017-09-09 08:30:31 --> Global POST, GET and COOKIE data sanitized
DEBUG - 2017-09-09 08:30:31 --> Config file loaded: /home/data/wwwroot/My_CodeIgniter/application/config/twig.php
DEBUG - 2017-09-09 08:30:31 --> Total execution time: 0.0269
DEBUG - 2017-09-09 10:27:18 --> UTF-8 Support Enabled
DEBUG - 2017-09-09 10:27:18 --> No URI present. Default controller set.
DEBUG - 2017-09-09 10:27:18 --> Global POST, GET and COOKIE data sanitized
DEBUG - 2017-09-09 10:27:18 --> Config file loaded: /home/data/wwwroot/My_CodeIgniter/application/config/twig.php
DEBUG - 2017-09-09 10:27:18 --> Total execution time: 0.0268
DEBUG - 2017-09-09 10:27:19 --> UTF-8 Support Enabled
DEBUG - 2017-09-09 10:27:19 --> Global POST, GET and COOKIE data sanitized
ERROR - 2017-09-09 10:27:19 --> 404 Page Not Found: Faviconico/index
DEBUG - 2017-09-09 16:00:18 --> UTF-8 Support Enabled
DEBUG - 2017-09-09 16:00:18 --> No URI present. Default controller set.
DEBUG - 2017-09-09 16:00:18 --> Global POST, GET and COOKIE data sanitized
DEBUG - 2017-09-09 16:00:18 --> Config file loaded: /home/data/wwwroot/My_CodeIgniter/application/config/twig.php
DEBUG - 2017-09-09 16:00:18 --> Total execution time: 0.0488
DEBUG - 2017-09-09 16:00:18 --> UTF-8 Support Enabled
DEBUG - 2017-09-09 16:00:18 --> Global POST, GET and COOKIE data sanitized
ERROR - 2017-09-09 16:00:18 --> 404 Page Not Found: Faviconico/index
DEBUG - 2017-09-09 17:04:25 --> UTF-8 Support Enabled
DEBUG - 2017-09-09 17:04:25 --> No URI present. Default controller set.
DEBUG - 2017-09-09 17:04:25 --> Global POST, GET and COOKIE data sanitized
DEBUG - 2017-09-09 17:04:25 --> Config file loaded: /home/data/wwwroot/My_CodeIgniter/application/config/twig.php
DEBUG - 2017-09-09 17:04:25 --> Total execution time: 0.0420
DEBUG - 2017-09-09 19:24:58 --> UTF-8 Support Enabled
DEBUG - 2017-09-09 19:24:58 --> No URI present. Default controller set.
DEBUG - 2017-09-09 19:24:58 --> Global POST, GET and COOKIE data sanitized
DEBUG - 2017-09-09 19:24:58 --> Config file loaded: /home/data/wwwroot/My_CodeIgniter/application/config/twig.php
DEBUG - 2017-09-09 19:24:58 --> Total execution time: 0.0296
DEBUG - 2017-09-09 22:40:23 --> UTF-8 Support Enabled
DEBUG - 2017-09-09 22:40:23 --> No URI present. Default controller set.
DEBUG - 2017-09-09 22:40:23 --> Global POST, GET and COOKIE data sanitized
DEBUG - 2017-09-09 22:40:23 --> Config file loaded: /home/data/wwwroot/My_CodeIgniter/application/config/twig.php
DEBUG - 2017-09-09 22:40:23 --> Total execution time: 0.0275
