DEBUG - 2017-09-27 05:28:59 --> UTF-8 Support Enabled
DEBUG - 2017-09-27 05:28:59 --> Global POST, GET and COOKIE data sanitized
ERROR - 2017-09-27 05:28:59 --> 404 Page Not Found: Robotstxt/index
DEBUG - 2017-09-27 15:19:09 --> UTF-8 Support Enabled
DEBUG - 2017-09-27 15:19:09 --> No URI present. Default controller set.
DEBUG - 2017-09-27 15:19:09 --> Global POST, GET and COOKIE data sanitized
DEBUG - 2017-09-27 15:19:09 --> Config file loaded: /home/data/wwwroot/My_CodeIgniter/application/config/twig.php
DEBUG - 2017-09-27 15:19:09 --> Total execution time: 0.3097
DEBUG - 2017-09-27 15:19:19 --> UTF-8 Support Enabled
DEBUG - 2017-09-27 15:19:19 --> No URI present. Default controller set.
DEBUG - 2017-09-27 15:19:19 --> Global POST, GET and COOKIE data sanitized
DEBUG - 2017-09-27 15:19:19 --> Config file loaded: /home/data/wwwroot/My_CodeIgniter/application/config/twig.php
DEBUG - 2017-09-27 15:19:19 --> Total execution time: 0.0322
DEBUG - 2017-09-27 16:44:16 --> UTF-8 Support Enabled
DEBUG - 2017-09-27 16:44:16 --> No URI present. Default controller set.
DEBUG - 2017-09-27 16:44:16 --> Global POST, GET and COOKIE data sanitized
DEBUG - 2017-09-27 16:44:16 --> Config file loaded: /home/data/wwwroot/My_CodeIgniter/application/config/twig.php
DEBUG - 2017-09-27 16:44:16 --> Total execution time: 0.0319
DEBUG - 2017-09-27 19:31:17 --> UTF-8 Support Enabled
DEBUG - 2017-09-27 19:31:17 --> No URI present. Default controller set.
DEBUG - 2017-09-27 19:31:17 --> Global POST, GET and COOKIE data sanitized
DEBUG - 2017-09-27 19:31:17 --> Config file loaded: /home/data/wwwroot/My_CodeIgniter/application/config/twig.php
DEBUG - 2017-09-27 19:31:17 --> Total execution time: 0.0619
DEBUG - 2017-09-27 21:09:20 --> UTF-8 Support Enabled
DEBUG - 2017-09-27 21:09:20 --> No URI present. Default controller set.
DEBUG - 2017-09-27 21:09:20 --> Global POST, GET and COOKIE data sanitized
DEBUG - 2017-09-27 21:09:20 --> Config file loaded: /home/data/wwwroot/My_CodeIgniter/application/config/twig.php
DEBUG - 2017-09-27 21:09:20 --> Total execution time: 0.0441
