DEBUG - 2017-08-08 01:14:49 --> UTF-8 Support Enabled
DEBUG - 2017-08-08 01:14:49 --> Global POST, GET and COOKIE data sanitized
ERROR - 2017-08-08 01:14:49 --> 404 Page Not Found: Robotstxt/index
DEBUG - 2017-08-08 01:14:53 --> UTF-8 Support Enabled
DEBUG - 2017-08-08 01:14:53 --> No URI present. Default controller set.
DEBUG - 2017-08-08 01:14:53 --> Global POST, GET and COOKIE data sanitized
DEBUG - 2017-08-08 01:14:53 --> Total execution time: 0.0392
DEBUG - 2017-08-08 10:17:09 --> UTF-8 Support Enabled
DEBUG - 2017-08-08 10:17:09 --> Global POST, GET and COOKIE data sanitized
ERROR - 2017-08-08 10:17:09 --> 404 Page Not Found: Robotstxt/index
DEBUG - 2017-08-08 10:17:13 --> UTF-8 Support Enabled
DEBUG - 2017-08-08 10:17:13 --> No URI present. Default controller set.
DEBUG - 2017-08-08 10:17:13 --> Global POST, GET and COOKIE data sanitized
DEBUG - 2017-08-08 10:17:14 --> Total execution time: 0.2552
DEBUG - 2017-08-08 17:42:20 --> UTF-8 Support Enabled
DEBUG - 2017-08-08 17:42:20 --> No URI present. Default controller set.
DEBUG - 2017-08-08 17:42:20 --> Global POST, GET and COOKIE data sanitized
DEBUG - 2017-08-08 17:42:20 --> Total execution time: 0.3506
DEBUG - 2017-08-08 19:31:17 --> UTF-8 Support Enabled
DEBUG - 2017-08-08 19:31:17 --> Global POST, GET and COOKIE data sanitized
ERROR - 2017-08-08 19:31:17 --> 404 Page Not Found: Robotstxt/index
DEBUG - 2017-08-08 19:31:18 --> UTF-8 Support Enabled
DEBUG - 2017-08-08 19:31:18 --> No URI present. Default controller set.
DEBUG - 2017-08-08 19:31:18 --> Global POST, GET and COOKIE data sanitized
DEBUG - 2017-08-08 19:31:18 --> Total execution time: 0.2460
DEBUG - 2017-08-08 20:10:57 --> UTF-8 Support Enabled
DEBUG - 2017-08-08 20:10:57 --> No URI present. Default controller set.
DEBUG - 2017-08-08 20:10:57 --> Global POST, GET and COOKIE data sanitized
DEBUG - 2017-08-08 20:10:58 --> Total execution time: 0.1336
