DEBUG - 2017-09-17 09:13:51 --> UTF-8 Support Enabled
DEBUG - 2017-09-17 09:13:51 --> No URI present. Default controller set.
DEBUG - 2017-09-17 09:13:51 --> Global POST, GET and COOKIE data sanitized
DEBUG - 2017-09-17 09:13:51 --> Config file loaded: /home/data/wwwroot/My_CodeIgniter/application/config/twig.php
DEBUG - 2017-09-17 09:13:51 --> Total execution time: 0.0472
DEBUG - 2017-09-17 09:13:54 --> UTF-8 Support Enabled
DEBUG - 2017-09-17 09:13:54 --> No URI present. Default controller set.
DEBUG - 2017-09-17 09:13:54 --> Global POST, GET and COOKIE data sanitized
DEBUG - 2017-09-17 09:13:54 --> Config file loaded: /home/data/wwwroot/My_CodeIgniter/application/config/twig.php
DEBUG - 2017-09-17 09:13:54 --> Total execution time: 0.0269
DEBUG - 2017-09-17 09:14:39 --> UTF-8 Support Enabled
DEBUG - 2017-09-17 09:14:39 --> No URI present. Default controller set.
DEBUG - 2017-09-17 09:14:39 --> Global POST, GET and COOKIE data sanitized
DEBUG - 2017-09-17 09:14:39 --> Config file loaded: /home/data/wwwroot/My_CodeIgniter/application/config/twig.php
DEBUG - 2017-09-17 09:14:39 --> Total execution time: 0.0272
DEBUG - 2017-09-17 09:30:23 --> UTF-8 Support Enabled
DEBUG - 2017-09-17 09:30:23 --> No URI present. Default controller set.
DEBUG - 2017-09-17 09:30:23 --> Global POST, GET and COOKIE data sanitized
DEBUG - 2017-09-17 09:30:23 --> Config file loaded: /home/data/wwwroot/My_CodeIgniter/application/config/twig.php
DEBUG - 2017-09-17 09:30:23 --> Total execution time: 0.0285
DEBUG - 2017-09-17 16:24:06 --> UTF-8 Support Enabled
DEBUG - 2017-09-17 16:24:06 --> No URI present. Default controller set.
DEBUG - 2017-09-17 16:24:06 --> Global POST, GET and COOKIE data sanitized
DEBUG - 2017-09-17 16:24:06 --> Config file loaded: /home/data/wwwroot/My_CodeIgniter/application/config/twig.php
DEBUG - 2017-09-17 16:24:06 --> Total execution time: 0.0298
DEBUG - 2017-09-17 16:24:11 --> UTF-8 Support Enabled
DEBUG - 2017-09-17 16:24:11 --> No URI present. Default controller set.
DEBUG - 2017-09-17 16:24:11 --> Global POST, GET and COOKIE data sanitized
DEBUG - 2017-09-17 16:24:11 --> Config file loaded: /home/data/wwwroot/My_CodeIgniter/application/config/twig.php
DEBUG - 2017-09-17 16:24:11 --> Total execution time: 0.0260
DEBUG - 2017-09-17 17:58:37 --> UTF-8 Support Enabled
DEBUG - 2017-09-17 17:58:37 --> No URI present. Default controller set.
DEBUG - 2017-09-17 17:58:37 --> Global POST, GET and COOKIE data sanitized
DEBUG - 2017-09-17 17:58:37 --> Config file loaded: /home/data/wwwroot/My_CodeIgniter/application/config/twig.php
DEBUG - 2017-09-17 17:58:37 --> Total execution time: 0.0656
