DEBUG - 2017-09-05 12:12:47 --> UTF-8 Support Enabled
DEBUG - 2017-09-05 12:12:47 --> No URI present. Default controller set.
DEBUG - 2017-09-05 12:12:47 --> Global POST, GET and COOKIE data sanitized
DEBUG - 2017-09-05 12:12:47 --> Config file loaded: /home/data/wwwroot/My_CodeIgniter/application/config/twig.php
DEBUG - 2017-09-05 12:12:47 --> Total execution time: 0.3522
DEBUG - 2017-09-05 12:12:47 --> UTF-8 Support Enabled
DEBUG - 2017-09-05 12:12:47 --> Global POST, GET and COOKIE data sanitized
ERROR - 2017-09-05 12:12:47 --> 404 Page Not Found: Faviconico/index
DEBUG - 2017-09-05 14:29:58 --> UTF-8 Support Enabled
DEBUG - 2017-09-05 14:29:58 --> No URI present. Default controller set.
DEBUG - 2017-09-05 14:29:58 --> Global POST, GET and COOKIE data sanitized
DEBUG - 2017-09-05 14:29:58 --> Config file loaded: /home/data/wwwroot/My_CodeIgniter/application/config/twig.php
DEBUG - 2017-09-05 14:29:58 --> Total execution time: 0.0267
DEBUG - 2017-09-05 16:00:37 --> UTF-8 Support Enabled
DEBUG - 2017-09-05 16:00:37 --> No URI present. Default controller set.
DEBUG - 2017-09-05 16:00:37 --> Global POST, GET and COOKIE data sanitized
DEBUG - 2017-09-05 16:00:37 --> Config file loaded: /home/data/wwwroot/My_CodeIgniter/application/config/twig.php
DEBUG - 2017-09-05 16:00:37 --> Total execution time: 0.0312
DEBUG - 2017-09-05 16:00:38 --> UTF-8 Support Enabled
DEBUG - 2017-09-05 16:00:38 --> Global POST, GET and COOKIE data sanitized
ERROR - 2017-09-05 16:00:38 --> 404 Page Not Found: Faviconico/index
DEBUG - 2017-09-05 16:00:40 --> UTF-8 Support Enabled
DEBUG - 2017-09-05 16:00:40 --> No URI present. Default controller set.
DEBUG - 2017-09-05 16:00:40 --> Global POST, GET and COOKIE data sanitized
DEBUG - 2017-09-05 16:00:40 --> Config file loaded: /home/data/wwwroot/My_CodeIgniter/application/config/twig.php
DEBUG - 2017-09-05 16:00:40 --> Total execution time: 0.0275
DEBUG - 2017-09-05 16:19:48 --> UTF-8 Support Enabled
DEBUG - 2017-09-05 16:19:48 --> No URI present. Default controller set.
DEBUG - 2017-09-05 16:19:48 --> Global POST, GET and COOKIE data sanitized
DEBUG - 2017-09-05 16:19:48 --> Config file loaded: /home/data/wwwroot/My_CodeIgniter/application/config/twig.php
DEBUG - 2017-09-05 16:19:48 --> Total execution time: 0.0261
DEBUG - 2017-09-05 17:10:28 --> UTF-8 Support Enabled
DEBUG - 2017-09-05 17:10:28 --> No URI present. Default controller set.
DEBUG - 2017-09-05 17:10:28 --> Global POST, GET and COOKIE data sanitized
DEBUG - 2017-09-05 17:10:28 --> Config file loaded: /home/data/wwwroot/My_CodeIgniter/application/config/twig.php
DEBUG - 2017-09-05 17:10:28 --> Total execution time: 0.0455
DEBUG - 2017-09-05 17:10:29 --> UTF-8 Support Enabled
DEBUG - 2017-09-05 17:10:29 --> Global POST, GET and COOKIE data sanitized
ERROR - 2017-09-05 17:10:29 --> 404 Page Not Found: Faviconico/index
DEBUG - 2017-09-05 17:10:32 --> UTF-8 Support Enabled
DEBUG - 2017-09-05 17:10:32 --> Global POST, GET and COOKIE data sanitized
ERROR - 2017-09-05 17:10:32 --> 404 Page Not Found: 1/index
DEBUG - 2017-09-05 17:11:03 --> UTF-8 Support Enabled
DEBUG - 2017-09-05 17:11:03 --> No URI present. Default controller set.
DEBUG - 2017-09-05 17:11:03 --> Global POST, GET and COOKIE data sanitized
DEBUG - 2017-09-05 17:11:03 --> Config file loaded: /home/data/wwwroot/My_CodeIgniter/application/config/twig.php
DEBUG - 2017-09-05 17:11:03 --> Total execution time: 0.0381
DEBUG - 2017-09-05 17:11:03 --> UTF-8 Support Enabled
DEBUG - 2017-09-05 17:11:03 --> Global POST, GET and COOKIE data sanitized
ERROR - 2017-09-05 17:11:03 --> 404 Page Not Found: Faviconico/index
DEBUG - 2017-09-05 17:11:58 --> UTF-8 Support Enabled
DEBUG - 2017-09-05 17:11:58 --> No URI present. Default controller set.
DEBUG - 2017-09-05 17:11:58 --> Global POST, GET and COOKIE data sanitized
DEBUG - 2017-09-05 17:11:58 --> Config file loaded: /home/data/wwwroot/My_CodeIgniter/application/config/twig.php
DEBUG - 2017-09-05 17:11:58 --> Total execution time: 0.0376
DEBUG - 2017-09-05 17:12:31 --> UTF-8 Support Enabled
DEBUG - 2017-09-05 17:12:31 --> No URI present. Default controller set.
DEBUG - 2017-09-05 17:12:31 --> Global POST, GET and COOKIE data sanitized
DEBUG - 2017-09-05 17:12:31 --> Config file loaded: /home/data/wwwroot/My_CodeIgniter/application/config/twig.php
DEBUG - 2017-09-05 17:12:31 --> Total execution time: 0.0416
DEBUG - 2017-09-05 18:00:45 --> UTF-8 Support Enabled
DEBUG - 2017-09-05 18:00:45 --> No URI present. Default controller set.
DEBUG - 2017-09-05 18:00:45 --> Global POST, GET and COOKIE data sanitized
DEBUG - 2017-09-05 18:00:45 --> Config file loaded: /home/data/wwwroot/My_CodeIgniter/application/config/twig.php
DEBUG - 2017-09-05 18:00:45 --> Total execution time: 0.0438
DEBUG - 2017-09-05 18:00:46 --> UTF-8 Support Enabled
DEBUG - 2017-09-05 18:00:46 --> Global POST, GET and COOKIE data sanitized
ERROR - 2017-09-05 18:00:46 --> 404 Page Not Found: Faviconico/index
DEBUG - 2017-09-05 18:23:23 --> UTF-8 Support Enabled
DEBUG - 2017-09-05 18:23:23 --> No URI present. Default controller set.
DEBUG - 2017-09-05 18:23:23 --> Global POST, GET and COOKIE data sanitized
DEBUG - 2017-09-05 18:23:23 --> Config file loaded: /home/data/wwwroot/My_CodeIgniter/application/config/twig.php
DEBUG - 2017-09-05 18:23:23 --> Total execution time: 0.0585
DEBUG - 2017-09-05 18:51:07 --> UTF-8 Support Enabled
DEBUG - 2017-09-05 18:51:07 --> Global POST, GET and COOKIE data sanitized
ERROR - 2017-09-05 18:51:07 --> 404 Page Not Found: Administrator/index
DEBUG - 2017-09-05 19:01:21 --> UTF-8 Support Enabled
DEBUG - 2017-09-05 19:01:21 --> No URI present. Default controller set.
DEBUG - 2017-09-05 19:01:21 --> Global POST, GET and COOKIE data sanitized
DEBUG - 2017-09-05 19:01:21 --> Config file loaded: /home/data/wwwroot/My_CodeIgniter/application/config/twig.php
DEBUG - 2017-09-05 19:01:21 --> Total execution time: 0.0489
DEBUG - 2017-09-05 19:01:35 --> UTF-8 Support Enabled
DEBUG - 2017-09-05 19:01:35 --> Global POST, GET and COOKIE data sanitized
ERROR - 2017-09-05 19:01:35 --> 404 Page Not Found: Wp-admin/index
DEBUG - 2017-09-05 19:08:14 --> UTF-8 Support Enabled
DEBUG - 2017-09-05 19:08:14 --> Global POST, GET and COOKIE data sanitized
ERROR - 2017-09-05 19:08:14 --> 404 Page Not Found: Admin/index
DEBUG - 2017-09-05 19:15:25 --> UTF-8 Support Enabled
DEBUG - 2017-09-05 19:15:25 --> Global POST, GET and COOKIE data sanitized
ERROR - 2017-09-05 19:15:25 --> 404 Page Not Found: Administrator/index
DEBUG - 2017-09-05 19:22:21 --> UTF-8 Support Enabled
DEBUG - 2017-09-05 19:22:21 --> No URI present. Default controller set.
DEBUG - 2017-09-05 19:22:21 --> Global POST, GET and COOKIE data sanitized
DEBUG - 2017-09-05 19:22:21 --> Config file loaded: /home/data/wwwroot/My_CodeIgniter/application/config/twig.php
DEBUG - 2017-09-05 19:22:21 --> Total execution time: 0.0515
DEBUG - 2017-09-05 19:23:39 --> UTF-8 Support Enabled
DEBUG - 2017-09-05 19:23:39 --> No URI present. Default controller set.
DEBUG - 2017-09-05 19:23:39 --> Global POST, GET and COOKIE data sanitized
DEBUG - 2017-09-05 19:23:39 --> Config file loaded: /home/data/wwwroot/My_CodeIgniter/application/config/twig.php
DEBUG - 2017-09-05 19:23:39 --> Total execution time: 0.0288
DEBUG - 2017-09-05 19:23:41 --> UTF-8 Support Enabled
DEBUG - 2017-09-05 19:23:41 --> Global POST, GET and COOKIE data sanitized
ERROR - 2017-09-05 19:23:41 --> 404 Page Not Found: Faviconico/index
DEBUG - 2017-09-05 19:24:45 --> UTF-8 Support Enabled
DEBUG - 2017-09-05 19:24:45 --> Global POST, GET and COOKIE data sanitized
ERROR - 2017-09-05 19:24:45 --> 404 Page Not Found: Wp-admin/index
DEBUG - 2017-09-05 19:27:55 --> UTF-8 Support Enabled
DEBUG - 2017-09-05 19:27:55 --> Global POST, GET and COOKIE data sanitized
ERROR - 2017-09-05 19:27:55 --> 404 Page Not Found: Admin/index
DEBUG - 2017-09-05 19:30:15 --> UTF-8 Support Enabled
DEBUG - 2017-09-05 19:30:15 --> Global POST, GET and COOKIE data sanitized
ERROR - 2017-09-05 19:30:15 --> 404 Page Not Found: Administrator/index
DEBUG - 2017-09-05 19:37:59 --> UTF-8 Support Enabled
DEBUG - 2017-09-05 19:37:59 --> Global POST, GET and COOKIE data sanitized
ERROR - 2017-09-05 19:37:59 --> 404 Page Not Found: Wp-admin/index
DEBUG - 2017-09-05 19:40:17 --> UTF-8 Support Enabled
DEBUG - 2017-09-05 19:40:17 --> Global POST, GET and COOKIE data sanitized
ERROR - 2017-09-05 19:40:17 --> 404 Page Not Found: Admin/index
DEBUG - 2017-09-05 19:44:29 --> UTF-8 Support Enabled
DEBUG - 2017-09-05 19:44:29 --> Global POST, GET and COOKIE data sanitized
ERROR - 2017-09-05 19:44:29 --> 404 Page Not Found: Administrator/index
DEBUG - 2017-09-05 19:53:45 --> UTF-8 Support Enabled
DEBUG - 2017-09-05 19:53:45 --> Global POST, GET and COOKIE data sanitized
ERROR - 2017-09-05 19:53:45 --> 404 Page Not Found: Wp-admin/index
DEBUG - 2017-09-05 19:56:49 --> UTF-8 Support Enabled
DEBUG - 2017-09-05 19:56:49 --> Global POST, GET and COOKIE data sanitized
ERROR - 2017-09-05 19:56:49 --> 404 Page Not Found: Admin/index
DEBUG - 2017-09-05 19:58:20 --> UTF-8 Support Enabled
DEBUG - 2017-09-05 19:58:20 --> Global POST, GET and COOKIE data sanitized
ERROR - 2017-09-05 19:58:20 --> 404 Page Not Found: Administrator/index
DEBUG - 2017-09-05 20:04:28 --> UTF-8 Support Enabled
DEBUG - 2017-09-05 20:04:28 --> Global POST, GET and COOKIE data sanitized
ERROR - 2017-09-05 20:04:28 --> 404 Page Not Found: Wp-admin/index
DEBUG - 2017-09-05 20:09:49 --> UTF-8 Support Enabled
DEBUG - 2017-09-05 20:09:49 --> Global POST, GET and COOKIE data sanitized
ERROR - 2017-09-05 20:09:49 --> 404 Page Not Found: Admin/index
DEBUG - 2017-09-05 21:11:23 --> UTF-8 Support Enabled
DEBUG - 2017-09-05 21:11:23 --> No URI present. Default controller set.
DEBUG - 2017-09-05 21:11:23 --> Global POST, GET and COOKIE data sanitized
DEBUG - 2017-09-05 21:11:23 --> Config file loaded: /home/data/wwwroot/My_CodeIgniter/application/config/twig.php
DEBUG - 2017-09-05 21:11:23 --> Total execution time: 0.0549
