DEBUG - 2017-10-07 04:27:51 --> UTF-8 Support Enabled
DEBUG - 2017-10-07 04:27:51 --> Global POST, GET and COOKIE data sanitized
ERROR - 2017-10-07 04:27:51 --> 404 Page Not Found: Robotstxt/index
DEBUG - 2017-10-07 14:20:48 --> UTF-8 Support Enabled
DEBUG - 2017-10-07 14:20:48 --> Global POST, GET and COOKIE data sanitized
ERROR - 2017-10-07 14:20:48 --> 404 Page Not Found: Robotstxt/index
DEBUG - 2017-10-07 14:20:49 --> UTF-8 Support Enabled
DEBUG - 2017-10-07 14:20:49 --> No URI present. Default controller set.
DEBUG - 2017-10-07 14:20:49 --> Global POST, GET and COOKIE data sanitized
DEBUG - 2017-10-07 14:20:49 --> Config file loaded: /home/data/wwwroot/My_CodeIgniter/application/config/twig.php
DEBUG - 2017-10-07 14:20:49 --> Total execution time: 0.2240
DEBUG - 2017-10-07 14:58:54 --> UTF-8 Support Enabled
DEBUG - 2017-10-07 14:58:54 --> No URI present. Default controller set.
DEBUG - 2017-10-07 14:58:54 --> Global POST, GET and COOKIE data sanitized
DEBUG - 2017-10-07 14:58:54 --> Config file loaded: /home/data/wwwroot/My_CodeIgniter/application/config/twig.php
DEBUG - 2017-10-07 14:58:54 --> Total execution time: 0.0277
DEBUG - 2017-10-07 19:12:36 --> UTF-8 Support Enabled
DEBUG - 2017-10-07 19:12:36 --> No URI present. Default controller set.
DEBUG - 2017-10-07 19:12:36 --> Global POST, GET and COOKIE data sanitized
DEBUG - 2017-10-07 19:12:36 --> Config file loaded: /home/data/wwwroot/My_CodeIgniter/application/config/twig.php
DEBUG - 2017-10-07 19:12:36 --> Total execution time: 0.0659
DEBUG - 2017-10-07 21:07:02 --> UTF-8 Support Enabled
DEBUG - 2017-10-07 21:07:02 --> No URI present. Default controller set.
DEBUG - 2017-10-07 21:07:02 --> Global POST, GET and COOKIE data sanitized
DEBUG - 2017-10-07 21:07:02 --> Config file loaded: /home/data/wwwroot/My_CodeIgniter/application/config/twig.php
DEBUG - 2017-10-07 21:07:02 --> Total execution time: 0.0648
DEBUG - 2017-10-07 23:25:39 --> UTF-8 Support Enabled
DEBUG - 2017-10-07 23:25:39 --> No URI present. Default controller set.
DEBUG - 2017-10-07 23:25:39 --> Global POST, GET and COOKIE data sanitized
DEBUG - 2017-10-07 23:25:39 --> Config file loaded: /home/data/wwwroot/My_CodeIgniter/application/config/twig.php
DEBUG - 2017-10-07 23:25:39 --> Total execution time: 0.0287
