DEBUG - 2017-10-12 01:03:03 --> UTF-8 Support Enabled
DEBUG - 2017-10-12 01:03:03 --> No URI present. Default controller set.
DEBUG - 2017-10-12 01:03:03 --> Global POST, GET and COOKIE data sanitized
DEBUG - 2017-10-12 01:03:03 --> Config file loaded: /home/data/wwwroot/My_CodeIgniter/application/config/twig.php
DEBUG - 2017-10-12 01:03:03 --> Total execution time: 0.0274
DEBUG - 2017-10-12 09:50:08 --> UTF-8 Support Enabled
DEBUG - 2017-10-12 09:50:08 --> No URI present. Default controller set.
DEBUG - 2017-10-12 09:50:08 --> Global POST, GET and COOKIE data sanitized
DEBUG - 2017-10-12 09:50:08 --> Config file loaded: /home/data/wwwroot/My_CodeIgniter/application/config/twig.php
DEBUG - 2017-10-12 09:50:09 --> Total execution time: 0.7926
DEBUG - 2017-10-12 10:36:52 --> UTF-8 Support Enabled
DEBUG - 2017-10-12 10:36:52 --> No URI present. Default controller set.
DEBUG - 2017-10-12 10:36:52 --> Global POST, GET and COOKIE data sanitized
DEBUG - 2017-10-12 10:36:52 --> Config file loaded: /home/data/wwwroot/My_CodeIgniter/application/config/twig.php
DEBUG - 2017-10-12 10:36:52 --> Total execution time: 0.0263
DEBUG - 2017-10-12 13:35:59 --> UTF-8 Support Enabled
DEBUG - 2017-10-12 13:35:59 --> Global POST, GET and COOKIE data sanitized
ERROR - 2017-10-12 13:35:59 --> 404 Page Not Found: Robotstxt/index
DEBUG - 2017-10-12 13:36:03 --> UTF-8 Support Enabled
DEBUG - 2017-10-12 13:36:03 --> No URI present. Default controller set.
DEBUG - 2017-10-12 13:36:03 --> Global POST, GET and COOKIE data sanitized
DEBUG - 2017-10-12 13:36:03 --> Config file loaded: /home/data/wwwroot/My_CodeIgniter/application/config/twig.php
DEBUG - 2017-10-12 13:36:03 --> Total execution time: 0.0260
DEBUG - 2017-10-12 15:23:23 --> UTF-8 Support Enabled
DEBUG - 2017-10-12 15:23:23 --> No URI present. Default controller set.
DEBUG - 2017-10-12 15:23:23 --> Global POST, GET and COOKIE data sanitized
DEBUG - 2017-10-12 15:23:23 --> Config file loaded: /home/data/wwwroot/My_CodeIgniter/application/config/twig.php
DEBUG - 2017-10-12 15:23:23 --> Total execution time: 0.0272
DEBUG - 2017-10-12 15:23:24 --> UTF-8 Support Enabled
DEBUG - 2017-10-12 15:23:24 --> Global POST, GET and COOKIE data sanitized
ERROR - 2017-10-12 15:23:24 --> 404 Page Not Found: Faviconico/index
DEBUG - 2017-10-12 15:35:33 --> UTF-8 Support Enabled
DEBUG - 2017-10-12 15:35:33 --> No URI present. Default controller set.
DEBUG - 2017-10-12 15:35:33 --> Global POST, GET and COOKIE data sanitized
DEBUG - 2017-10-12 15:35:33 --> Config file loaded: /home/data/wwwroot/My_CodeIgniter/application/config/twig.php
DEBUG - 2017-10-12 15:35:33 --> Total execution time: 0.0372
DEBUG - 2017-10-12 16:30:10 --> UTF-8 Support Enabled
DEBUG - 2017-10-12 16:30:10 --> No URI present. Default controller set.
DEBUG - 2017-10-12 16:30:10 --> Global POST, GET and COOKIE data sanitized
DEBUG - 2017-10-12 16:30:10 --> Config file loaded: /home/data/wwwroot/My_CodeIgniter/application/config/twig.php
DEBUG - 2017-10-12 16:30:10 --> Total execution time: 0.0268
DEBUG - 2017-10-12 19:52:13 --> UTF-8 Support Enabled
DEBUG - 2017-10-12 19:52:13 --> Global POST, GET and COOKIE data sanitized
ERROR - 2017-10-12 19:52:13 --> 404 Page Not Found: Robotstxt/index
DEBUG - 2017-10-12 21:11:13 --> UTF-8 Support Enabled
DEBUG - 2017-10-12 21:11:13 --> No URI present. Default controller set.
DEBUG - 2017-10-12 21:11:13 --> Global POST, GET and COOKIE data sanitized
DEBUG - 2017-10-12 21:11:13 --> Config file loaded: /home/data/wwwroot/My_CodeIgniter/application/config/twig.php
DEBUG - 2017-10-12 21:11:13 --> Total execution time: 0.2764
DEBUG - 2017-10-12 21:11:13 --> UTF-8 Support Enabled
DEBUG - 2017-10-12 21:11:13 --> Global POST, GET and COOKIE data sanitized
ERROR - 2017-10-12 21:11:13 --> 404 Page Not Found: Faviconico/index
