DEBUG - 2017-09-30 03:48:51 --> UTF-8 Support Enabled
DEBUG - 2017-09-30 03:48:51 --> No URI present. Default controller set.
DEBUG - 2017-09-30 03:48:51 --> Global POST, GET and COOKIE data sanitized
DEBUG - 2017-09-30 03:48:51 --> Config file loaded: /home/data/wwwroot/My_CodeIgniter/application/config/twig.php
DEBUG - 2017-09-30 03:48:51 --> Total execution time: 0.0301
DEBUG - 2017-09-30 07:17:55 --> UTF-8 Support Enabled
DEBUG - 2017-09-30 07:17:55 --> No URI present. Default controller set.
DEBUG - 2017-09-30 07:17:55 --> Global POST, GET and COOKIE data sanitized
DEBUG - 2017-09-30 07:17:55 --> Config file loaded: /home/data/wwwroot/My_CodeIgniter/application/config/twig.php
DEBUG - 2017-09-30 07:17:55 --> Total execution time: 0.0292
DEBUG - 2017-09-30 17:13:18 --> UTF-8 Support Enabled
DEBUG - 2017-09-30 17:13:18 --> Global POST, GET and COOKIE data sanitized
ERROR - 2017-09-30 17:13:18 --> 404 Page Not Found: Robotstxt/index
DEBUG - 2017-09-30 17:36:33 --> UTF-8 Support Enabled
DEBUG - 2017-09-30 17:36:33 --> No URI present. Default controller set.
DEBUG - 2017-09-30 17:36:33 --> Global POST, GET and COOKIE data sanitized
DEBUG - 2017-09-30 17:36:33 --> Config file loaded: /home/data/wwwroot/My_CodeIgniter/application/config/twig.php
DEBUG - 2017-09-30 17:36:33 --> Total execution time: 0.4288
DEBUG - 2017-09-30 21:30:16 --> UTF-8 Support Enabled
DEBUG - 2017-09-30 21:30:16 --> No URI present. Default controller set.
DEBUG - 2017-09-30 21:30:16 --> Global POST, GET and COOKIE data sanitized
DEBUG - 2017-09-30 21:30:16 --> Config file loaded: /home/data/wwwroot/My_CodeIgniter/application/config/twig.php
DEBUG - 2017-09-30 21:30:16 --> Total execution time: 0.0414
