DEBUG - 2018-07-30 00:03:28 --> UTF-8 Support Enabled
DEBUG - 2018-07-30 00:03:28 --> No URI present. Default controller set.
DEBUG - 2018-07-30 00:03:28 --> Global POST, GET and COOKIE data sanitized
DEBUG - 2018-07-30 00:03:28 --> Config file loaded: /www/wwwroot/ci.yeedev.xyz/application/config/twig.php
DEBUG - 2018-07-30 00:03:28 --> Total execution time: 0.0701
DEBUG - 2018-07-30 06:09:17 --> UTF-8 Support Enabled
DEBUG - 2018-07-30 06:09:17 --> No URI present. Default controller set.
DEBUG - 2018-07-30 06:09:17 --> Global POST, GET and COOKIE data sanitized
DEBUG - 2018-07-30 06:09:17 --> Config file loaded: /www/wwwroot/ci.yeedev.xyz/application/config/twig.php
DEBUG - 2018-07-30 06:09:17 --> Total execution time: 0.0920
DEBUG - 2018-07-30 08:26:47 --> UTF-8 Support Enabled
DEBUG - 2018-07-30 08:26:47 --> No URI present. Default controller set.
DEBUG - 2018-07-30 08:26:47 --> Global POST, GET and COOKIE data sanitized
DEBUG - 2018-07-30 08:26:47 --> Config file loaded: /www/wwwroot/ci.yeedev.xyz/application/config/twig.php
DEBUG - 2018-07-30 08:26:47 --> Total execution time: 0.0533
DEBUG - 2018-07-30 11:25:47 --> UTF-8 Support Enabled
DEBUG - 2018-07-30 11:25:47 --> No URI present. Default controller set.
DEBUG - 2018-07-30 11:25:47 --> Global POST, GET and COOKIE data sanitized
DEBUG - 2018-07-30 11:25:47 --> Config file loaded: /www/wwwroot/ci.yeedev.xyz/application/config/twig.php
DEBUG - 2018-07-30 11:25:47 --> Total execution time: 0.1704
DEBUG - 2018-07-30 12:47:19 --> UTF-8 Support Enabled
DEBUG - 2018-07-30 12:47:19 --> No URI present. Default controller set.
DEBUG - 2018-07-30 12:47:19 --> Global POST, GET and COOKIE data sanitized
DEBUG - 2018-07-30 12:47:19 --> Config file loaded: /www/wwwroot/ci.yeedev.xyz/application/config/twig.php
DEBUG - 2018-07-30 12:47:19 --> Total execution time: 0.0603
DEBUG - 2018-07-30 17:13:27 --> UTF-8 Support Enabled
DEBUG - 2018-07-30 17:13:27 --> No URI present. Default controller set.
DEBUG - 2018-07-30 17:13:27 --> Global POST, GET and COOKIE data sanitized
DEBUG - 2018-07-30 17:13:27 --> Config file loaded: /www/wwwroot/ci.yeedev.xyz/application/config/twig.php
DEBUG - 2018-07-30 17:13:27 --> Total execution time: 0.0394
