DEBUG - 2017-08-22 00:00:17 --> UTF-8 Support Enabled
DEBUG - 2017-08-22 00:00:17 --> Global POST, GET and COOKIE data sanitized
ERROR - 2017-08-22 00:00:17 --> 404 Page Not Found: Robotstxt/index
DEBUG - 2017-08-22 00:00:18 --> UTF-8 Support Enabled
DEBUG - 2017-08-22 00:00:18 --> No URI present. Default controller set.
DEBUG - 2017-08-22 00:00:18 --> Global POST, GET and COOKIE data sanitized
DEBUG - 2017-08-22 00:00:18 --> Config file loaded: /home/data/wwwroot/My_CodeIgniter/application/config/twig.php
DEBUG - 2017-08-22 00:00:18 --> Total execution time: 0.0276
DEBUG - 2017-08-22 00:00:19 --> UTF-8 Support Enabled
DEBUG - 2017-08-22 00:00:19 --> Global POST, GET and COOKIE data sanitized
ERROR - 2017-08-22 00:00:19 --> 404 Page Not Found: Blog/robots.txt
DEBUG - 2017-08-22 00:00:19 --> UTF-8 Support Enabled
DEBUG - 2017-08-22 00:00:19 --> Global POST, GET and COOKIE data sanitized
ERROR - 2017-08-22 00:00:19 --> 404 Page Not Found: Blog/index
DEBUG - 2017-08-22 00:00:20 --> UTF-8 Support Enabled
DEBUG - 2017-08-22 00:00:20 --> Global POST, GET and COOKIE data sanitized
ERROR - 2017-08-22 00:00:20 --> 404 Page Not Found: Wordpress/index
DEBUG - 2017-08-22 00:00:20 --> UTF-8 Support Enabled
DEBUG - 2017-08-22 00:00:20 --> Global POST, GET and COOKIE data sanitized
ERROR - 2017-08-22 00:00:20 --> 404 Page Not Found: Wp/index
DEBUG - 2017-08-22 00:49:10 --> UTF-8 Support Enabled
DEBUG - 2017-08-22 00:49:10 --> No URI present. Default controller set.
DEBUG - 2017-08-22 00:49:10 --> Global POST, GET and COOKIE data sanitized
DEBUG - 2017-08-22 00:49:10 --> Config file loaded: /home/data/wwwroot/My_CodeIgniter/application/config/twig.php
DEBUG - 2017-08-22 00:49:10 --> Total execution time: 0.0274
DEBUG - 2017-08-22 06:59:29 --> UTF-8 Support Enabled
DEBUG - 2017-08-22 06:59:29 --> No URI present. Default controller set.
DEBUG - 2017-08-22 06:59:29 --> Global POST, GET and COOKIE data sanitized
DEBUG - 2017-08-22 06:59:29 --> Config file loaded: /home/data/wwwroot/My_CodeIgniter/application/config/twig.php
DEBUG - 2017-08-22 06:59:29 --> Total execution time: 0.0448
