DEBUG - 2017-08-10 08:49:35 --> UTF-8 Support Enabled
DEBUG - 2017-08-10 08:49:35 --> No URI present. Default controller set.
DEBUG - 2017-08-10 08:49:35 --> Global POST, GET and COOKIE data sanitized
DEBUG - 2017-08-10 08:49:36 --> Total execution time: 0.2904
DEBUG - 2017-08-10 16:11:07 --> UTF-8 Support Enabled
DEBUG - 2017-08-10 16:11:07 --> Global POST, GET and COOKIE data sanitized
ERROR - 2017-08-10 16:11:07 --> 404 Page Not Found: Robotstxt/index
DEBUG - 2017-08-10 16:11:07 --> UTF-8 Support Enabled
DEBUG - 2017-08-10 16:11:07 --> No URI present. Default controller set.
DEBUG - 2017-08-10 16:11:07 --> Global POST, GET and COOKIE data sanitized
DEBUG - 2017-08-10 16:11:07 --> Total execution time: 0.0845
DEBUG - 2017-08-10 16:11:07 --> UTF-8 Support Enabled
DEBUG - 2017-08-10 16:11:07 --> Global POST, GET and COOKIE data sanitized
ERROR - 2017-08-10 16:11:07 --> 404 Page Not Found: Blog/robots.txt
DEBUG - 2017-08-10 16:11:08 --> UTF-8 Support Enabled
DEBUG - 2017-08-10 16:11:08 --> Global POST, GET and COOKIE data sanitized
ERROR - 2017-08-10 16:11:08 --> 404 Page Not Found: Blog/index
DEBUG - 2017-08-10 16:11:08 --> UTF-8 Support Enabled
DEBUG - 2017-08-10 16:11:08 --> Global POST, GET and COOKIE data sanitized
ERROR - 2017-08-10 16:11:08 --> 404 Page Not Found: Wordpress/index
DEBUG - 2017-08-10 16:11:08 --> UTF-8 Support Enabled
DEBUG - 2017-08-10 16:11:08 --> Global POST, GET and COOKIE data sanitized
ERROR - 2017-08-10 16:11:08 --> 404 Page Not Found: Wp/index
DEBUG - 2017-08-10 16:11:08 --> UTF-8 Support Enabled
DEBUG - 2017-08-10 16:11:08 --> Global POST, GET and COOKIE data sanitized
ERROR - 2017-08-10 16:11:08 --> 404 Page Not Found: Robotstxt/index
DEBUG - 2017-08-10 16:11:09 --> UTF-8 Support Enabled
DEBUG - 2017-08-10 16:11:09 --> Global POST, GET and COOKIE data sanitized
ERROR - 2017-08-10 16:11:09 --> 404 Page Not Found: Blog/robots.txt
DEBUG - 2017-08-10 16:11:09 --> UTF-8 Support Enabled
DEBUG - 2017-08-10 16:11:09 --> Global POST, GET and COOKIE data sanitized
ERROR - 2017-08-10 16:11:09 --> 404 Page Not Found: Joomla/robots.txt
DEBUG - 2017-08-10 23:46:12 --> UTF-8 Support Enabled
DEBUG - 2017-08-10 23:46:12 --> No URI present. Default controller set.
DEBUG - 2017-08-10 23:46:12 --> Global POST, GET and COOKIE data sanitized
DEBUG - 2017-08-10 23:46:12 --> Total execution time: 0.0395
