DEBUG - 2017-10-15 00:26:45 --> UTF-8 Support Enabled
DEBUG - 2017-10-15 00:26:45 --> No URI present. Default controller set.
DEBUG - 2017-10-15 00:26:45 --> Global POST, GET and COOKIE data sanitized
DEBUG - 2017-10-15 00:26:45 --> Config file loaded: /home/data/wwwroot/My_CodeIgniter/application/config/twig.php
DEBUG - 2017-10-15 00:26:45 --> Total execution time: 0.0277
DEBUG - 2017-10-15 04:03:32 --> UTF-8 Support Enabled
DEBUG - 2017-10-15 04:03:32 --> Global POST, GET and COOKIE data sanitized
ERROR - 2017-10-15 04:03:32 --> 404 Page Not Found: Robotstxt/index
DEBUG - 2017-10-15 04:16:51 --> UTF-8 Support Enabled
DEBUG - 2017-10-15 04:16:51 --> No URI present. Default controller set.
DEBUG - 2017-10-15 04:16:51 --> Global POST, GET and COOKIE data sanitized
DEBUG - 2017-10-15 04:16:51 --> Config file loaded: /home/data/wwwroot/My_CodeIgniter/application/config/twig.php
DEBUG - 2017-10-15 04:16:51 --> Total execution time: 0.0302
DEBUG - 2017-10-15 04:16:51 --> UTF-8 Support Enabled
DEBUG - 2017-10-15 04:16:51 --> No URI present. Default controller set.
DEBUG - 2017-10-15 04:16:51 --> Global POST, GET and COOKIE data sanitized
DEBUG - 2017-10-15 04:16:52 --> Config file loaded: /home/data/wwwroot/My_CodeIgniter/application/config/twig.php
DEBUG - 2017-10-15 04:16:52 --> Total execution time: 0.0272
DEBUG - 2017-10-15 05:31:14 --> UTF-8 Support Enabled
DEBUG - 2017-10-15 05:31:14 --> No URI present. Default controller set.
DEBUG - 2017-10-15 05:31:14 --> Global POST, GET and COOKIE data sanitized
DEBUG - 2017-10-15 05:31:14 --> Config file loaded: /home/data/wwwroot/My_CodeIgniter/application/config/twig.php
DEBUG - 2017-10-15 05:31:14 --> Total execution time: 0.0315
DEBUG - 2017-10-15 09:53:51 --> UTF-8 Support Enabled
DEBUG - 2017-10-15 09:53:51 --> No URI present. Default controller set.
DEBUG - 2017-10-15 09:53:51 --> Global POST, GET and COOKIE data sanitized
DEBUG - 2017-10-15 09:53:52 --> Config file loaded: /home/data/wwwroot/My_CodeIgniter/application/config/twig.php
DEBUG - 2017-10-15 09:53:52 --> Total execution time: 0.3318
DEBUG - 2017-10-15 10:15:54 --> UTF-8 Support Enabled
DEBUG - 2017-10-15 10:15:54 --> Global POST, GET and COOKIE data sanitized
ERROR - 2017-10-15 10:15:54 --> 404 Page Not Found: Robotstxt/index
DEBUG - 2017-10-15 13:22:26 --> UTF-8 Support Enabled
DEBUG - 2017-10-15 13:22:26 --> No URI present. Default controller set.
DEBUG - 2017-10-15 13:22:26 --> Global POST, GET and COOKIE data sanitized
DEBUG - 2017-10-15 13:22:26 --> Config file loaded: /home/data/wwwroot/My_CodeIgniter/application/config/twig.php
DEBUG - 2017-10-15 13:22:26 --> Total execution time: 0.0315
DEBUG - 2017-10-15 15:00:01 --> UTF-8 Support Enabled
DEBUG - 2017-10-15 15:00:01 --> No URI present. Default controller set.
DEBUG - 2017-10-15 15:00:01 --> Global POST, GET and COOKIE data sanitized
DEBUG - 2017-10-15 15:00:01 --> Config file loaded: /home/data/wwwroot/My_CodeIgniter/application/config/twig.php
DEBUG - 2017-10-15 15:00:01 --> Total execution time: 0.0288
DEBUG - 2017-10-15 17:33:25 --> UTF-8 Support Enabled
DEBUG - 2017-10-15 17:33:25 --> No URI present. Default controller set.
DEBUG - 2017-10-15 17:33:25 --> Global POST, GET and COOKIE data sanitized
DEBUG - 2017-10-15 17:33:25 --> Config file loaded: /home/data/wwwroot/My_CodeIgniter/application/config/twig.php
DEBUG - 2017-10-15 17:33:25 --> Total execution time: 0.0295
DEBUG - 2017-10-15 18:14:31 --> UTF-8 Support Enabled
DEBUG - 2017-10-15 18:14:31 --> Global POST, GET and COOKIE data sanitized
ERROR - 2017-10-15 18:14:31 --> 404 Page Not Found: Robotstxt/index
DEBUG - 2017-10-15 18:14:35 --> UTF-8 Support Enabled
DEBUG - 2017-10-15 18:14:35 --> No URI present. Default controller set.
DEBUG - 2017-10-15 18:14:35 --> Global POST, GET and COOKIE data sanitized
DEBUG - 2017-10-15 18:14:35 --> Config file loaded: /home/data/wwwroot/My_CodeIgniter/application/config/twig.php
DEBUG - 2017-10-15 18:14:35 --> Total execution time: 0.0263
