DEBUG - 2017-09-04 03:08:34 --> UTF-8 Support Enabled
DEBUG - 2017-09-04 03:08:34 --> Global POST, GET and COOKIE data sanitized
ERROR - 2017-09-04 03:08:34 --> 404 Page Not Found: Robotstxt/index
DEBUG - 2017-09-04 03:08:37 --> UTF-8 Support Enabled
DEBUG - 2017-09-04 03:08:37 --> No URI present. Default controller set.
DEBUG - 2017-09-04 03:08:37 --> Global POST, GET and COOKIE data sanitized
DEBUG - 2017-09-04 03:08:37 --> Config file loaded: /home/data/wwwroot/My_CodeIgniter/application/config/twig.php
DEBUG - 2017-09-04 03:08:37 --> Total execution time: 0.0268
DEBUG - 2017-09-04 19:22:04 --> UTF-8 Support Enabled
DEBUG - 2017-09-04 19:22:04 --> No URI present. Default controller set.
DEBUG - 2017-09-04 19:22:04 --> Global POST, GET and COOKIE data sanitized
DEBUG - 2017-09-04 19:22:04 --> Config file loaded: /home/data/wwwroot/My_CodeIgniter/application/config/twig.php
DEBUG - 2017-09-04 19:22:04 --> Total execution time: 0.0739
DEBUG - 2017-09-04 21:06:51 --> UTF-8 Support Enabled
DEBUG - 2017-09-04 21:06:51 --> No URI present. Default controller set.
DEBUG - 2017-09-04 21:06:51 --> Global POST, GET and COOKIE data sanitized
DEBUG - 2017-09-04 21:06:51 --> Config file loaded: /home/data/wwwroot/My_CodeIgniter/application/config/twig.php
DEBUG - 2017-09-04 21:06:51 --> Total execution time: 0.0266
DEBUG - 2017-09-04 22:21:43 --> UTF-8 Support Enabled
DEBUG - 2017-09-04 22:21:43 --> Global POST, GET and COOKIE data sanitized
ERROR - 2017-09-04 22:21:43 --> 404 Page Not Found: Robotstxt/index
DEBUG - 2017-09-04 22:21:47 --> UTF-8 Support Enabled
DEBUG - 2017-09-04 22:21:47 --> No URI present. Default controller set.
DEBUG - 2017-09-04 22:21:47 --> Global POST, GET and COOKIE data sanitized
DEBUG - 2017-09-04 22:21:47 --> Config file loaded: /home/data/wwwroot/My_CodeIgniter/application/config/twig.php
DEBUG - 2017-09-04 22:21:47 --> Total execution time: 0.0321
