DEBUG - 2017-09-01 00:36:34 --> UTF-8 Support Enabled
DEBUG - 2017-09-01 00:36:34 --> No URI present. Default controller set.
DEBUG - 2017-09-01 00:36:34 --> Global POST, GET and COOKIE data sanitized
DEBUG - 2017-09-01 00:36:34 --> Config file loaded: /home/data/wwwroot/My_CodeIgniter/application/config/twig.php
DEBUG - 2017-09-01 00:36:34 --> Total execution time: 0.0417
DEBUG - 2017-09-01 02:01:15 --> UTF-8 Support Enabled
DEBUG - 2017-09-01 02:01:15 --> Global POST, GET and COOKIE data sanitized
ERROR - 2017-09-01 02:01:15 --> 404 Page Not Found: News/html
DEBUG - 2017-09-01 04:21:49 --> UTF-8 Support Enabled
DEBUG - 2017-09-01 04:21:49 --> No URI present. Default controller set.
DEBUG - 2017-09-01 04:21:49 --> Global POST, GET and COOKIE data sanitized
DEBUG - 2017-09-01 04:21:49 --> Config file loaded: /home/data/wwwroot/My_CodeIgniter/application/config/twig.php
DEBUG - 2017-09-01 04:21:49 --> Total execution time: 0.0267
DEBUG - 2017-09-01 04:27:27 --> UTF-8 Support Enabled
DEBUG - 2017-09-01 04:27:27 --> Global POST, GET and COOKIE data sanitized
ERROR - 2017-09-01 04:27:27 --> 404 Page Not Found: Robotstxt/index
DEBUG - 2017-09-01 04:27:28 --> UTF-8 Support Enabled
DEBUG - 2017-09-01 04:27:28 --> No URI present. Default controller set.
DEBUG - 2017-09-01 04:27:28 --> Global POST, GET and COOKIE data sanitized
DEBUG - 2017-09-01 04:27:28 --> Config file loaded: /home/data/wwwroot/My_CodeIgniter/application/config/twig.php
DEBUG - 2017-09-01 04:27:28 --> Total execution time: 0.0254
DEBUG - 2017-09-01 10:13:18 --> UTF-8 Support Enabled
DEBUG - 2017-09-01 10:13:18 --> No URI present. Default controller set.
DEBUG - 2017-09-01 10:13:18 --> Global POST, GET and COOKIE data sanitized
DEBUG - 2017-09-01 10:13:18 --> Config file loaded: /home/data/wwwroot/My_CodeIgniter/application/config/twig.php
DEBUG - 2017-09-01 10:13:18 --> Total execution time: 0.0374
DEBUG - 2017-09-01 10:13:49 --> UTF-8 Support Enabled
DEBUG - 2017-09-01 10:13:50 --> No URI present. Default controller set.
DEBUG - 2017-09-01 10:13:50 --> Global POST, GET and COOKIE data sanitized
DEBUG - 2017-09-01 10:13:50 --> Config file loaded: /home/data/wwwroot/My_CodeIgniter/application/config/twig.php
DEBUG - 2017-09-01 10:13:50 --> Total execution time: 0.0273
DEBUG - 2017-09-01 10:14:22 --> UTF-8 Support Enabled
DEBUG - 2017-09-01 10:14:22 --> Global POST, GET and COOKIE data sanitized
ERROR - 2017-09-01 10:14:22 --> 404 Page Not Found: Robotstxt/index
DEBUG - 2017-09-01 10:51:44 --> UTF-8 Support Enabled
DEBUG - 2017-09-01 10:51:44 --> No URI present. Default controller set.
DEBUG - 2017-09-01 10:51:44 --> Global POST, GET and COOKIE data sanitized
DEBUG - 2017-09-01 10:51:44 --> Config file loaded: /home/data/wwwroot/My_CodeIgniter/application/config/twig.php
DEBUG - 2017-09-01 10:51:44 --> Total execution time: 0.0284
DEBUG - 2017-09-01 16:08:18 --> UTF-8 Support Enabled
DEBUG - 2017-09-01 16:08:18 --> No URI present. Default controller set.
DEBUG - 2017-09-01 16:08:18 --> Global POST, GET and COOKIE data sanitized
DEBUG - 2017-09-01 16:08:18 --> Config file loaded: /home/data/wwwroot/My_CodeIgniter/application/config/twig.php
DEBUG - 2017-09-01 16:08:18 --> Total execution time: 0.0270
DEBUG - 2017-09-01 19:05:20 --> UTF-8 Support Enabled
DEBUG - 2017-09-01 19:05:20 --> No URI present. Default controller set.
DEBUG - 2017-09-01 19:05:20 --> Global POST, GET and COOKIE data sanitized
DEBUG - 2017-09-01 19:05:20 --> Config file loaded: /home/data/wwwroot/My_CodeIgniter/application/config/twig.php
DEBUG - 2017-09-01 19:05:20 --> Total execution time: 0.0287
DEBUG - 2017-09-01 21:49:13 --> UTF-8 Support Enabled
DEBUG - 2017-09-01 21:49:13 --> Global POST, GET and COOKIE data sanitized
ERROR - 2017-09-01 21:49:13 --> 404 Page Not Found: News/html
