DEBUG - 2017-08-25 00:09:50 --> UTF-8 Support Enabled
DEBUG - 2017-08-25 00:09:50 --> Global POST, GET and COOKIE data sanitized
ERROR - 2017-08-25 00:09:50 --> 404 Page Not Found: Robotstxt/index
DEBUG - 2017-08-25 00:09:54 --> UTF-8 Support Enabled
DEBUG - 2017-08-25 00:09:54 --> No URI present. Default controller set.
DEBUG - 2017-08-25 00:09:54 --> Global POST, GET and COOKIE data sanitized
DEBUG - 2017-08-25 00:09:54 --> Config file loaded: /home/data/wwwroot/My_CodeIgniter/application/config/twig.php
DEBUG - 2017-08-25 00:09:54 --> Total execution time: 0.0281
DEBUG - 2017-08-25 01:41:11 --> UTF-8 Support Enabled
DEBUG - 2017-08-25 01:41:11 --> Global POST, GET and COOKIE data sanitized
ERROR - 2017-08-25 01:41:11 --> 404 Page Not Found: Dumptgz/index
DEBUG - 2017-08-25 03:45:06 --> UTF-8 Support Enabled
DEBUG - 2017-08-25 03:45:06 --> Global POST, GET and COOKIE data sanitized
ERROR - 2017-08-25 03:45:06 --> 404 Page Not Found: Dbtar/index
DEBUG - 2017-08-25 05:45:26 --> UTF-8 Support Enabled
DEBUG - 2017-08-25 05:45:26 --> Global POST, GET and COOKIE data sanitized
ERROR - 2017-08-25 05:45:26 --> 404 Page Not Found: Dumpgz/index
DEBUG - 2017-08-25 07:26:39 --> UTF-8 Support Enabled
DEBUG - 2017-08-25 07:26:39 --> Global POST, GET and COOKIE data sanitized
ERROR - 2017-08-25 07:26:39 --> 404 Page Not Found: Dbsqlzip/index
DEBUG - 2017-08-25 07:53:04 --> UTF-8 Support Enabled
DEBUG - 2017-08-25 07:53:04 --> No URI present. Default controller set.
DEBUG - 2017-08-25 07:53:04 --> Global POST, GET and COOKIE data sanitized
DEBUG - 2017-08-25 07:53:04 --> Config file loaded: /home/data/wwwroot/My_CodeIgniter/application/config/twig.php
DEBUG - 2017-08-25 07:53:05 --> Total execution time: 0.0302
DEBUG - 2017-08-25 09:29:24 --> UTF-8 Support Enabled
DEBUG - 2017-08-25 09:29:24 --> Global POST, GET and COOKIE data sanitized
ERROR - 2017-08-25 09:29:24 --> 404 Page Not Found: Sqlzip/index
DEBUG - 2017-08-25 11:29:02 --> UTF-8 Support Enabled
DEBUG - 2017-08-25 11:29:02 --> Global POST, GET and COOKIE data sanitized
ERROR - 2017-08-25 11:29:02 --> 404 Page Not Found: Dumpzip/index
DEBUG - 2017-08-25 13:22:11 --> UTF-8 Support Enabled
DEBUG - 2017-08-25 13:22:11 --> Global POST, GET and COOKIE data sanitized
ERROR - 2017-08-25 13:22:11 --> 404 Page Not Found: 1sql/index
DEBUG - 2017-08-25 14:35:40 --> UTF-8 Support Enabled
DEBUG - 2017-08-25 14:35:40 --> Global POST, GET and COOKIE data sanitized
ERROR - 2017-08-25 14:35:40 --> 404 Page Not Found: Robotstxt/index
DEBUG - 2017-08-25 14:35:50 --> UTF-8 Support Enabled
DEBUG - 2017-08-25 14:35:50 --> No URI present. Default controller set.
DEBUG - 2017-08-25 14:35:50 --> Global POST, GET and COOKIE data sanitized
DEBUG - 2017-08-25 14:35:50 --> Config file loaded: /home/data/wwwroot/My_CodeIgniter/application/config/twig.php
DEBUG - 2017-08-25 14:35:50 --> Total execution time: 0.0278
DEBUG - 2017-08-25 14:44:08 --> UTF-8 Support Enabled
DEBUG - 2017-08-25 14:44:08 --> Global POST, GET and COOKIE data sanitized
ERROR - 2017-08-25 14:44:08 --> 404 Page Not Found: Robotstxt/index
DEBUG - 2017-08-25 15:50:26 --> UTF-8 Support Enabled
DEBUG - 2017-08-25 15:50:26 --> Global POST, GET and COOKIE data sanitized
ERROR - 2017-08-25 15:50:26 --> 404 Page Not Found: Sqltargz/index
DEBUG - 2017-08-25 16:23:58 --> UTF-8 Support Enabled
DEBUG - 2017-08-25 16:23:58 --> No URI present. Default controller set.
DEBUG - 2017-08-25 16:23:58 --> Global POST, GET and COOKIE data sanitized
DEBUG - 2017-08-25 16:23:58 --> Config file loaded: /home/data/wwwroot/My_CodeIgniter/application/config/twig.php
DEBUG - 2017-08-25 16:23:58 --> Total execution time: 0.0619
DEBUG - 2017-08-25 16:39:40 --> UTF-8 Support Enabled
DEBUG - 2017-08-25 16:39:40 --> No URI present. Default controller set.
DEBUG - 2017-08-25 16:39:40 --> Global POST, GET and COOKIE data sanitized
DEBUG - 2017-08-25 16:39:40 --> Config file loaded: /home/data/wwwroot/My_CodeIgniter/application/config/twig.php
DEBUG - 2017-08-25 16:39:40 --> Total execution time: 0.0294
DEBUG - 2017-08-25 22:18:44 --> UTF-8 Support Enabled
DEBUG - 2017-08-25 22:18:44 --> Global POST, GET and COOKIE data sanitized
ERROR - 2017-08-25 22:18:44 --> 404 Page Not Found: Robotstxt/index
DEBUG - 2017-08-25 22:18:48 --> UTF-8 Support Enabled
DEBUG - 2017-08-25 22:18:48 --> No URI present. Default controller set.
DEBUG - 2017-08-25 22:18:48 --> Global POST, GET and COOKIE data sanitized
DEBUG - 2017-08-25 22:18:48 --> Config file loaded: /home/data/wwwroot/My_CodeIgniter/application/config/twig.php
DEBUG - 2017-08-25 22:18:48 --> Total execution time: 0.0287
