DEBUG - 2017-09-11 03:57:39 --> UTF-8 Support Enabled
DEBUG - 2017-09-11 03:57:39 --> No URI present. Default controller set.
DEBUG - 2017-09-11 03:57:39 --> Global POST, GET and COOKIE data sanitized
DEBUG - 2017-09-11 03:57:39 --> Config file loaded: /home/data/wwwroot/My_CodeIgniter/application/config/twig.php
DEBUG - 2017-09-11 03:57:39 --> Total execution time: 0.0290
DEBUG - 2017-09-11 22:32:32 --> UTF-8 Support Enabled
DEBUG - 2017-09-11 22:32:32 --> No URI present. Default controller set.
DEBUG - 2017-09-11 22:32:32 --> Global POST, GET and COOKIE data sanitized
DEBUG - 2017-09-11 22:32:32 --> Config file loaded: /home/data/wwwroot/My_CodeIgniter/application/config/twig.php
DEBUG - 2017-09-11 22:32:32 --> Total execution time: 0.0269
DEBUG - 2017-09-11 22:32:32 --> UTF-8 Support Enabled
DEBUG - 2017-09-11 22:32:32 --> Global POST, GET and COOKIE data sanitized
ERROR - 2017-09-11 22:32:32 --> 404 Page Not Found: Faviconico/index
DEBUG - 2017-09-11 22:32:32 --> UTF-8 Support Enabled
DEBUG - 2017-09-11 22:32:32 --> Global POST, GET and COOKIE data sanitized
ERROR - 2017-09-11 22:32:32 --> 404 Page Not Found: Faviconico/index
DEBUG - 2017-09-11 23:13:30 --> UTF-8 Support Enabled
DEBUG - 2017-09-11 23:13:30 --> No URI present. Default controller set.
DEBUG - 2017-09-11 23:13:30 --> Global POST, GET and COOKIE data sanitized
DEBUG - 2017-09-11 23:13:30 --> Config file loaded: /home/data/wwwroot/My_CodeIgniter/application/config/twig.php
DEBUG - 2017-09-11 23:13:30 --> Total execution time: 0.0268
