DEBUG - 2017-10-16 14:28:22 --> UTF-8 Support Enabled
DEBUG - 2017-10-16 14:28:22 --> No URI present. Default controller set.
DEBUG - 2017-10-16 14:28:22 --> Global POST, GET and COOKIE data sanitized
DEBUG - 2017-10-16 14:28:22 --> Config file loaded: /home/data/wwwroot/My_CodeIgniter/application/config/twig.php
DEBUG - 2017-10-16 14:28:22 --> Total execution time: 0.2868
DEBUG - 2017-10-16 17:19:43 --> UTF-8 Support Enabled
DEBUG - 2017-10-16 17:19:43 --> No URI present. Default controller set.
DEBUG - 2017-10-16 17:19:43 --> Global POST, GET and COOKIE data sanitized
DEBUG - 2017-10-16 17:19:43 --> Config file loaded: /home/data/wwwroot/My_CodeIgniter/application/config/twig.php
DEBUG - 2017-10-16 17:19:43 --> Total execution time: 0.0300
DEBUG - 2017-10-16 17:19:44 --> UTF-8 Support Enabled
DEBUG - 2017-10-16 17:19:44 --> Global POST, GET and COOKIE data sanitized
ERROR - 2017-10-16 17:19:44 --> 404 Page Not Found: Faviconico/index
DEBUG - 2017-10-16 20:27:46 --> UTF-8 Support Enabled
DEBUG - 2017-10-16 20:27:46 --> No URI present. Default controller set.
DEBUG - 2017-10-16 20:27:46 --> Global POST, GET and COOKIE data sanitized
DEBUG - 2017-10-16 20:27:46 --> Config file loaded: /home/data/wwwroot/My_CodeIgniter/application/config/twig.php
DEBUG - 2017-10-16 20:27:46 --> Total execution time: 0.0309
DEBUG - 2017-10-16 20:36:25 --> UTF-8 Support Enabled
DEBUG - 2017-10-16 20:36:25 --> No URI present. Default controller set.
DEBUG - 2017-10-16 20:36:25 --> Global POST, GET and COOKIE data sanitized
DEBUG - 2017-10-16 20:36:25 --> Config file loaded: /home/data/wwwroot/My_CodeIgniter/application/config/twig.php
DEBUG - 2017-10-16 20:36:25 --> Total execution time: 0.0275
DEBUG - 2017-10-16 21:05:04 --> UTF-8 Support Enabled
DEBUG - 2017-10-16 21:05:04 --> Global POST, GET and COOKIE data sanitized
ERROR - 2017-10-16 21:05:04 --> 404 Page Not Found: Robotstxt/index
DEBUG - 2017-10-16 21:14:05 --> UTF-8 Support Enabled
DEBUG - 2017-10-16 21:14:05 --> No URI present. Default controller set.
DEBUG - 2017-10-16 21:14:05 --> Global POST, GET and COOKIE data sanitized
DEBUG - 2017-10-16 21:14:05 --> Config file loaded: /home/data/wwwroot/My_CodeIgniter/application/config/twig.php
DEBUG - 2017-10-16 21:14:05 --> Total execution time: 0.0303
