DEBUG - 2017-10-09 01:49:15 --> UTF-8 Support Enabled
DEBUG - 2017-10-09 01:49:15 --> Global POST, GET and COOKIE data sanitized
ERROR - 2017-10-09 01:49:15 --> 404 Page Not Found: Robotstxt/index
DEBUG - 2017-10-09 01:49:18 --> UTF-8 Support Enabled
DEBUG - 2017-10-09 01:49:18 --> No URI present. Default controller set.
DEBUG - 2017-10-09 01:49:18 --> Global POST, GET and COOKIE data sanitized
DEBUG - 2017-10-09 01:49:18 --> Config file loaded: /home/data/wwwroot/My_CodeIgniter/application/config/twig.php
DEBUG - 2017-10-09 01:49:18 --> Total execution time: 0.0278
DEBUG - 2017-10-09 03:29:34 --> UTF-8 Support Enabled
DEBUG - 2017-10-09 03:29:34 --> No URI present. Default controller set.
DEBUG - 2017-10-09 03:29:34 --> Global POST, GET and COOKIE data sanitized
DEBUG - 2017-10-09 03:29:34 --> Config file loaded: /home/data/wwwroot/My_CodeIgniter/application/config/twig.php
DEBUG - 2017-10-09 03:29:34 --> Total execution time: 0.0278
DEBUG - 2017-10-09 14:21:46 --> UTF-8 Support Enabled
DEBUG - 2017-10-09 14:21:46 --> No URI present. Default controller set.
DEBUG - 2017-10-09 14:21:46 --> Global POST, GET and COOKIE data sanitized
DEBUG - 2017-10-09 14:21:46 --> Config file loaded: /home/data/wwwroot/My_CodeIgniter/application/config/twig.php
DEBUG - 2017-10-09 14:21:46 --> Total execution time: 0.0281
DEBUG - 2017-10-09 15:20:47 --> UTF-8 Support Enabled
DEBUG - 2017-10-09 15:20:47 --> No URI present. Default controller set.
DEBUG - 2017-10-09 15:20:47 --> Global POST, GET and COOKIE data sanitized
DEBUG - 2017-10-09 15:20:47 --> Config file loaded: /home/data/wwwroot/My_CodeIgniter/application/config/twig.php
DEBUG - 2017-10-09 15:20:47 --> Total execution time: 0.0345
DEBUG - 2017-10-09 17:13:53 --> UTF-8 Support Enabled
DEBUG - 2017-10-09 17:13:53 --> No URI present. Default controller set.
DEBUG - 2017-10-09 17:13:53 --> Global POST, GET and COOKIE data sanitized
DEBUG - 2017-10-09 17:13:53 --> Config file loaded: /home/data/wwwroot/My_CodeIgniter/application/config/twig.php
DEBUG - 2017-10-09 17:13:53 --> Total execution time: 0.0269
DEBUG - 2017-10-09 19:40:09 --> UTF-8 Support Enabled
DEBUG - 2017-10-09 19:40:09 --> No URI present. Default controller set.
DEBUG - 2017-10-09 19:40:09 --> Global POST, GET and COOKIE data sanitized
DEBUG - 2017-10-09 19:40:09 --> Config file loaded: /home/data/wwwroot/My_CodeIgniter/application/config/twig.php
DEBUG - 2017-10-09 19:40:09 --> Total execution time: 0.2907
