INFO - 2017-07-20 10:33:12 --> Config Class Initialized
INFO - 2017-07-20 10:33:12 --> Hooks Class Initialized
DEBUG - 2017-07-20 10:33:12 --> UTF-8 Support Enabled
INFO - 2017-07-20 10:33:12 --> Utf8 Class Initialized
INFO - 2017-07-20 10:33:12 --> URI Class Initialized
DEBUG - 2017-07-20 10:33:12 --> No URI present. Default controller set.
INFO - 2017-07-20 10:33:12 --> Router Class Initialized
INFO - 2017-07-20 10:33:12 --> Output Class Initialized
INFO - 2017-07-20 10:33:12 --> Security Class Initialized
DEBUG - 2017-07-20 10:33:12 --> Global POST, GET and COOKIE data sanitized
INFO - 2017-07-20 10:33:12 --> Input Class Initialized
INFO - 2017-07-20 10:33:12 --> Language Class Initialized
INFO - 2017-07-20 10:33:12 --> Loader Class Initialized
INFO - 2017-07-20 10:33:12 --> Helper loaded: url_helper
INFO - 2017-07-20 10:33:12 --> Helper loaded: functions_helper
INFO - 2017-07-20 10:33:12 --> Session: Class initialized using 'files' driver.
INFO - 2017-07-20 10:33:12 --> User Agent Class Initialized
INFO - 2017-07-20 10:33:12 --> Controller Class Initialized
INFO - 2017-07-20 10:33:12 --> Database Driver Class Initialized
ERROR - 2017-07-20 10:33:12 --> Severity: Warning --> mysqli::real_connect(): (HY000/1045): Access denied for user ''@'localhost' (using password: NO) /home/data/wwwroot/My_CodeIgniter/system/database/drivers/mysqli/mysqli_driver.php 201
ERROR - 2017-07-20 10:33:12 --> Unable to connect to the database
INFO - 2017-07-20 10:33:12 --> Language file loaded: language/english/db_lang.php
DEBUG - 2017-07-20 10:33:43 --> UTF-8 Support Enabled
DEBUG - 2017-07-20 10:33:43 --> No URI present. Default controller set.
DEBUG - 2017-07-20 10:33:43 --> Global POST, GET and COOKIE data sanitized
ERROR - 2017-07-20 10:33:43 --> Severity: Warning --> mysqli::real_connect(): (HY000/1045): Access denied for user ''@'localhost' (using password: NO) /home/data/wwwroot/My_CodeIgniter/system/database/drivers/mysqli/mysqli_driver.php 201
ERROR - 2017-07-20 10:33:43 --> Unable to connect to the database
DEBUG - 2017-07-20 10:34:16 --> UTF-8 Support Enabled
DEBUG - 2017-07-20 10:34:16 --> No URI present. Default controller set.
DEBUG - 2017-07-20 10:34:16 --> Global POST, GET and COOKIE data sanitized
ERROR - 2017-07-20 10:34:16 --> Severity: Warning --> mysqli::real_connect(): (HY000/1045): Access denied for user ''@'localhost' (using password: NO) /home/data/wwwroot/My_CodeIgniter/system/database/drivers/mysqli/mysqli_driver.php 201
ERROR - 2017-07-20 10:34:16 --> Unable to connect to the database
DEBUG - 2017-07-20 10:34:45 --> UTF-8 Support Enabled
DEBUG - 2017-07-20 10:34:45 --> No URI present. Default controller set.
DEBUG - 2017-07-20 10:34:45 --> Global POST, GET and COOKIE data sanitized
ERROR - 2017-07-20 10:34:45 --> Severity: Warning --> mysqli::real_connect(): (HY000/1045): Access denied for user ''@'localhost' (using password: NO) /home/data/wwwroot/My_CodeIgniter/system/database/drivers/mysqli/mysqli_driver.php 201
ERROR - 2017-07-20 10:34:45 --> Unable to connect to the database
DEBUG - 2017-07-20 10:35:12 --> UTF-8 Support Enabled
DEBUG - 2017-07-20 10:35:12 --> No URI present. Default controller set.
DEBUG - 2017-07-20 10:35:12 --> Global POST, GET and COOKIE data sanitized
ERROR - 2017-07-20 10:35:12 --> Severity: Warning --> mysqli::real_connect(): (HY000/1045): Access denied for user ''@'localhost' (using password: NO) /home/data/wwwroot/My_CodeIgniter/system/database/drivers/mysqli/mysqli_driver.php 201
ERROR - 2017-07-20 10:35:12 --> Unable to connect to the database
DEBUG - 2017-07-20 10:35:15 --> UTF-8 Support Enabled
DEBUG - 2017-07-20 10:35:15 --> No URI present. Default controller set.
DEBUG - 2017-07-20 10:35:15 --> Global POST, GET and COOKIE data sanitized
ERROR - 2017-07-20 10:35:15 --> Severity: Notice --> Undefined property: Welcome::$agent /home/data/wwwroot/My_CodeIgniter/application/core/My_Controller.php 33
ERROR - 2017-07-20 10:35:15 --> Severity: Notice --> Trying to get property of non-object /home/data/wwwroot/My_CodeIgniter/application/core/My_Controller.php 33
DEBUG - 2017-07-20 10:35:15 --> Total execution time: 0.0359
DEBUG - 2017-07-20 10:35:51 --> UTF-8 Support Enabled
DEBUG - 2017-07-20 10:35:51 --> No URI present. Default controller set.
DEBUG - 2017-07-20 10:35:51 --> Global POST, GET and COOKIE data sanitized
ERROR - 2017-07-20 10:35:51 --> Severity: Notice --> Undefined property: Welcome::$agent /home/data/wwwroot/My_CodeIgniter/application/core/My_Controller.php 35
ERROR - 2017-07-20 10:35:51 --> Severity: Notice --> Trying to get property of non-object /home/data/wwwroot/My_CodeIgniter/application/core/My_Controller.php 35
DEBUG - 2017-07-20 10:35:51 --> Total execution time: 0.0388
DEBUG - 2017-07-20 10:35:53 --> UTF-8 Support Enabled
DEBUG - 2017-07-20 10:35:53 --> No URI present. Default controller set.
DEBUG - 2017-07-20 10:35:53 --> Global POST, GET and COOKIE data sanitized
ERROR - 2017-07-20 10:35:53 --> Severity: Notice --> Undefined property: Welcome::$agent /home/data/wwwroot/My_CodeIgniter/application/core/My_Controller.php 35
ERROR - 2017-07-20 10:35:53 --> Severity: Notice --> Trying to get property of non-object /home/data/wwwroot/My_CodeIgniter/application/core/My_Controller.php 35
DEBUG - 2017-07-20 10:35:53 --> Total execution time: 0.0379
DEBUG - 2017-07-20 10:36:04 --> UTF-8 Support Enabled
DEBUG - 2017-07-20 10:36:04 --> No URI present. Default controller set.
DEBUG - 2017-07-20 10:36:04 --> Global POST, GET and COOKIE data sanitized
DEBUG - 2017-07-20 10:36:04 --> Total execution time: 0.0349
DEBUG - 2017-07-20 10:36:08 --> UTF-8 Support Enabled
DEBUG - 2017-07-20 10:36:08 --> No URI present. Default controller set.
DEBUG - 2017-07-20 10:36:08 --> Global POST, GET and COOKIE data sanitized
DEBUG - 2017-07-20 10:36:08 --> Total execution time: 0.0406
DEBUG - 2017-07-20 10:36:31 --> UTF-8 Support Enabled
DEBUG - 2017-07-20 10:36:31 --> No URI present. Default controller set.
DEBUG - 2017-07-20 10:36:31 --> Global POST, GET and COOKIE data sanitized
ERROR - 2017-07-20 10:36:31 --> Severity: error --> Exception: Call to undefined method CI_Cache::set() /home/data/wwwroot/My_CodeIgniter/application/controllers/Welcome.php 10
DEBUG - 2017-07-20 10:36:35 --> UTF-8 Support Enabled
DEBUG - 2017-07-20 10:36:35 --> No URI present. Default controller set.
DEBUG - 2017-07-20 10:36:35 --> Global POST, GET and COOKIE data sanitized
ERROR - 2017-07-20 10:36:35 --> Severity: error --> Exception: Call to undefined method CI_Cache::set() /home/data/wwwroot/My_CodeIgniter/application/controllers/Welcome.php 10
DEBUG - 2017-07-20 10:37:31 --> UTF-8 Support Enabled
DEBUG - 2017-07-20 10:37:31 --> No URI present. Default controller set.
DEBUG - 2017-07-20 10:37:31 --> Global POST, GET and COOKIE data sanitized
ERROR - 2017-07-20 10:37:31 --> Severity: error --> Exception: Call to undefined method CI_Cache::set() /home/data/wwwroot/My_CodeIgniter/application/controllers/Welcome.php 14
DEBUG - 2017-07-20 10:37:34 --> UTF-8 Support Enabled
DEBUG - 2017-07-20 10:37:34 --> No URI present. Default controller set.
DEBUG - 2017-07-20 10:37:34 --> Global POST, GET and COOKIE data sanitized
ERROR - 2017-07-20 10:37:34 --> Severity: error --> Exception: Call to undefined method CI_Cache::set() /home/data/wwwroot/My_CodeIgniter/application/controllers/Welcome.php 14
DEBUG - 2017-07-20 10:37:40 --> UTF-8 Support Enabled
DEBUG - 2017-07-20 10:37:40 --> No URI present. Default controller set.
DEBUG - 2017-07-20 10:37:40 --> Global POST, GET and COOKIE data sanitized
DEBUG - 2017-07-20 10:37:40 --> Total execution time: 0.0384
DEBUG - 2017-07-20 10:38:22 --> UTF-8 Support Enabled
DEBUG - 2017-07-20 10:38:22 --> No URI present. Default controller set.
DEBUG - 2017-07-20 10:38:22 --> Global POST, GET and COOKIE data sanitized
DEBUG - 2017-07-20 10:43:27 --> UTF-8 Support Enabled
DEBUG - 2017-07-20 10:43:27 --> No URI present. Default controller set.
DEBUG - 2017-07-20 10:43:27 --> Global POST, GET and COOKIE data sanitized
DEBUG - 2017-07-20 10:43:27 --> Total execution time: 0.0369
DEBUG - 2017-07-20 10:43:29 --> UTF-8 Support Enabled
DEBUG - 2017-07-20 10:43:29 --> No URI present. Default controller set.
DEBUG - 2017-07-20 10:43:29 --> Global POST, GET and COOKIE data sanitized
DEBUG - 2017-07-20 10:43:29 --> Total execution time: 0.0404
DEBUG - 2017-07-20 10:44:14 --> UTF-8 Support Enabled
DEBUG - 2017-07-20 10:44:14 --> No URI present. Default controller set.
DEBUG - 2017-07-20 10:44:14 --> Global POST, GET and COOKIE data sanitized
DEBUG - 2017-07-20 10:45:07 --> UTF-8 Support Enabled
DEBUG - 2017-07-20 10:45:07 --> No URI present. Default controller set.
DEBUG - 2017-07-20 10:45:07 --> Global POST, GET and COOKIE data sanitized
DEBUG - 2017-07-20 10:45:07 --> Total execution time: 0.0374
DEBUG - 2017-07-20 10:47:35 --> UTF-8 Support Enabled
DEBUG - 2017-07-20 10:47:35 --> No URI present. Default controller set.
DEBUG - 2017-07-20 10:47:35 --> Global POST, GET and COOKIE data sanitized
DEBUG - 2017-07-20 10:47:35 --> Total execution time: 0.0366
DEBUG - 2017-07-20 22:49:17 --> UTF-8 Support Enabled
DEBUG - 2017-07-20 22:49:17 --> Global POST, GET and COOKIE data sanitized
ERROR - 2017-07-20 22:49:17 --> 404 Page Not Found: Phpmyadmin/index
DEBUG - 2017-07-20 22:49:18 --> UTF-8 Support Enabled
DEBUG - 2017-07-20 22:49:18 --> Global POST, GET and COOKIE data sanitized
ERROR - 2017-07-20 22:49:18 --> 404 Page Not Found: PhpMyAdmin/index
DEBUG - 2017-07-20 22:49:19 --> UTF-8 Support Enabled
DEBUG - 2017-07-20 22:49:19 --> Global POST, GET and COOKIE data sanitized
ERROR - 2017-07-20 22:49:19 --> 404 Page Not Found: Pma/index
DEBUG - 2017-07-20 22:49:19 --> UTF-8 Support Enabled
DEBUG - 2017-07-20 22:49:19 --> Global POST, GET and COOKIE data sanitized
ERROR - 2017-07-20 22:49:19 --> 404 Page Not Found: Myadmin/index
DEBUG - 2017-07-20 22:49:20 --> UTF-8 Support Enabled
DEBUG - 2017-07-20 22:49:20 --> Global POST, GET and COOKIE data sanitized
ERROR - 2017-07-20 22:49:20 --> 404 Page Not Found: Sql/index
